<?xml version="1.0" encoding="UTF-8"?>
<coverage generated="1671034632421" clover="3.2.0">
  <project timestamp="1671034632421" name="All files">
    <metrics statements="112" coveredstatements="102" conditionals="27" coveredconditionals="14" methods="17" coveredmethods="11" elements="156" coveredelements="127" complexity="0" loc="112" ncloc="112" packages="6" files="13" classes="13"/>
    <package name="src">
      <metrics statements="0" coveredstatements="0" conditionals="0" coveredconditionals="0" methods="0" coveredmethods="0"/>
      <file name="client.js" path="C:\Users\MrKra\Documents\GitHub\IbaAssignments\Projects\KoldFestival\KoldFestivalGruppe1\src\client.js">
        <metrics statements="0" coveredstatements="0" conditionals="0" coveredconditionals="0" methods="0" coveredmethods="0"/>
      </file>
    </package>
    <package name="src.assets.images.affaldsikoner">
      <metrics statements="5" coveredstatements="5" conditionals="0" coveredconditionals="0" methods="0" coveredmethods="0"/>
      <file name="glas.png" path="C:\Users\MrKra\Documents\GitHub\IbaAssignments\Projects\KoldFestival\KoldFestivalGruppe1\src\assets\images\affaldsikoner\glas.png">
        <metrics statements="1" coveredstatements="1" conditionals="0" coveredconditionals="0" methods="0" coveredmethods="0"/>
        <line num="1" count="1" type="stmt"/>
      </file>
      <file name="madaffald.png" path="C:\Users\MrKra\Documents\GitHub\IbaAssignments\Projects\KoldFestival\KoldFestivalGruppe1\src\assets\images\affaldsikoner\madaffald.png">
        <metrics statements="1" coveredstatements="1" conditionals="0" coveredconditionals="0" methods="0" coveredmethods="0"/>
        <line num="1" count="1" type="stmt"/>
      </file>
      <file name="metal.png" path="C:\Users\MrKra\Documents\GitHub\IbaAssignments\Projects\KoldFestival\KoldFestivalGruppe1\src\assets\images\affaldsikoner\metal.png">
        <metrics statements="1" coveredstatements="1" conditionals="0" coveredconditionals="0" methods="0" coveredmethods="0"/>
        <line num="1" count="1" type="stmt"/>
      </file>
      <file name="plast.png" path="C:\Users\MrKra\Documents\GitHub\IbaAssignments\Projects\KoldFestival\KoldFestivalGruppe1\src\assets\images\affaldsikoner\plast.png">
        <metrics statements="1" coveredstatements="1" conditionals="0" coveredconditionals="0" methods="0" coveredmethods="0"/>
        <line num="1" count="1" type="stmt"/>
      </file>
      <file name="restaffald.png" path="C:\Users\MrKra\Documents\GitHub\IbaAssignments\Projects\KoldFestival\KoldFestivalGruppe1\src\assets\images\affaldsikoner\restaffald.png">
        <metrics statements="1" coveredstatements="1" conditionals="0" coveredconditionals="0" methods="0" coveredmethods="0"/>
        <line num="1" count="1" type="stmt"/>
      </file>
    </package>
    <package name="src.assets.images.hands">
      <metrics statements="2" coveredstatements="2" conditionals="0" coveredconditionals="0" methods="0" coveredmethods="0"/>
      <file name="orangehands.png" path="C:\Users\MrKra\Documents\GitHub\IbaAssignments\Projects\KoldFestival\KoldFestivalGruppe1\src\assets\images\hands\orangehands.png">
        <metrics statements="1" coveredstatements="1" conditionals="0" coveredconditionals="0" methods="0" coveredmethods="0"/>
        <line num="1" count="1" type="stmt"/>
      </file>
      <file name="orangehandsweb.png" path="C:\Users\MrKra\Documents\GitHub\IbaAssignments\Projects\KoldFestival\KoldFestivalGruppe1\src\assets\images\hands\orangehandsweb.png">
        <metrics statements="1" coveredstatements="1" conditionals="0" coveredconditionals="0" methods="0" coveredmethods="0"/>
        <line num="1" count="1" type="stmt"/>
      </file>
    </package>
    <package name="src.components.Info">
      <metrics statements="45" coveredstatements="42" conditionals="10" coveredconditionals="5" methods="8" coveredmethods="5"/>
      <file name="FaqItem.vue" path="C:\Users\MrKra\Documents\GitHub\IbaAssignments\Projects\KoldFestival\KoldFestivalGruppe1\src\components\Info\FaqItem.vue">
        <metrics statements="17" coveredstatements="14" conditionals="8" coveredconditionals="4" methods="6" coveredmethods="3"/>
        <line num="4" count="1" type="stmt"/>
        <line num="7" count="1" type="stmt"/>
        <line num="8" count="1" type="stmt"/>
        <line num="14" count="2" type="stmt"/>
        <line num="20" count="0" type="stmt"/>
        <line num="25" count="2" type="stmt"/>
        <line num="33" count="1" type="stmt"/>
        <line num="35" count="1" type="stmt"/>
        <line num="38" count="1" type="stmt"/>
        <line num="39" count="1" type="stmt"/>
        <line num="40" count="1" type="stmt"/>
        <line num="43" count="1" type="stmt"/>
        <line num="47" count="1" type="stmt"/>
        <line num="52" count="2" type="stmt"/>
        <line num="56" count="0" type="cond" truecount="0" falsecount="2"/>
        <line num="61" count="0" type="cond" truecount="0" falsecount="2"/>
        <line num="66" count="1" type="stmt"/>
      </file>
      <file name="infoItem.vue" path="C:\Users\MrKra\Documents\GitHub\IbaAssignments\Projects\KoldFestival\KoldFestivalGruppe1\src\components\Info\infoItem.vue">
        <metrics statements="10" coveredstatements="10" conditionals="0" coveredconditionals="0" methods="1" coveredmethods="1"/>
        <line num="4" count="1" type="stmt"/>
        <line num="7" count="1" type="stmt"/>
        <line num="8" count="1" type="stmt"/>
        <line num="16" count="1" type="stmt"/>
        <line num="18" count="1" type="stmt"/>
        <line num="21" count="1" type="stmt"/>
        <line num="22" count="1" type="stmt"/>
        <line num="23" count="1" type="stmt"/>
        <line num="27" count="1" type="stmt"/>
        <line num="28" count="1" type="stmt"/>
      </file>
      <file name="sustainItem.vue" path="C:\Users\MrKra\Documents\GitHub\IbaAssignments\Projects\KoldFestival\KoldFestivalGruppe1\src\components\Info\sustainItem.vue">
        <metrics statements="18" coveredstatements="18" conditionals="2" coveredconditionals="1" methods="1" coveredmethods="1"/>
        <line num="4" count="1" type="stmt"/>
        <line num="7" count="1" type="stmt"/>
        <line num="8" count="1" type="stmt"/>
        <line num="18" count="1" type="stmt"/>
        <line num="20" count="1" type="stmt"/>
        <line num="21" count="1" type="stmt"/>
        <line num="24" count="1" type="stmt"/>
        <line num="25" count="1" type="stmt"/>
        <line num="26" count="1" type="stmt"/>
        <line num="27" count="1" type="stmt"/>
        <line num="28" count="1" type="stmt"/>
        <line num="29" count="1" type="stmt"/>
        <line num="30" count="1" type="stmt"/>
        <line num="31" count="1" type="stmt"/>
        <line num="35" count="1" type="stmt"/>
        <line num="36" count="1" type="stmt"/>
        <line num="40" count="1" type="cond" truecount="1" falsecount="1"/>
        <line num="41" count="1" type="stmt"/>
      </file>
    </package>
    <package name="src.components.Layout">
      <metrics statements="20" coveredstatements="16" conditionals="5" coveredconditionals="1" methods="4" coveredmethods="4"/>
      <file name="SectionHeader.vue" path="C:\Users\MrKra\Documents\GitHub\IbaAssignments\Projects\KoldFestival\KoldFestivalGruppe1\src\components\Layout\SectionHeader.vue">
        <metrics statements="20" coveredstatements="16" conditionals="5" coveredconditionals="1" methods="4" coveredmethods="4"/>
        <line num="4" count="1" type="stmt"/>
        <line num="7" count="1" type="stmt"/>
        <line num="8" count="1" type="stmt"/>
        <line num="17" count="1" type="stmt"/>
        <line num="20" count="1" type="stmt"/>
        <line num="25" count="1" type="cond" truecount="1" falsecount="4"/>
        <line num="27" count="0" type="stmt"/>
        <line num="29" count="0" type="stmt"/>
        <line num="31" count="1" type="stmt"/>
        <line num="33" count="0" type="stmt"/>
        <line num="35" count="0" type="stmt"/>
        <line num="42" count="1" type="stmt"/>
        <line num="44" count="1" type="stmt"/>
        <line num="47" count="1" type="stmt"/>
        <line num="48" count="1" type="stmt"/>
        <line num="49" count="1" type="stmt"/>
        <line num="50" count="1" type="stmt"/>
        <line num="51" count="1" type="stmt"/>
        <line num="55" count="1" type="stmt"/>
        <line num="72" count="1" type="stmt"/>
      </file>
    </package>
    <package name="src.views">
      <metrics statements="40" coveredstatements="37" conditionals="12" coveredconditionals="8" methods="5" coveredmethods="2"/>
      <file name="ProgramOversigt.vue" path="C:\Users\MrKra\Documents\GitHub\IbaAssignments\Projects\KoldFestival\KoldFestivalGruppe1\src\views\ProgramOversigt.vue">
        <metrics statements="40" coveredstatements="37" conditionals="12" coveredconditionals="8" methods="5" coveredmethods="2"/>
        <line num="4" count="1" type="stmt"/>
        <line num="5" count="1" type="stmt"/>
        <line num="8" count="1" type="stmt"/>
        <line num="9" count="1" type="stmt"/>
        <line num="16" count="1" type="stmt"/>
        <line num="142" count="1" type="stmt"/>
        <line num="144" count="1" type="stmt"/>
        <line num="147" count="1" type="stmt"/>
        <line num="148" count="1" type="stmt"/>
        <line num="149" count="1" type="stmt"/>
        <line num="152" count="1" type="stmt"/>
        <line num="155" count="1" type="stmt"/>
        <line num="159" count="1" type="stmt"/>
        <line num="163" count="1" type="stmt"/>
        <line num="166" count="1" type="stmt"/>
        <line num="167" count="1" type="stmt"/>
        <line num="168" count="1" type="stmt"/>
        <line num="171" count="1" type="stmt"/>
        <line num="174" count="1" type="stmt"/>
        <line num="183" count="1" type="stmt"/>
        <line num="186" count="1" type="stmt"/>
        <line num="189" count="1" type="stmt"/>
        <line num="192" count="1" type="stmt"/>
        <line num="195" count="1" type="stmt"/>
        <line num="198" count="1" type="stmt"/>
        <line num="199" count="1" type="stmt"/>
        <line num="200" count="1" type="stmt"/>
        <line num="203" count="1" type="stmt"/>
        <line num="206" count="1" type="stmt"/>
        <line num="215" count="1" type="stmt"/>
        <line num="218" count="1" type="stmt"/>
        <line num="221" count="1" type="stmt"/>
        <line num="224" count="1" type="stmt"/>
        <line num="228" count="2" type="stmt"/>
        <line num="229" count="2" type="stmt"/>
        <line num="236" count="1" type="cond" truecount="2" falsecount="0"/>
        <line num="242" count="0" type="stmt"/>
        <line num="249" count="0" type="cond" truecount="0" falsecount="2"/>
        <line num="254" count="0" type="stmt"/>
        <line num="259" count="1" type="stmt"/>
      </file>
    </package>
  </project>
</coverage>
