<?xml version="1.0" encoding="UTF-8"?>
<coverage generated="1671031127735" clover="3.2.0">
  <project timestamp="1671031127735" name="All files">
    <metrics statements="123" coveredstatements="113" conditionals="27" coveredconditionals="14" methods="18" coveredmethods="12" elements="168" coveredelements="139" complexity="0" loc="123" ncloc="123" packages="5" files="14" classes="14"/>
    <package name="src">
      <metrics statements="0" coveredstatements="0" conditionals="0" coveredconditionals="0" methods="0" coveredmethods="0"/>
      <file name="client.js" path="C:\Users\MrKra\Documents\GitHub\IbaAssignments\Projects\KoldFestival\KoldFestivalGruppe1\src\client.js">
        <metrics statements="0" coveredstatements="0" conditionals="0" coveredconditionals="0" methods="0" coveredmethods="0"/>
      </file>
    </package>
    <package name="src.assets.affaldsikoner">
      <metrics statements="5" coveredstatements="5" conditionals="0" coveredconditionals="0" methods="0" coveredmethods="0"/>
      <file name="glas.png" path="C:\Users\MrKra\Documents\GitHub\IbaAssignments\Projects\KoldFestival\KoldFestivalGruppe1\src\assets\affaldsikoner\glas.png">
        <metrics statements="1" coveredstatements="1" conditionals="0" coveredconditionals="0" methods="0" coveredmethods="0"/>
        <line num="1" count="1" type="stmt"/>
      </file>
      <file name="madaffald.png" path="C:\Users\MrKra\Documents\GitHub\IbaAssignments\Projects\KoldFestival\KoldFestivalGruppe1\src\assets\affaldsikoner\madaffald.png">
        <metrics statements="1" coveredstatements="1" conditionals="0" coveredconditionals="0" methods="0" coveredmethods="0"/>
        <line num="1" count="1" type="stmt"/>
      </file>
      <file name="metal.png" path="C:\Users\MrKra\Documents\GitHub\IbaAssignments\Projects\KoldFestival\KoldFestivalGruppe1\src\assets\affaldsikoner\metal.png">
        <metrics statements="1" coveredstatements="1" conditionals="0" coveredconditionals="0" methods="0" coveredmethods="0"/>
        <line num="1" count="1" type="stmt"/>
      </file>
      <file name="plast.png" path="C:\Users\MrKra\Documents\GitHub\IbaAssignments\Projects\KoldFestival\KoldFestivalGruppe1\src\assets\affaldsikoner\plast.png">
        <metrics statements="1" coveredstatements="1" conditionals="0" coveredconditionals="0" methods="0" coveredmethods="0"/>
        <line num="1" count="1" type="stmt"/>
      </file>
      <file name="restaffald.png" path="C:\Users\MrKra\Documents\GitHub\IbaAssignments\Projects\KoldFestival\KoldFestivalGruppe1\src\assets\affaldsikoner\restaffald.png">
        <metrics statements="1" coveredstatements="1" conditionals="0" coveredconditionals="0" methods="0" coveredmethods="0"/>
        <line num="1" count="1" type="stmt"/>
      </file>
    </package>
    <package name="src.assets.hands">
      <metrics statements="2" coveredstatements="2" conditionals="0" coveredconditionals="0" methods="0" coveredmethods="0"/>
      <file name="orangehands.png" path="C:\Users\MrKra\Documents\GitHub\IbaAssignments\Projects\KoldFestival\KoldFestivalGruppe1\src\assets\hands\orangehands.png">
        <metrics statements="1" coveredstatements="1" conditionals="0" coveredconditionals="0" methods="0" coveredmethods="0"/>
        <line num="1" count="1" type="stmt"/>
      </file>
      <file name="orangehandsweb.png" path="C:\Users\MrKra\Documents\GitHub\IbaAssignments\Projects\KoldFestival\KoldFestivalGruppe1\src\assets\hands\orangehandsweb.png">
        <metrics statements="1" coveredstatements="1" conditionals="0" coveredconditionals="0" methods="0" coveredmethods="0"/>
        <line num="1" count="1" type="stmt"/>
      </file>
    </package>
    <package name="src.components">
      <metrics statements="76" coveredstatements="69" conditionals="15" coveredconditionals="6" methods="13" coveredmethods="10"/>
      <file name="FaqItem.vue" path="C:\Users\MrKra\Documents\GitHub\IbaAssignments\Projects\KoldFestival\KoldFestivalGruppe1\src\components\FaqItem.vue">
        <metrics statements="17" coveredstatements="14" conditionals="8" coveredconditionals="4" methods="6" coveredmethods="3"/>
        <line num="4" count="1" type="stmt"/>
        <line num="7" count="1" type="stmt"/>
        <line num="8" count="1" type="stmt"/>
        <line num="14" count="2" type="stmt"/>
        <line num="20" count="0" type="stmt"/>
        <line num="25" count="2" type="stmt"/>
        <line num="33" count="1" type="stmt"/>
        <line num="35" count="1" type="stmt"/>
        <line num="38" count="1" type="stmt"/>
        <line num="39" count="1" type="stmt"/>
        <line num="40" count="1" type="stmt"/>
        <line num="43" count="1" type="stmt"/>
        <line num="47" count="1" type="stmt"/>
        <line num="52" count="2" type="stmt"/>
        <line num="56" count="0" type="cond" truecount="0" falsecount="2"/>
        <line num="61" count="0" type="cond" truecount="0" falsecount="2"/>
        <line num="66" count="1" type="stmt"/>
      </file>
      <file name="HelloWorld.vue" path="C:\Users\MrKra\Documents\GitHub\IbaAssignments\Projects\KoldFestival\KoldFestivalGruppe1\src\components\HelloWorld.vue">
        <metrics statements="11" coveredstatements="11" conditionals="0" coveredconditionals="0" methods="1" coveredmethods="1"/>
        <line num="4" count="1" type="stmt"/>
        <line num="7" count="1" type="stmt"/>
        <line num="8" count="1" type="stmt"/>
        <line num="16" count="1" type="stmt"/>
        <line num="18" count="1" type="stmt"/>
        <line num="21" count="1" type="stmt"/>
        <line num="22" count="1" type="stmt"/>
        <line num="23" count="1" type="stmt"/>
        <line num="26" count="1" type="stmt"/>
        <line num="28" count="1" type="stmt"/>
        <line num="29" count="1" type="stmt"/>
      </file>
      <file name="SectionHeader.vue" path="C:\Users\MrKra\Documents\GitHub\IbaAssignments\Projects\KoldFestival\KoldFestivalGruppe1\src\components\SectionHeader.vue">
        <metrics statements="20" coveredstatements="16" conditionals="5" coveredconditionals="1" methods="4" coveredmethods="4"/>
        <line num="4" count="1" type="stmt"/>
        <line num="7" count="1" type="stmt"/>
        <line num="8" count="1" type="stmt"/>
        <line num="17" count="1" type="stmt"/>
        <line num="20" count="1" type="stmt"/>
        <line num="25" count="1" type="cond" truecount="1" falsecount="4"/>
        <line num="27" count="0" type="stmt"/>
        <line num="29" count="0" type="stmt"/>
        <line num="31" count="1" type="stmt"/>
        <line num="33" count="0" type="stmt"/>
        <line num="35" count="0" type="stmt"/>
        <line num="42" count="1" type="stmt"/>
        <line num="44" count="1" type="stmt"/>
        <line num="47" count="1" type="stmt"/>
        <line num="48" count="1" type="stmt"/>
        <line num="49" count="1" type="stmt"/>
        <line num="50" count="1" type="stmt"/>
        <line num="51" count="1" type="stmt"/>
        <line num="55" count="1" type="stmt"/>
        <line num="72" count="1" type="stmt"/>
      </file>
      <file name="infoItem.vue" path="C:\Users\MrKra\Documents\GitHub\IbaAssignments\Projects\KoldFestival\KoldFestivalGruppe1\src\components\infoItem.vue">
        <metrics statements="10" coveredstatements="10" conditionals="0" coveredconditionals="0" methods="1" coveredmethods="1"/>
        <line num="4" count="1" type="stmt"/>
        <line num="7" count="1" type="stmt"/>
        <line num="8" count="1" type="stmt"/>
        <line num="16" count="1" type="stmt"/>
        <line num="18" count="1" type="stmt"/>
        <line num="21" count="1" type="stmt"/>
        <line num="22" count="1" type="stmt"/>
        <line num="23" count="1" type="stmt"/>
        <line num="27" count="1" type="stmt"/>
        <line num="28" count="1" type="stmt"/>
      </file>
      <file name="sustainItem.vue" path="C:\Users\MrKra\Documents\GitHub\IbaAssignments\Projects\KoldFestival\KoldFestivalGruppe1\src\components\sustainItem.vue">
        <metrics statements="18" coveredstatements="18" conditionals="2" coveredconditionals="1" methods="1" coveredmethods="1"/>
        <line num="4" count="1" type="stmt"/>
        <line num="7" count="1" type="stmt"/>
        <line num="8" count="1" type="stmt"/>
        <line num="18" count="1" type="stmt"/>
        <line num="20" count="1" type="stmt"/>
        <line num="21" count="1" type="stmt"/>
        <line num="24" count="1" type="stmt"/>
        <line num="25" count="1" type="stmt"/>
        <line num="26" count="1" type="stmt"/>
        <line num="27" count="1" type="stmt"/>
        <line num="28" count="1" type="stmt"/>
        <line num="29" count="1" type="stmt"/>
        <line num="30" count="1" type="stmt"/>
        <line num="31" count="1" type="stmt"/>
        <line num="35" count="1" type="stmt"/>
        <line num="36" count="1" type="stmt"/>
        <line num="40" count="1" type="cond" truecount="1" falsecount="1"/>
        <line num="41" count="1" type="stmt"/>
      </file>
    </package>
    <package name="src.views">
      <metrics statements="40" coveredstatements="37" conditionals="12" coveredconditionals="8" methods="5" coveredmethods="2"/>
      <file name="ProgramOversigt.vue" path="C:\Users\MrKra\Documents\GitHub\IbaAssignments\Projects\KoldFestival\KoldFestivalGruppe1\src\views\ProgramOversigt.vue">
        <metrics statements="40" coveredstatements="37" conditionals="12" coveredconditionals="8" methods="5" coveredmethods="2"/>
        <line num="4" count="1" type="stmt"/>
        <line num="5" count="1" type="stmt"/>
        <line num="8" count="1" type="stmt"/>
        <line num="9" count="1" type="stmt"/>
        <line num="16" count="1" type="stmt"/>
        <line num="140" count="1" type="stmt"/>
        <line num="142" count="1" type="stmt"/>
        <line num="145" count="1" type="stmt"/>
        <line num="146" count="1" type="stmt"/>
        <line num="147" count="1" type="stmt"/>
        <line num="150" count="1" type="stmt"/>
        <line num="153" count="1" type="stmt"/>
        <line num="157" count="1" type="stmt"/>
        <line num="161" count="1" type="stmt"/>
        <line num="164" count="1" type="stmt"/>
        <line num="165" count="1" type="stmt"/>
        <line num="166" count="1" type="stmt"/>
        <line num="169" count="1" type="stmt"/>
        <line num="172" count="1" type="stmt"/>
        <line num="181" count="1" type="stmt"/>
        <line num="184" count="1" type="stmt"/>
        <line num="187" count="1" type="stmt"/>
        <line num="190" count="1" type="stmt"/>
        <line num="193" count="1" type="stmt"/>
        <line num="196" count="1" type="stmt"/>
        <line num="197" count="1" type="stmt"/>
        <line num="198" count="1" type="stmt"/>
        <line num="201" count="1" type="stmt"/>
        <line num="204" count="1" type="stmt"/>
        <line num="213" count="1" type="stmt"/>
        <line num="216" count="1" type="stmt"/>
        <line num="219" count="1" type="stmt"/>
        <line num="222" count="1" type="stmt"/>
        <line num="226" count="2" type="stmt"/>
        <line num="227" count="2" type="stmt"/>
        <line num="234" count="1" type="cond" truecount="2" falsecount="0"/>
        <line num="240" count="0" type="stmt"/>
        <line num="247" count="0" type="cond" truecount="0" falsecount="2"/>
        <line num="252" count="0" type="stmt"/>
        <line num="257" count="1" type="stmt"/>
      </file>
    </package>
  </project>
</coverage>
