{"C:\\Users\\MrKra\\Documents\\GitHub\\IbaAssignments\\Projects\\KoldFestival\\KoldFestivalGruppe1\\src\\client.js": {"path":"C:\\Users\\MrKra\\Documents\\GitHub\\IbaAssignments\\Projects\\KoldFestival\\KoldFestivalGruppe1\\src\\client.js","statementMap":{},"fnMap":{},"branchMap":{},"s":{},"f":{},"b":{},"_coverageSchema":"1a1c01bbd47fc00a2c39e90264f33305004495a9","hash":"f17230790c5022896ef96a9ea769f0cbf5ad8dc8"}
,"C:\\Users\\MrKra\\Documents\\GitHub\\IbaAssignments\\Projects\\KoldFestival\\KoldFestivalGruppe1\\src\\assets\\affaldsikoner\\glas.png": {"path":"C:\\Users\\MrKra\\Documents\\GitHub\\IbaAssignments\\Projects\\KoldFestival\\KoldFestivalGruppe1\\src\\assets\\affaldsikoner\\glas.png","statementMap":{"0":{"start":{"line":1,"column":0},"end":{"line":1,"column":19}}},"fnMap":{},"branchMap":{},"s":{"0":1},"f":{},"b":{},"_coverageSchema":"1a1c01bbd47fc00a2c39e90264f33305004495a9","hash":"dc8683548805b47e01f3895ba3846451c890684f"}
,"C:\\Users\\MrKra\\Documents\\GitHub\\IbaAssignments\\Projects\\KoldFestival\\KoldFestivalGruppe1\\src\\assets\\affaldsikoner\\madaffald.png": {"path":"C:\\Users\\MrKra\\Documents\\GitHub\\IbaAssignments\\Projects\\KoldFestival\\KoldFestivalGruppe1\\src\\assets\\affaldsikoner\\madaffald.png","statementMap":{"0":{"start":{"line":1,"column":0},"end":{"line":1,"column":19}}},"fnMap":{},"branchMap":{},"s":{"0":1},"f":{},"b":{},"_coverageSchema":"1a1c01bbd47fc00a2c39e90264f33305004495a9","hash":"b7cba8062ec15e4dbc65c4ddb2e4b3e162eea126"}
,"C:\\Users\\MrKra\\Documents\\GitHub\\IbaAssignments\\Projects\\KoldFestival\\KoldFestivalGruppe1\\src\\assets\\affaldsikoner\\metal.png": {"path":"C:\\Users\\MrKra\\Documents\\GitHub\\IbaAssignments\\Projects\\KoldFestival\\KoldFestivalGruppe1\\src\\assets\\affaldsikoner\\metal.png","statementMap":{"0":{"start":{"line":1,"column":0},"end":{"line":1,"column":19}}},"fnMap":{},"branchMap":{},"s":{"0":1},"f":{},"b":{},"_coverageSchema":"1a1c01bbd47fc00a2c39e90264f33305004495a9","hash":"dc94aed55071e26882ead8509addbc38b83ac59e"}
,"C:\\Users\\MrKra\\Documents\\GitHub\\IbaAssignments\\Projects\\KoldFestival\\KoldFestivalGruppe1\\src\\assets\\affaldsikoner\\plast.png": {"path":"C:\\Users\\MrKra\\Documents\\GitHub\\IbaAssignments\\Projects\\KoldFestival\\KoldFestivalGruppe1\\src\\assets\\affaldsikoner\\plast.png","statementMap":{"0":{"start":{"line":1,"column":0},"end":{"line":1,"column":19}}},"fnMap":{},"branchMap":{},"s":{"0":1},"f":{},"b":{},"_coverageSchema":"1a1c01bbd47fc00a2c39e90264f33305004495a9","hash":"ff25e43c711df4f7086c93dd22d8e4d0b251247d"}
,"C:\\Users\\MrKra\\Documents\\GitHub\\IbaAssignments\\Projects\\KoldFestival\\KoldFestivalGruppe1\\src\\assets\\affaldsikoner\\restaffald.png": {"path":"C:\\Users\\MrKra\\Documents\\GitHub\\IbaAssignments\\Projects\\KoldFestival\\KoldFestivalGruppe1\\src\\assets\\affaldsikoner\\restaffald.png","statementMap":{"0":{"start":{"line":1,"column":0},"end":{"line":1,"column":19}}},"fnMap":{},"branchMap":{},"s":{"0":1},"f":{},"b":{},"_coverageSchema":"1a1c01bbd47fc00a2c39e90264f33305004495a9","hash":"0ba0fba016d8c0ba2baeb7785c3933ea67ef4bf6"}
,"C:\\Users\\MrKra\\Documents\\GitHub\\IbaAssignments\\Projects\\KoldFestival\\KoldFestivalGruppe1\\src\\assets\\hands\\orangehands.png": {"path":"C:\\Users\\MrKra\\Documents\\GitHub\\IbaAssignments\\Projects\\KoldFestival\\KoldFestivalGruppe1\\src\\assets\\hands\\orangehands.png","statementMap":{"0":{"start":{"line":1,"column":0},"end":{"line":1,"column":19}}},"fnMap":{},"branchMap":{},"s":{"0":1},"f":{},"b":{},"_coverageSchema":"1a1c01bbd47fc00a2c39e90264f33305004495a9","hash":"f9c0bf3ff35014322689cac58b2db24c9126a949"}
,"C:\\Users\\MrKra\\Documents\\GitHub\\IbaAssignments\\Projects\\KoldFestival\\KoldFestivalGruppe1\\src\\assets\\hands\\orangehandsweb.png": {"path":"C:\\Users\\MrKra\\Documents\\GitHub\\IbaAssignments\\Projects\\KoldFestival\\KoldFestivalGruppe1\\src\\assets\\hands\\orangehandsweb.png","statementMap":{"0":{"start":{"line":1,"column":0},"end":{"line":1,"column":19}}},"fnMap":{},"branchMap":{},"s":{"0":1},"f":{},"b":{},"_coverageSchema":"1a1c01bbd47fc00a2c39e90264f33305004495a9","hash":"d4546e8bbbd282f83a4ff7018a9a1b734c399a26"}
,"C:\\Users\\MrKra\\Documents\\GitHub\\IbaAssignments\\Projects\\KoldFestival\\KoldFestivalGruppe1\\src\\components\\FaqItem.vue": {"path":"C:\\Users\\MrKra\\Documents\\GitHub\\IbaAssignments\\Projects\\KoldFestival\\KoldFestivalGruppe1\\src\\components\\FaqItem.vue","statementMap":{"0":{"start":{"line":4,"column":0},"end":{"line":6,"column":3}},"1":{"start":{"line":7,"column":0},"end":{"line":7,"column":25}},"2":{"start":{"line":8,"column":15},"end":{"line":30,"column":1}},"3":{"start":{"line":14,"column":4},"end":{"line":16,"column":6}},"4":{"start":{"line":20,"column":6},"end":{"line":20,"column":33}},"5":{"start":{"line":25,"column":6},"end":{"line":27,"column":8}},"6":{"start":{"line":33,"column":0},"end":{"line":33,"column":13}},"7":{"start":{"line":35,"column":0},"end":{"line":37,"column":3}},"8":{"start":{"line":38,"column":0},"end":{"line":38,"column":24}},"9":{"start":{"line":39,"column":11},"end":{"line":39,"column":25}},"10":{"start":{"line":40,"column":17},"end":{"line":42,"column":1}},"11":{"start":{"line":43,"column":17},"end":{"line":46,"column":1}},"12":{"start":{"line":47,"column":30},"end":{"line":49,"column":26}},"13":{"start":{"line":52,"column":2},"end":{"line":65,"column":195}},"14":{"start":{"line":56,"column":6},"end":{"line":56,"column":81}},"15":{"start":{"line":61,"column":6},"end":{"line":61,"column":81}},"16":{"start":{"line":66,"column":2},"end":{"line":66,"column":49}}},"fnMap":{"0":{"name":"(anonymous_0)","decl":{"start":{"line":13,"column":2},"end":{"line":13,"column":3}},"loc":{"start":{"line":13,"column":9},"end":{"line":17,"column":3}},"line":13},"1":{"name":"(anonymous_1)","decl":{"start":{"line":19,"column":21},"end":{"line":19,"column":22}},"loc":{"start":{"line":19,"column":33},"end":{"line":21,"column":5}},"line":19},"2":{"name":"(anonymous_2)","decl":{"start":{"line":24,"column":22},"end":{"line":24,"column":23}},"loc":{"start":{"line":24,"column":34},"end":{"line":28,"column":5}},"line":24},"3":{"name":"render","decl":{"start":{"line":51,"column":9},"end":{"line":51,"column":15}},"loc":{"start":{"line":51,"column":30},"end":{"line":66,"column":1}},"line":51},"4":{"name":"(anonymous_4)","decl":{"start":{"line":55,"column":39},"end":{"line":55,"column":40}},"loc":{"start":{"line":55,"column":51},"end":{"line":57,"column":5}},"line":55},"5":{"name":"(anonymous_5)","decl":{"start":{"line":60,"column":39},"end":{"line":60,"column":40}},"loc":{"start":{"line":60,"column":51},"end":{"line":62,"column":5}},"line":60}},"branchMap":{"0":{"loc":{"start":{"line":55,"column":13},"end":{"line":57,"column":6}},"type":"binary-expr","locations":[{"start":{"line":55,"column":13},"end":{"line":55,"column":22}},{"start":{"line":55,"column":27},"end":{"line":57,"column":5}}],"line":55},"1":{"loc":{"start":{"line":56,"column":13},"end":{"line":56,"column":80}},"type":"binary-expr","locations":[{"start":{"line":56,"column":13},"end":{"line":56,"column":33}},{"start":{"line":56,"column":37},"end":{"line":56,"column":80}}],"line":56},"2":{"loc":{"start":{"line":60,"column":13},"end":{"line":62,"column":6}},"type":"binary-expr","locations":[{"start":{"line":60,"column":13},"end":{"line":60,"column":22}},{"start":{"line":60,"column":27},"end":{"line":62,"column":5}}],"line":60},"3":{"loc":{"start":{"line":61,"column":13},"end":{"line":61,"column":80}},"type":"binary-expr","locations":[{"start":{"line":61,"column":13},"end":{"line":61,"column":33}},{"start":{"line":61,"column":37},"end":{"line":61,"column":80}}],"line":61}},"s":{"0":1,"1":1,"2":1,"3":2,"4":0,"5":2,"6":1,"7":1,"8":1,"9":1,"10":1,"11":1,"12":1,"13":2,"14":0,"15":0,"16":1},"f":{"0":2,"1":0,"2":2,"3":2,"4":0,"5":0},"b":{"0":[2,2],"1":[0,0],"2":[2,2],"3":[0,0]},"inputSourceMap":{"0":"{","1":"\"","2":"v","3":"e","4":"r","5":"s","6":"i","7":"o","8":"n","9":"\"","10":":","11":"3","12":",","13":"\"","14":"s","15":"o","16":"u","17":"r","18":"c","19":"e","20":"s","21":"\"","22":":","23":"[","24":"\"","25":"C","26":":","27":"\\","28":"\\","29":"U","30":"s","31":"e","32":"r","33":"s","34":"\\","35":"\\","36":"M","37":"r","38":"K","39":"r","40":"a","41":"\\","42":"\\","43":"D","44":"o","45":"c","46":"u","47":"m","48":"e","49":"n","50":"t","51":"s","52":"\\","53":"\\","54":"G","55":"i","56":"t","57":"H","58":"u","59":"b","60":"\\","61":"\\","62":"I","63":"b","64":"a","65":"A","66":"s","67":"s","68":"i","69":"g","70":"n","71":"m","72":"e","73":"n","74":"t","75":"s","76":"\\","77":"\\","78":"P","79":"r","80":"o","81":"j","82":"e","83":"c","84":"t","85":"s","86":"\\","87":"\\","88":"K","89":"o","90":"l","91":"d","92":"F","93":"e","94":"s","95":"t","96":"i","97":"v","98":"a","99":"l","100":"\\","101":"\\","102":"K","103":"o","104":"l","105":"d","106":"F","107":"e","108":"s","109":"t","110":"i","111":"v","112":"a","113":"l","114":"G","115":"r","116":"u","117":"p","118":"p","119":"e","120":"1","121":"\\","122":"\\","123":"s","124":"r","125":"c","126":"\\","127":"\\","128":"c","129":"o","130":"m","131":"p","132":"o","133":"n","134":"e","135":"n","136":"t","137":"s","138":"\\","139":"\\","140":"F","141":"a","142":"q","143":"I","144":"t","145":"e","146":"m","147":".","148":"v","149":"u","150":"e","151":"\"","152":"]","153":",","154":"\"","155":"n","156":"a","157":"m","158":"e","159":"s","160":"\"","161":":","162":"[","163":"]","164":",","165":"\"","166":"m","167":"a","168":"p","169":"p","170":"i","171":"n","172":"g","173":"s","174":"\"","175":":","176":"\"","177":";","178":";","179":";","180":";","181":";","182":";","183":";","184":"e","185":"A","186":"k","187":"B","188":"m","189":"B","190":";","191":"E","192":"A","193":"C","194":"X","195":",","196":"K","197":"A","198":"A","199":"K","200":",","201":"E","202":"A","203":"A","204":"E","205":";","206":"I","207":"A","208":"C","209":"H","210":",","211":"K","212":"A","213":"A","214":"K","215":",","216":"E","217":"A","218":"A","219":"E","220":",","221":"M","222":"A","223":"A","224":"M","225":";","226":"I","227":"A","228":"C","229":"b","230":",","231":"W","232":"A","233":"A","234":"W","235":",","236":"E","237":"A","238":"A","239":"E","240":";","241":"E","242":"A","243":"C","244":"j","245":"B","246":",","247":"C","248":"A","249":"A","250":"C","251":";","252":"E","253":"A","254":"C","255":"D","256":",","257":"I","258":"A","259":"A","260":"I","261":",","262":"G","263":"A","264":"A","265":"G","266":";","267":"I","268":"A","269":"C","270":"H","271":",","272":"O","273":"A","274":"A","275":"O","276":";","277":"M","278":"A","279":"C","280":"P","281":",","282":"M","283":"A","284":"A","285":"M","286":",","287":"E","288":"A","289":"A","290":"E","291":";","292":"I","293":"A","294":"E","295":"R","296":",","297":"C","298":"A","299":"A","300":"C","301":";","302":"E","303":"A","304":"C","305":"L","306":",","307":"C","308":"A","309":"A","310":"C","311":";","312":"E","313":"A","314":"C","315":"D","316":",","317":"O","318":"A","319":"A","320":"O","321":",","322":"E","323":"A","324":"A","325":"E","326":";","327":"I","328":"A","329":"C","330":"L","331":",","332":"e","333":"A","334":"A","335":"e","336":",","337":"E","338":"A","339":"A","340":"E","341":",","342":"Y","343":"A","344":"A","345":"W","346":";","347":"M","348":"A","349":"C","350":"x","351":"B","352":",","353":"I","354":"A","355":"A","356":"I","357":",","358":"C","359":"A","360":"A","361":"C","362":",","363":"M","364":"A","365":"A","366":"M","367":",","368":"G","369":"A","370":"A","371":"G","372":",","373":"C","374":"A","375":"A","376":"C","377":",","378":"I","379":"A","380":"A","381":"I","382":",","383":"C","384":"A","385":"A","386":"C","387":",","388":"M","389":"A","390":"A","391":"M","392":";","393":"I","394":"A","395":"C","396":"9","397":"B","398":";","399":"E","400":"A","401":"C","402":"J","403":",","404":"C","405":"A","406":"A","407":"C","408":";","409":"E","410":"A","411":"C","412":"D","413":",","414":"Q","415":"A","416":"A","417":"Q","418":",","419":"E","420":"A","421":"A","422":"E","423":";","424":"I","425":"A","426":"C","427":"N","428":",","429":"g","430":"B","431":"A","432":"A","433":"g","434":"B","435":",","436":"E","437":"A","438":"A","439":"E","440":",","441":"Y","442":"A","443":"A","444":"W","445":";","446":"M","447":"A","448":"C","449":"1","450":"B","451":",","452":"O","453":"A","454":"A","455":"O","456":";","457":"Q","458":"A","459":"A","460":"E","461":",","462":"W","463":"A","464":"A","465":"W","466":",","467":"E","468":"A","469":"A","470":"E","471":",","472":"I","473":"A","474":"A","475":"I","476":",","477":"C","478":"A","479":"A","480":"C","481":";","482":"M","483":"A","484":"C","485":"9","486":"B","487":",","488":"C","489":"A","490":"A","491":"C","492":";","493":"I","494":"A","495":"C","496":"L","497":";","498":"E","499":"A","500":"C","501":"J","502":";","503":"A","504":"A","505":"G","506":"A","507":",","508":"C","509":"A","510":"A","511":"C","512":";","513":"A","514":"A","515":"A","516":"A","517":";","518":"A","519":"A","520":"A","521":"A","522":"\"","523":",","524":"\"","525":"f","526":"i","527":"l","528":"e","529":"\"","530":":","531":"\"","532":"C","533":":","534":"\\","535":"\\","536":"U","537":"s","538":"e","539":"r","540":"s","541":"\\","542":"\\","543":"M","544":"r","545":"K","546":"r","547":"a","548":"\\","549":"\\","550":"D","551":"o","552":"c","553":"u","554":"m","555":"e","556":"n","557":"t","558":"s","559":"\\","560":"\\","561":"G","562":"i","563":"t","564":"H","565":"u","566":"b","567":"\\","568":"\\","569":"I","570":"b","571":"a","572":"A","573":"s","574":"s","575":"i","576":"g","577":"n","578":"m","579":"e","580":"n","581":"t","582":"s","583":"\\","584":"\\","585":"P","586":"r","587":"o","588":"j","589":"e","590":"c","591":"t","592":"s","593":"\\","594":"\\","595":"K","596":"o","597":"l","598":"d","599":"F","600":"e","601":"s","602":"t","603":"i","604":"v","605":"a","606":"l","607":"\\","608":"\\","609":"K","610":"o","611":"l","612":"d","613":"F","614":"e","615":"s","616":"t","617":"i","618":"v","619":"a","620":"l","621":"G","622":"r","623":"u","624":"p","625":"p","626":"e","627":"1","628":"\\","629":"\\","630":"s","631":"r","632":"c","633":"\\","634":"\\","635":"c","636":"o","637":"m","638":"p","639":"o","640":"n","641":"e","642":"n","643":"t","644":"s","645":"\\","646":"\\","647":"F","648":"a","649":"q","650":"I","651":"t","652":"e","653":"m","654":".","655":"v","656":"u","657":"e","658":"\"","659":",","660":"\"","661":"s","662":"o","663":"u","664":"r","665":"c","666":"e","667":"s","668":"C","669":"o","670":"n","671":"t","672":"e","673":"n","674":"t","675":"\"","676":":","677":"[","678":"\"","679":"<","680":"t","681":"e","682":"m","683":"p","684":"l","685":"a","686":"t","687":"e","688":">","689":"\\","690":"r","691":"\\","692":"n","693":" ","694":" ","695":" ","696":" ","697":"<","698":"s","699":"e","700":"c","701":"t","702":"i","703":"o","704":"n","705":" ","706":"c","707":"l","708":"a","709":"s","710":"s","711":"=","712":"\\","713":"\"","714":"i","715":"n","716":"f","717":"o","718":"S","719":"e","720":"c","721":"t","722":"i","723":"o","724":"n","725":"\\","726":"\"","727":" ","728":":","729":"c","730":"l","731":"a","732":"s","733":"s","734":"=","735":"\\","736":"\"","737":"a","738":"c","739":"c","740":"o","741":"r","742":"d","743":"i","744":"a","745":"n","746":"C","747":"l","748":"a","749":"s","750":"s","751":"e","752":"s","753":"\\","754":"\"","755":">","756":"\\","757":"r","758":"\\","759":"n","760":" ","761":" ","762":" ","763":" ","764":" ","765":" ","766":" ","767":" ","768":"\\","769":"r","770":"\\","771":"n","772":" ","773":" ","774":" ","775":" ","776":" ","777":" ","778":" ","779":" ","780":" ","781":" ","782":" ","783":" ","784":"<","785":"d","786":"i","787":"v","788":" ","789":"c","790":"l","791":"a","792":"s","793":"s","794":"=","795":"\\","796":"\"","797":"i","798":"c","799":"o","800":"n","801":"-","802":"t","803":"e","804":"x","805":"t","806":"\\","807":"\"","808":">","809":"\\","810":"r","811":"\\","812":"n","813":" ","814":" ","815":" ","816":" ","817":" ","818":" ","819":" ","820":" ","821":" ","822":" ","823":" ","824":" ","825":"<","826":"i","827":" ","828":"@","829":"c","830":"l","831":"i","832":"c","833":"k","834":"=","835":"\\","836":"\"","837":"t","838":"o","839":"g","840":"g","841":"l","842":"e","843":"A","844":"c","845":"c","846":"o","847":"r","848":"d","849":"i","850":"a","851":"n","852":"\\","853":"\"","854":" ","855":"c","856":"l","857":"a","858":"s","859":"s","860":"=","861":"\\","862":"\"","863":"f","864":"i","865":" ","866":"f","867":"i","868":"-","869":"r","870":"s","871":"-","872":"a","873":"n","874":"g","875":"l","876":"e","877":"-","878":"s","879":"m","880":"a","881":"l","882":"l","883":"-","884":"r","885":"i","886":"g","887":"h","888":"t","889":"\\","890":"\"","891":">","892":"<","893":"/","894":"i","895":">","896":"\\","897":"r","898":"\\","899":"n","900":" ","901":" ","902":" ","903":" ","904":" ","905":" ","906":" ","907":" ","908":" ","909":" ","910":" ","911":" ","912":"<","913":"p","914":" ","915":"@","916":"c","917":"l","918":"i","919":"c","920":"k","921":"=","922":"\\","923":"\"","924":"t","925":"o","926":"g","927":"g","928":"l","929":"e","930":"A","931":"c","932":"c","933":"o","934":"r","935":"d","936":"i","937":"a","938":"n","939":"\\","940":"\"","941":" ","942":"c","943":"l","944":"a","945":"s","946":"s","947":"=","948":"\\","949":"\"","950":"t","951":"i","952":"t","953":"l","954":"e","955":"\\","956":"\"","957":" ","958":"d","959":"a","960":"t","961":"a","962":"-","963":"t","964":"e","965":"s","966":"t","967":"i","968":"d","969":"=","970":"\\","971":"\"","972":"f","973":"a","974":"q","975":"I","976":"t","977":"e","978":"m","979":"T","980":"i","981":"t","982":"l","983":"e","984":"\\","985":"\"","986":">","987":"{","988":"{","989":"t","990":"i","991":"t","992":"l","993":"e","994":"}","995":"}","996":"<","997":"/","998":"p","999":">","1000":"\\","1001":"r","1002":"\\","1003":"n","1004":" ","1005":" ","1006":" ","1007":" ","1008":" ","1009":" ","1010":" ","1011":" ","1012":" ","1013":" ","1014":" ","1015":" ","1016":"<","1017":"/","1018":"d","1019":"i","1020":"v","1021":">","1022":"\\","1023":"r","1024":"\\","1025":"n","1026":" ","1027":" ","1028":" ","1029":" ","1030":" ","1031":" ","1032":" ","1033":" ","1034":" ","1035":" ","1036":" ","1037":" ","1038":"<","1039":"p","1040":" ","1041":"c","1042":"l","1043":"a","1044":"s","1045":"s","1046":"=","1047":"\\","1048":"\"","1049":"b","1050":"e","1051":"s","1052":"k","1053":"r","1054":"i","1055":"v","1056":"e","1057":"l","1058":"s","1059":"e","1060":"\\","1061":"\"","1062":" ","1063":"d","1064":"a","1065":"t","1066":"a","1067":"-","1068":"t","1069":"e","1070":"s","1071":"t","1072":"i","1073":"d","1074":"=","1075":"\\","1076":"\"","1077":"f","1078":"a","1079":"q","1080":"I","1081":"t","1082":"e","1083":"m","1084":"B","1085":"e","1086":"s","1087":"k","1088":"r","1089":"i","1090":"v","1091":"e","1092":"l","1093":"s","1094":"e","1095":"\\","1096":"\"","1097":">","1098":"{","1099":"{","1100":"b","1101":"e","1102":"s","1103":"k","1104":"r","1105":"i","1106":"v","1107":"e","1108":"l","1109":"s","1110":"e","1111":"}","1112":"}","1113":"<","1114":"/","1115":"p","1116":">","1117":"\\","1118":"r","1119":"\\","1120":"n","1121":" ","1122":" ","1123":" ","1124":" ","1125":" ","1126":" ","1127":" ","1128":" ","1129":" ","1130":" ","1131":" ","1132":" ","1133":"<","1134":"d","1135":"i","1136":"v","1137":" ","1138":"c","1139":"l","1140":"a","1141":"s","1142":"s","1143":"=","1144":"\\","1145":"\"","1146":"l","1147":"i","1148":"n","1149":"e","1150":"\\","1151":"\"","1152":">","1153":"<","1154":"/","1155":"d","1156":"i","1157":"v","1158":">","1159":"\\","1160":"r","1161":"\\","1162":"n","1163":" ","1164":" ","1165":" ","1166":" ","1167":" ","1168":" ","1169":"\\","1170":"r","1171":"\\","1172":"n","1173":" ","1174":" ","1175":" ","1176":" ","1177":"<","1178":"/","1179":"s","1180":"e","1181":"c","1182":"t","1183":"i","1184":"o","1185":"n","1186":">","1187":"\\","1188":"r","1189":"\\","1190":"n","1191":" ","1192":" ","1193":" ","1194":" ","1195":"\\","1196":"r","1197":"\\","1198":"n","1199":"<","1200":"/","1201":"t","1202":"e","1203":"m","1204":"p","1205":"l","1206":"a","1207":"t","1208":"e","1209":">","1210":"\\","1211":"r","1212":"\\","1213":"n","1214":"\\","1215":"r","1216":"\\","1217":"n","1218":"\\","1219":"r","1220":"\\","1221":"n","1222":"\\","1223":"r","1224":"\\","1225":"n","1226":"<","1227":"s","1228":"c","1229":"r","1230":"i","1231":"p","1232":"t","1233":">","1234":"\\","1235":"r","1236":"\\","1237":"n","1238":"\\","1239":"r","1240":"\\","1241":"n","1242":" ","1243":" ","1244":" ","1245":" ","1246":"e","1247":"x","1248":"p","1249":"o","1250":"r","1251":"t","1252":" ","1253":"d","1254":"e","1255":"f","1256":"a","1257":"u","1258":"l","1259":"t","1260":" ","1261":"{","1262":"\\","1263":"r","1264":"\\","1265":"n","1266":" ","1267":" ","1268":" ","1269":" ","1270":" ","1271":" ","1272":" ","1273":" ","1274":"p","1275":"r","1276":"o","1277":"p","1278":"s","1279":":","1280":" ","1281":"{","1282":"\\","1283":"r","1284":"\\","1285":"n","1286":" ","1287":" ","1288":" ","1289":" ","1290":" ","1291":" ","1292":" ","1293":" ","1294":" ","1295":" ","1296":" ","1297":" ","1298":"t","1299":"i","1300":"t","1301":"l","1302":"e","1303":":","1304":" ","1305":"S","1306":"t","1307":"r","1308":"i","1309":"n","1310":"g","1311":",","1312":"\\","1313":"r","1314":"\\","1315":"n","1316":" ","1317":" ","1318":" ","1319":" ","1320":" ","1321":" ","1322":" ","1323":" ","1324":" ","1325":" ","1326":" ","1327":" ","1328":"b","1329":"e","1330":"s","1331":"k","1332":"r","1333":"i","1334":"v","1335":"e","1336":"l","1337":"s","1338":"e","1339":":","1340":" ","1341":"S","1342":"t","1343":"r","1344":"i","1345":"n","1346":"g","1347":"\\","1348":"r","1349":"\\","1350":"n","1351":" ","1352":" ","1353":" ","1354":" ","1355":" ","1356":" ","1357":" ","1358":" ","1359":"}","1360":",","1361":"\\","1362":"r","1363":"\\","1364":"n","1365":" ","1366":" ","1367":" ","1368":" ","1369":" ","1370":" ","1371":" ","1372":" ","1373":"d","1374":"a","1375":"t","1376":"a","1377":"(","1378":")","1379":" ","1380":"{","1381":"\\","1382":"r","1383":"\\","1384":"n","1385":" ","1386":" ","1387":" ","1388":" ","1389":" ","1390":" ","1391":" ","1392":" ","1393":" ","1394":" ","1395":" ","1396":" ","1397":"r","1398":"e","1399":"t","1400":"u","1401":"r","1402":"n","1403":" ","1404":"{","1405":"\\","1406":"r","1407":"\\","1408":"n","1409":" ","1410":" ","1411":" ","1412":" ","1413":" ","1414":" ","1415":" ","1416":" ","1417":" ","1418":" ","1419":" ","1420":" ","1421":"i","1422":"s","1423":"O","1424":"p","1425":"e","1426":"n","1427":":","1428":" ","1429":"t","1430":"r","1431":"u","1432":"e","1433":",","1434":"\\","1435":"r","1436":"\\","1437":"n","1438":" ","1439":" ","1440":" ","1441":" ","1442":" ","1443":" ","1444":" ","1445":" ","1446":" ","1447":" ","1448":" ","1449":" ","1450":"\\","1451":"r","1452":"\\","1453":"n","1454":" ","1455":" ","1456":" ","1457":" ","1458":" ","1459":" ","1460":" ","1461":" ","1462":" ","1463":" ","1464":" ","1465":" ","1466":"}","1467":"\\","1468":"r","1469":"\\","1470":"n","1471":" ","1472":" ","1473":" ","1474":" ","1475":" ","1476":" ","1477":" ","1478":" ","1479":"}","1480":",","1481":"\\","1482":"r","1483":"\\","1484":"n","1485":" ","1486":" ","1487":" ","1488":" ","1489":" ","1490":" ","1491":" ","1492":" ","1493":"m","1494":"e","1495":"t","1496":"h","1497":"o","1498":"d","1499":"s","1500":":","1501":" ","1502":"{","1503":"\\","1504":"r","1505":"\\","1506":"n","1507":" ","1508":" ","1509":" ","1510":" ","1511":" ","1512":" ","1513":" ","1514":" ","1515":" ","1516":" ","1517":" ","1518":" ","1519":"t","1520":"o","1521":"g","1522":"g","1523":"l","1524":"e","1525":"A","1526":"c","1527":"c","1528":"o","1529":"r","1530":"d","1531":"i","1532":"a","1533":"n","1534":":","1535":" ","1536":"f","1537":"u","1538":"n","1539":"c","1540":"t","1541":"i","1542":"o","1543":"n","1544":"(","1545":")","1546":" ","1547":"{","1548":"\\","1549":"r","1550":"\\","1551":"n","1552":" ","1553":" ","1554":" ","1555":" ","1556":" ","1557":" ","1558":" ","1559":" ","1560":" ","1561":" ","1562":" ","1563":" ","1564":" ","1565":" ","1566":" ","1567":" ","1568":"t","1569":"h","1570":"i","1571":"s","1572":".","1573":"i","1574":"s","1575":"O","1576":"p","1577":"e","1578":"n","1579":" ","1580":"=","1581":" ","1582":"!","1583":"t","1584":"h","1585":"i","1586":"s","1587":".","1588":"i","1589":"s","1590":"O","1591":"p","1592":"e","1593":"n","1594":";","1595":"\\","1596":"r","1597":"\\","1598":"n","1599":" ","1600":" ","1601":" ","1602":" ","1603":" ","1604":" ","1605":" ","1606":" ","1607":" ","1608":" ","1609":" ","1610":" ","1611":"}","1612":",","1613":"\\","1614":"r","1615":"\\","1616":"n","1617":" ","1618":" ","1619":" ","1620":" ","1621":" ","1622":" ","1623":" ","1624":" ","1625":"}","1626":",","1627":"\\","1628":"r","1629":"\\","1630":"n","1631":" ","1632":" ","1633":" ","1634":" ","1635":" ","1636":" ","1637":" ","1638":" ","1639":"c","1640":"o","1641":"m","1642":"p","1643":"u","1644":"t","1645":"e","1646":"d","1647":":","1648":" ","1649":"{","1650":"\\","1651":"r","1652":"\\","1653":"n","1654":" ","1655":" ","1656":" ","1657":" ","1658":" ","1659":" ","1660":" ","1661":" ","1662":" ","1663":" ","1664":" ","1665":" ","1666":"a","1667":"c","1668":"c","1669":"o","1670":"r","1671":"d","1672":"i","1673":"a","1674":"n","1675":"C","1676":"l","1677":"a","1678":"s","1679":"s","1680":"e","1681":"s","1682":":","1683":" ","1684":"f","1685":"u","1686":"n","1687":"c","1688":"t","1689":"i","1690":"o","1691":"n","1692":"(","1693":")","1694":" ","1695":"{","1696":"\\","1697":"r","1698":"\\","1699":"n","1700":" ","1701":" ","1702":" ","1703":" ","1704":" ","1705":" ","1706":" ","1707":" ","1708":" ","1709":" ","1710":" ","1711":" ","1712":" ","1713":" ","1714":" ","1715":"r","1716":"e","1717":"t","1718":"u","1719":"r","1720":"n","1721":" ","1722":"{","1723":" ","1724":"'","1725":"i","1726":"s","1727":"-","1728":"c","1729":"l","1730":"o","1731":"s","1732":"e","1733":"d","1734":"'","1735":":","1736":" ","1737":"t","1738":"h","1739":"i","1740":"s","1741":".","1742":"i","1743":"s","1744":"O","1745":"p","1746":"e","1747":"n","1748":"\\","1749":"r","1750":"\\","1751":"n","1752":" ","1753":" ","1754":" ","1755":" ","1756":" ","1757":" ","1758":" ","1759":" ","1760":" ","1761":" ","1762":" ","1763":" ","1764":"}","1765":";","1766":"\\","1767":"r","1768":"\\","1769":"n","1770":" ","1771":" ","1772":" ","1773":" ","1774":" ","1775":" ","1776":" ","1777":" ","1778":"}","1779":"\\","1780":"r","1781":"\\","1782":"n","1783":" ","1784":" ","1785":" ","1786":" ","1787":"}","1788":"\\","1789":"r","1790":"\\","1791":"n","1792":"\\","1793":"r","1794":"\\","1795":"n","1796":" ","1797":" ","1798":" ","1799":" ","1800":" ","1801":" ","1802":" ","1803":" ","1804":"\\","1805":"r","1806":"\\","1807":"n","1808":" ","1809":" ","1810":" ","1811":" ","1812":"}","1813":"\\","1814":"r","1815":"\\","1816":"n","1817":"<","1818":"/","1819":"s","1820":"c","1821":"r","1822":"i","1823":"p","1824":"t","1825":">","1826":"\\","1827":"r","1828":"\\","1829":"n","1830":"\\","1831":"r","1832":"\\","1833":"n","1834":"<","1835":"s","1836":"t","1837":"y","1838":"l","1839":"e","1840":" ","1841":"l","1842":"a","1843":"n","1844":"g","1845":"=","1846":"\\","1847":"\"","1848":"s","1849":"c","1850":"s","1851":"s","1852":"\\","1853":"\"","1854":" ","1855":"s","1856":"c","1857":"o","1858":"p","1859":"e","1860":"d","1861":">","1862":"\\","1863":"r","1864":"\\","1865":"n","1866":" ","1867":" ","1868":" ","1869":" ","1870":"@","1871":"i","1872":"m","1873":"p","1874":"o","1875":"r","1876":"t","1877":" ","1878":"u","1879":"r","1880":"l","1881":"(","1882":"'","1883":"h","1884":"t","1885":"t","1886":"p","1887":"s","1888":":","1889":"/","1890":"/","1891":"c","1892":"d","1893":"n","1894":"-","1895":"u","1896":"i","1897":"c","1898":"o","1899":"n","1900":"s","1901":".","1902":"f","1903":"l","1904":"a","1905":"t","1906":"i","1907":"c","1908":"o","1909":"n","1910":".","1911":"c","1912":"o","1913":"m","1914":"/","1915":"u","1916":"i","1917":"c","1918":"o","1919":"n","1920":"s","1921":"-","1922":"r","1923":"e","1924":"g","1925":"u","1926":"l","1927":"a","1928":"r","1929":"-","1930":"s","1931":"t","1932":"r","1933":"a","1934":"i","1935":"g","1936":"h","1937":"t","1938":"/","1939":"c","1940":"s","1941":"s","1942":"/","1943":"u","1944":"i","1945":"c","1946":"o","1947":"n","1948":"s","1949":"-","1950":"r","1951":"e","1952":"g","1953":"u","1954":"l","1955":"a","1956":"r","1957":"-","1958":"s","1959":"t","1960":"r","1961":"a","1962":"i","1963":"g","1964":"h","1965":"t","1966":".","1967":"c","1968":"s","1969":"s","1970":"'","1971":")","1972":";","1973":"\\","1974":"r","1975":"\\","1976":"n","1977":" ","1978":" ","1979":" ","1980":" ","1981":" ","1982":" ","1983":" ","1984":" ","1985":"\\","1986":"r","1987":"\\","1988":"n","1989":" ","1990":" ","1991":" ","1992":" ","1993":" ","1994":" ","1995":" ","1996":" ","1997":".","1998":"i","1999":"c","2000":"o","2001":"n","2002":"-","2003":"t","2004":"e","2005":"x","2006":"t","2007":" ","2008":"{","2009":"\\","2010":"r","2011":"\\","2012":"n","2013":" ","2014":" ","2015":" ","2016":" ","2017":" ","2018":" ","2019":" ","2020":" ","2021":" ","2022":" ","2023":" ","2024":" ","2025":"d","2026":"i","2027":"s","2028":"p","2029":"l","2030":"a","2031":"y","2032":":","2033":" ","2034":"i","2035":"n","2036":"l","2037":"i","2038":"n","2039":"e","2040":"-","2041":"f","2042":"l","2043":"e","2044":"x","2045":";","2046":"\\","2047":"r","2048":"\\","2049":"n","2050":" ","2051":" ","2052":" ","2053":" ","2054":" ","2055":" ","2056":" ","2057":" ","2058":" ","2059":" ","2060":" ","2061":" ","2062":"c","2063":"u","2064":"r","2065":"s","2066":"o","2067":"r","2068":":","2069":" ","2070":"p","2071":"o","2072":"i","2073":"n","2074":"t","2075":"e","2076":"r","2077":";","2078":"\\","2079":"r","2080":"\\","2081":"n","2082":" ","2083":" ","2084":" ","2085":" ","2086":" ","2087":" ","2088":" ","2089":" ","2090":" ","2091":" ","2092":" ","2093":"\\","2094":"r","2095":"\\","2096":"n","2097":" ","2098":" ","2099":" ","2100":" ","2101":" ","2102":" ","2103":" ","2104":" ","2105":"}","2106":"\\","2107":"r","2108":"\\","2109":"n","2110":" ","2111":" ","2112":" ","2113":" ","2114":" ","2115":" ","2116":" ","2117":" ","2118":".","2119":"t","2120":"i","2121":"t","2122":"l","2123":"e","2124":" ","2125":"{","2126":"\\","2127":"r","2128":"\\","2129":"n","2130":" ","2131":" ","2132":" ","2133":" ","2134":" ","2135":" ","2136":" ","2137":" ","2138":" ","2139":" ","2140":" ","2141":" ","2142":"m","2143":"a","2144":"r","2145":"g","2146":"i","2147":"n","2148":":","2149":" ","2150":"0","2151":";","2152":"\\","2153":"r","2154":"\\","2155":"n","2156":" ","2157":" ","2158":" ","2159":" ","2160":" ","2161":" ","2162":" ","2163":" ","2164":" ","2165":" ","2166":" ","2167":" ","2168":"c","2169":"u","2170":"r","2171":"s","2172":"o","2173":"r","2174":":","2175":" ","2176":"p","2177":"o","2178":"i","2179":"n","2180":"t","2181":"e","2182":"r","2183":";","2184":"\\","2185":"r","2186":"\\","2187":"n","2188":" ","2189":" ","2190":" ","2191":" ","2192":" ","2193":" ","2194":" ","2195":" ","2196":" ","2197":" ","2198":" ","2199":" ","2200":"t","2201":"e","2202":"x","2203":"t","2204":"-","2205":"a","2206":"l","2207":"i","2208":"g","2209":"n","2210":":","2211":" ","2212":"t","2213":"o","2214":"p","2215":";","2216":"\\","2217":"r","2218":"\\","2219":"n","2220":" ","2221":" ","2222":" ","2223":" ","2224":" ","2225":" ","2226":" ","2227":" ","2228":"}","2229":"\\","2230":"r","2231":"\\","2232":"n","2233":"\\","2234":"r","2235":"\\","2236":"n","2237":" ","2238":" ","2239":" ","2240":" ","2241":" ","2242":" ","2243":" ","2244":" ","2245":".","2246":"b","2247":"e","2248":"s","2249":"k","2250":"r","2251":"i","2252":"v","2253":"e","2254":"l","2255":"s","2256":"e","2257":" ","2258":"{","2259":"\\","2260":"r","2261":"\\","2262":"n","2263":" ","2264":" ","2265":" ","2266":" ","2267":" ","2268":" ","2269":" ","2270":" ","2271":" ","2272":" ","2273":" ","2274":"f","2275":"o","2276":"n","2277":"t","2278":"-","2279":"s","2280":"i","2281":"z","2282":"e","2283":":","2284":" ","2285":"$","2286":"t","2287":"e","2288":"x","2289":"t","2290":"-","2291":"s","2292":"m","2293":"a","2294":"l","2295":"l","2296":";","2297":"\\","2298":"r","2299":"\\","2300":"n","2301":" ","2302":" ","2303":" ","2304":" ","2305":" ","2306":" ","2307":" ","2308":" ","2309":" ","2310":" ","2311":" ","2312":"\\","2313":"r","2314":"\\","2315":"n","2316":" ","2317":" ","2318":" ","2319":" ","2320":" ","2321":" ","2322":" ","2323":" ","2324":"}","2325":"\\","2326":"r","2327":"\\","2328":"n","2329":"\\","2330":"r","2331":"\\","2332":"n","2333":" ","2334":" ","2335":" ","2336":" ","2337":" ","2338":" ","2339":" ","2340":" ","2341":".","2342":"f","2343":"i","2344":" ","2345":"{","2346":"\\","2347":"r","2348":"\\","2349":"n","2350":" ","2351":" ","2352":" ","2353":" ","2354":" ","2355":" ","2356":" ","2357":" ","2358":" ","2359":" ","2360":" ","2361":" ","2362":"f","2363":"o","2364":"n","2365":"t","2366":"-","2367":"s","2368":"i","2369":"z","2370":"e","2371":":","2372":" ","2373":"3","2374":"0","2375":"p","2376":"x","2377":";","2378":"\\","2379":"r","2380":"\\","2381":"n","2382":" ","2383":" ","2384":" ","2385":" ","2386":" ","2387":" ","2388":" ","2389":" ","2390":" ","2391":" ","2392":" ","2393":" ","2394":"m","2395":"a","2396":"r","2397":"g","2398":"i","2399":"n","2400":":","2401":" ","2402":"-","2403":"5","2404":"p","2405":"x","2406":" ","2407":"0","2408":";","2409":"\\","2410":"r","2411":"\\","2412":"n","2413":" ","2414":" ","2415":" ","2416":" ","2417":" ","2418":" ","2419":" ","2420":" ","2421":" ","2422":" ","2423":" ","2424":" ","2425":"c","2426":"o","2427":"l","2428":"o","2429":"r","2430":":","2431":" ","2432":"$","2433":"n","2434":"e","2435":"o","2436":"n","2437":"-","2438":"t","2439":"u","2440":"r","2441":"q","2442":"u","2443":"o","2444":"i","2445":"s","2446":"e","2447":";","2448":"\\","2449":"r","2450":"\\","2451":"n","2452":" ","2453":" ","2454":" ","2455":" ","2456":" ","2457":" ","2458":" ","2459":" ","2460":"}","2461":"\\","2462":"r","2463":"\\","2464":"n","2465":"\\","2466":"r","2467":"\\","2468":"n","2469":" ","2470":" ","2471":" ","2472":" ","2473":" ","2474":" ","2475":" ","2476":" ","2477":".","2478":"i","2479":"s","2480":"-","2481":"c","2482":"l","2483":"o","2484":"s","2485":"e","2486":"d","2487":" ","2488":".","2489":"b","2490":"e","2491":"s","2492":"k","2493":"r","2494":"i","2495":"v","2496":"e","2497":"l","2498":"s","2499":"e","2500":" ","2501":"{","2502":"\\","2503":"r","2504":"\\","2505":"n","2506":" ","2507":" ","2508":" ","2509":" ","2510":" ","2511":" ","2512":" ","2513":" ","2514":" ","2515":" ","2516":" ","2517":" ","2518":"d","2519":"i","2520":"s","2521":"p","2522":"l","2523":"a","2524":"y","2525":":","2526":" ","2527":"n","2528":"o","2529":"n","2530":"e","2531":";","2532":"\\","2533":"r","2534":"\\","2535":"n","2536":" ","2537":" ","2538":" ","2539":" ","2540":" ","2541":" ","2542":" ","2543":" ","2544":"}","2545":"\\","2546":"r","2547":"\\","2548":"n","2549":"\\","2550":"r","2551":"\\","2552":"n","2553":" ","2554":" ","2555":" ","2556":" ","2557":" ","2558":" ","2559":" ","2560":" ","2561":".","2562":"l","2563":"i","2564":"n","2565":"e","2566":" ","2567":"{","2568":"\\","2569":"r","2570":"\\","2571":"n","2572":" ","2573":" ","2574":" ","2575":" ","2576":" ","2577":" ","2578":" ","2579":" ","2580":" ","2581":" ","2582":" ","2583":" ","2584":"h","2585":"e","2586":"i","2587":"g","2588":"h","2589":"t","2590":":","2591":" ","2592":"1","2593":"p","2594":"x","2595":";","2596":"\\","2597":"r","2598":"\\","2599":"n","2600":" ","2601":" ","2602":" ","2603":" ","2604":" ","2605":" ","2606":" ","2607":" ","2608":" ","2609":" ","2610":" ","2611":" ","2612":"w","2613":"i","2614":"d","2615":"t","2616":"h","2617":":","2618":" ","2619":"1","2620":"0","2621":"0","2622":"%","2623":";","2624":"\\","2625":"r","2626":"\\","2627":"n","2628":" ","2629":" ","2630":" ","2631":" ","2632":" ","2633":" ","2634":" ","2635":" ","2636":" ","2637":" ","2638":" ","2639":" ","2640":"b","2641":"a","2642":"c","2643":"k","2644":"g","2645":"r","2646":"o","2647":"u","2648":"n","2649":"d","2650":"-","2651":"c","2652":"o","2653":"l","2654":"o","2655":"r","2656":":","2657":" ","2658":"a","2659":"q","2660":"u","2661":"a","2662":";","2663":"\\","2664":"r","2665":"\\","2666":"n","2667":" ","2668":" ","2669":" ","2670":" ","2671":" ","2672":" ","2673":" ","2674":" ","2675":" ","2676":" ","2677":" ","2678":" ","2679":"m","2680":"a","2681":"r","2682":"g","2683":"i","2684":"n","2685":"-","2686":"l","2687":"e","2688":"f","2689":"t","2690":":","2691":" ","2692":"a","2693":"u","2694":"t","2695":"o","2696":";","2697":"\\","2698":"r","2699":"\\","2700":"n","2701":" ","2702":" ","2703":" ","2704":" ","2705":" ","2706":" ","2707":" ","2708":" ","2709":" ","2710":" ","2711":" ","2712":" ","2713":"m","2714":"a","2715":"r","2716":"g","2717":"i","2718":"n","2719":"-","2720":"r","2721":"i","2722":"g","2723":"h","2724":"t","2725":":","2726":" ","2727":"a","2728":"u","2729":"t","2730":"o","2731":";","2732":"\\","2733":"r","2734":"\\","2735":"n","2736":" ","2737":" ","2738":" ","2739":" ","2740":" ","2741":" ","2742":" ","2743":" ","2744":" ","2745":" ","2746":" ","2747":" ","2748":"m","2749":"a","2750":"r","2751":"g","2752":"i","2753":"n","2754":"-","2755":"t","2756":"o","2757":"p","2758":":","2759":" ","2760":"2","2761":"0","2762":"p","2763":"x","2764":";","2765":"\\","2766":"r","2767":"\\","2768":"n","2769":" ","2770":" ","2771":" ","2772":" ","2773":" ","2774":" ","2775":" ","2776":" ","2777":" ","2778":" ","2779":" ","2780":" ","2781":"m","2782":"a","2783":"r","2784":"g","2785":"i","2786":"n","2787":"-","2788":"b","2789":"o","2790":"t","2791":"t","2792":"o","2793":"m","2794":":","2795":" ","2796":"2","2797":"0","2798":"p","2799":"x","2800":";","2801":"\\","2802":"r","2803":"\\","2804":"n","2805":" ","2806":" ","2807":" ","2808":" ","2809":" ","2810":" ","2811":" ","2812":" ","2813":"}","2814":"\\","2815":"r","2816":"\\","2817":"n","2818":"\\","2819":"r","2820":"\\","2821":"n","2822":" ","2823":" ","2824":" ","2825":" ","2826":" ","2827":" ","2828":" ","2829":" ","2830":"@","2831":"m","2832":"e","2833":"d","2834":"i","2835":"a","2836":" ","2837":"s","2838":"c","2839":"r","2840":"e","2841":"e","2842":"n","2843":" ","2844":"a","2845":"n","2846":"d","2847":" ","2848":"(","2849":"m","2850":"i","2851":"n","2852":"-","2853":"w","2854":"i","2855":"d","2856":"t","2857":"h","2858":":","2859":" ","2860":"6","2861":"2","2862":"0","2863":"p","2864":"x","2865":")","2866":" ","2867":"{","2868":"\\","2869":"r","2870":"\\","2871":"n","2872":" ","2873":" ","2874":" ","2875":" ","2876":" ","2877":" ","2878":" ","2879":" ","2880":" ","2881":" ","2882":" ","2883":" ","2884":"/","2885":"/","2886":" ","2887":"æ","2888":"n","2889":"d","2890":"r","2891":"i","2892":"n","2893":"g","2894":" ","2895":"a","2896":"f","2897":" ","2898":"l","2899":"i","2900":"n","2901":"j","2902":"e","2903":" ","2904":"o","2905":"g","2906":" ","2907":"t","2908":"e","2909":"k","2910":"s","2911":"t","2912":"e","2913":"n","2914":" ","2915":"s","2916":"å","2917":" ","2918":"d","2919":"e","2920":"t","2921":" ","2922":"s","2923":"t","2924":"å","2925":"r","2926":" ","2927":"i","2928":" ","2929":"m","2930":"i","2931":"d","2932":"t","2933":"e","2934":"n","2935":".","2936":"\\","2937":"r","2938":"\\","2939":"n","2940":" ","2941":" ","2942":" ","2943":" ","2944":" ","2945":" ","2946":" ","2947":" ","2948":" ","2949":" ","2950":" ","2951":" ","2952":".","2953":"i","2954":"n","2955":"f","2956":"o","2957":"S","2958":"e","2959":"c","2960":"t","2961":"i","2962":"o","2963":"n","2964":" ","2965":"{","2966":"\\","2967":"r","2968":"\\","2969":"n","2970":" ","2971":" ","2972":" ","2973":" ","2974":" ","2975":" ","2976":" ","2977":" ","2978":" ","2979":" ","2980":" ","2981":" ","2982":" ","2983":" ","2984":" ","2985":" ","2986":"m","2987":"a","2988":"r","2989":"g","2990":"i","2991":"n","2992":"-","2993":"l","2994":"e","2995":"f","2996":"t","2997":":","2998":" ","2999":"a","3000":"u","3001":"t","3002":"o","3003":";","3004":"\\","3005":"r","3006":"\\","3007":"n","3008":" ","3009":" ","3010":" ","3011":" ","3012":" ","3013":" ","3014":" ","3015":" ","3016":" ","3017":" ","3018":" ","3019":" ","3020":" ","3021":" ","3022":" ","3023":" ","3024":"m","3025":"a","3026":"r","3027":"g","3028":"i","3029":"n","3030":"-","3031":"r","3032":"i","3033":"g","3034":"h","3035":"t","3036":":","3037":" ","3038":"a","3039":"u","3040":"t","3041":"o","3042":";","3043":"\\","3044":"r","3045":"\\","3046":"n","3047":" ","3048":" ","3049":" ","3050":" ","3051":" ","3052":" ","3053":" ","3054":" ","3055":" ","3056":" ","3057":" ","3058":" ","3059":" ","3060":" ","3061":" ","3062":" ","3063":"w","3064":"i","3065":"d","3066":"t","3067":"h","3068":":","3069":" ","3070":"4","3071":"8","3072":"7","3073":"p","3074":"x","3075":";","3076":"\\","3077":"r","3078":"\\","3079":"n","3080":" ","3081":" ","3082":" ","3083":" ","3084":" ","3085":" ","3086":" ","3087":" ","3088":" ","3089":" ","3090":" ","3091":" ","3092":" ","3093":" ","3094":" ","3095":" ","3096":"\\","3097":"r","3098":"\\","3099":"n","3100":" ","3101":" ","3102":" ","3103":" ","3104":" ","3105":" ","3106":" ","3107":" ","3108":" ","3109":" ","3110":" ","3111":" ","3112":"}","3113":"\\","3114":"r","3115":"\\","3116":"n","3117":" ","3118":" ","3119":" ","3120":" ","3121":" ","3122":" ","3123":" ","3124":" ","3125":"}","3126":" ","3127":" ","3128":" ","3129":" ","3130":"\\","3131":"r","3132":"\\","3133":"n","3134":"<","3135":"/","3136":"s","3137":"t","3138":"y","3139":"l","3140":"e","3141":">","3142":"\"","3143":"]","3144":"}"},"_coverageSchema":"1a1c01bbd47fc00a2c39e90264f33305004495a9","hash":"f1c4903295e10f9250cd9804f82befdcb3e1eab1"}
,"C:\\Users\\MrKra\\Documents\\GitHub\\IbaAssignments\\Projects\\KoldFestival\\KoldFestivalGruppe1\\src\\components\\HelloWorld.vue": {"path":"C:\\Users\\MrKra\\Documents\\GitHub\\IbaAssignments\\Projects\\KoldFestival\\KoldFestivalGruppe1\\src\\components\\HelloWorld.vue","statementMap":{"0":{"start":{"line":4,"column":0},"end":{"line":6,"column":3}},"1":{"start":{"line":7,"column":0},"end":{"line":7,"column":25}},"2":{"start":{"line":8,"column":15},"end":{"line":13,"column":1}},"3":{"start":{"line":16,"column":0},"end":{"line":16,"column":13}},"4":{"start":{"line":18,"column":0},"end":{"line":20,"column":3}},"5":{"start":{"line":21,"column":0},"end":{"line":21,"column":24}},"6":{"start":{"line":22,"column":11},"end":{"line":22,"column":25}},"7":{"start":{"line":23,"column":17},"end":{"line":25,"column":1}},"8":{"start":{"line":26,"column":30},"end":{"line":26,"column":1892}},"9":{"start":{"line":28,"column":2},"end":{"line":28,"column":187}},"10":{"start":{"line":29,"column":2},"end":{"line":29,"column":49}}},"fnMap":{"0":{"name":"render","decl":{"start":{"line":27,"column":9},"end":{"line":27,"column":15}},"loc":{"start":{"line":27,"column":30},"end":{"line":29,"column":1}},"line":27}},"branchMap":{},"s":{"0":1,"1":1,"2":1,"3":1,"4":1,"5":1,"6":1,"7":1,"8":1,"9":1,"10":1},"f":{"0":1},"b":{},"inputSourceMap":{"0":"{","1":"\"","2":"v","3":"e","4":"r","5":"s","6":"i","7":"o","8":"n","9":"\"","10":":","11":"3","12":",","13":"\"","14":"s","15":"o","16":"u","17":"r","18":"c","19":"e","20":"s","21":"\"","22":":","23":"[","24":"\"","25":"C","26":":","27":"\\","28":"\\","29":"U","30":"s","31":"e","32":"r","33":"s","34":"\\","35":"\\","36":"M","37":"r","38":"K","39":"r","40":"a","41":"\\","42":"\\","43":"D","44":"o","45":"c","46":"u","47":"m","48":"e","49":"n","50":"t","51":"s","52":"\\","53":"\\","54":"G","55":"i","56":"t","57":"H","58":"u","59":"b","60":"\\","61":"\\","62":"I","63":"b","64":"a","65":"A","66":"s","67":"s","68":"i","69":"g","70":"n","71":"m","72":"e","73":"n","74":"t","75":"s","76":"\\","77":"\\","78":"P","79":"r","80":"o","81":"j","82":"e","83":"c","84":"t","85":"s","86":"\\","87":"\\","88":"K","89":"o","90":"l","91":"d","92":"F","93":"e","94":"s","95":"t","96":"i","97":"v","98":"a","99":"l","100":"\\","101":"\\","102":"K","103":"o","104":"l","105":"d","106":"F","107":"e","108":"s","109":"t","110":"i","111":"v","112":"a","113":"l","114":"G","115":"r","116":"u","117":"p","118":"p","119":"e","120":"1","121":"\\","122":"\\","123":"s","124":"r","125":"c","126":"\\","127":"\\","128":"c","129":"o","130":"m","131":"p","132":"o","133":"n","134":"e","135":"n","136":"t","137":"s","138":"\\","139":"\\","140":"H","141":"e","142":"l","143":"l","144":"o","145":"W","146":"o","147":"r","148":"l","149":"d","150":".","151":"v","152":"u","153":"e","154":"\"","155":"]","156":",","157":"\"","158":"n","159":"a","160":"m","161":"e","162":"s","163":"\"","164":":","165":"[","166":"]","167":",","168":"\"","169":"m","170":"a","171":"p","172":"p","173":"i","174":"n","175":"g","176":"s","177":"\"","178":":","179":"\"","180":";","181":";","182":";","183":";","184":";","185":";","186":";","187":"e","188":"A","189":"m","190":"C","191":"e","192":";","193":"E","194":"A","195":"C","196":"b","197":",","198":"I","199":"A","200":"A","201":"I","202":",","203":"E","204":"A","205":"A","206":"E","207":",","208":"Y","209":"A","210":"A","211":"Y","212":";","213":"E","214":"A","215":"C","216":"l","217":"B","218":",","219":"K","220":"A","221":"A","222":"K","223":",","224":"E","225":"A","226":"A","227":"E","228":";","229":"I","230":"A","231":"C","232":"L","233":",","234":"G","235":"A","236":"A","237":"G","238":",","239":"E","240":"A","241":"A","242":"E","243":";","244":"E","245":"A","246":"C","247":"P","248":";","249":"A","250":"A","251":"C","252":"F","253":",","254":"C","255":"A","256":"A","257":"C","258":";","259":"A","260":"A","261":"A","262":"A","263":";","264":"A","265":"A","266":"A","267":"A","268":"\"","269":",","270":"\"","271":"f","272":"i","273":"l","274":"e","275":"\"","276":":","277":"\"","278":"C","279":":","280":"\\","281":"\\","282":"U","283":"s","284":"e","285":"r","286":"s","287":"\\","288":"\\","289":"M","290":"r","291":"K","292":"r","293":"a","294":"\\","295":"\\","296":"D","297":"o","298":"c","299":"u","300":"m","301":"e","302":"n","303":"t","304":"s","305":"\\","306":"\\","307":"G","308":"i","309":"t","310":"H","311":"u","312":"b","313":"\\","314":"\\","315":"I","316":"b","317":"a","318":"A","319":"s","320":"s","321":"i","322":"g","323":"n","324":"m","325":"e","326":"n","327":"t","328":"s","329":"\\","330":"\\","331":"P","332":"r","333":"o","334":"j","335":"e","336":"c","337":"t","338":"s","339":"\\","340":"\\","341":"K","342":"o","343":"l","344":"d","345":"F","346":"e","347":"s","348":"t","349":"i","350":"v","351":"a","352":"l","353":"\\","354":"\\","355":"K","356":"o","357":"l","358":"d","359":"F","360":"e","361":"s","362":"t","363":"i","364":"v","365":"a","366":"l","367":"G","368":"r","369":"u","370":"p","371":"p","372":"e","373":"1","374":"\\","375":"\\","376":"s","377":"r","378":"c","379":"\\","380":"\\","381":"c","382":"o","383":"m","384":"p","385":"o","386":"n","387":"e","388":"n","389":"t","390":"s","391":"\\","392":"\\","393":"H","394":"e","395":"l","396":"l","397":"o","398":"W","399":"o","400":"r","401":"l","402":"d","403":".","404":"v","405":"u","406":"e","407":"\"","408":",","409":"\"","410":"s","411":"o","412":"u","413":"r","414":"c","415":"e","416":"s","417":"C","418":"o","419":"n","420":"t","421":"e","422":"n","423":"t","424":"\"","425":":","426":"[","427":"\"","428":"<","429":"t","430":"e","431":"m","432":"p","433":"l","434":"a","435":"t","436":"e","437":">","438":"\\","439":"r","440":"\\","441":"n","442":" ","443":" ","444":"<","445":"d","446":"i","447":"v","448":" ","449":"c","450":"l","451":"a","452":"s","453":"s","454":"=","455":"\\","456":"\"","457":"h","458":"e","459":"l","460":"l","461":"o","462":"\\","463":"\"","464":">","465":"\\","466":"r","467":"\\","468":"n","469":" ","470":" ","471":" ","472":" ","473":"<","474":"h","475":"1","476":">","477":"{","478":"{","479":" ","480":"m","481":"s","482":"g","483":" ","484":"}","485":"}","486":"<","487":"/","488":"h","489":"1","490":">","491":"\\","492":"r","493":"\\","494":"n","495":" ","496":" ","497":" ","498":" ","499":"<","500":"p","501":">","502":"\\","503":"r","504":"\\","505":"n","506":" ","507":" ","508":" ","509":" ","510":" ","511":" ","512":"F","513":"o","514":"r","515":" ","516":"a","517":" ","518":"g","519":"u","520":"i","521":"d","522":"e","523":" ","524":"a","525":"n","526":"d","527":" ","528":"r","529":"e","530":"c","531":"i","532":"p","533":"e","534":"s","535":" ","536":"o","537":"n","538":" ","539":"h","540":"o","541":"w","542":" ","543":"t","544":"o","545":" ","546":"c","547":"o","548":"n","549":"f","550":"i","551":"g","552":"u","553":"r","554":"e","555":" ","556":"/","557":" ","558":"c","559":"u","560":"s","561":"t","562":"o","563":"m","564":"i","565":"z","566":"e","567":" ","568":"t","569":"h","570":"i","571":"s","572":" ","573":"p","574":"r","575":"o","576":"j","577":"e","578":"c","579":"t","580":",","581":"<","582":"b","583":"r","584":">","585":"\\","586":"r","587":"\\","588":"n","589":" ","590":" ","591":" ","592":" ","593":" ","594":" ","595":"c","596":"h","597":"e","598":"c","599":"k","600":" ","601":"o","602":"u","603":"t","604":" ","605":"t","606":"h","607":"e","608":"\\","609":"r","610":"\\","611":"n","612":" ","613":" ","614":" ","615":" ","616":" ","617":" ","618":"<","619":"a","620":" ","621":"h","622":"r","623":"e","624":"f","625":"=","626":"\\","627":"\"","628":"h","629":"t","630":"t","631":"p","632":"s","633":":","634":"/","635":"/","636":"c","637":"l","638":"i","639":".","640":"v","641":"u","642":"e","643":"j","644":"s","645":".","646":"o","647":"r","648":"g","649":"\\","650":"\"","651":" ","652":"t","653":"a","654":"r","655":"g","656":"e","657":"t","658":"=","659":"\\","660":"\"","661":"_","662":"b","663":"l","664":"a","665":"n","666":"k","667":"\\","668":"\"","669":" ","670":"r","671":"e","672":"l","673":"=","674":"\\","675":"\"","676":"n","677":"o","678":"o","679":"p","680":"e","681":"n","682":"e","683":"r","684":"\\","685":"\"","686":">","687":"v","688":"u","689":"e","690":"-","691":"c","692":"l","693":"i","694":" ","695":"d","696":"o","697":"c","698":"u","699":"m","700":"e","701":"n","702":"t","703":"a","704":"t","705":"i","706":"o","707":"n","708":"<","709":"/","710":"a","711":">","712":".","713":"\\","714":"r","715":"\\","716":"n","717":" ","718":" ","719":" ","720":" ","721":"<","722":"/","723":"p","724":">","725":"\\","726":"r","727":"\\","728":"n","729":" ","730":" ","731":" ","732":" ","733":"<","734":"h","735":"3","736":">","737":"I","738":"n","739":"s","740":"t","741":"a","742":"l","743":"l","744":"e","745":"d","746":" ","747":"C","748":"L","749":"I","750":" ","751":"P","752":"l","753":"u","754":"g","755":"i","756":"n","757":"s","758":"<","759":"/","760":"h","761":"3","762":">","763":"\\","764":"r","765":"\\","766":"n","767":" ","768":" ","769":" ","770":" ","771":"<","772":"u","773":"l","774":">","775":"\\","776":"r","777":"\\","778":"n","779":" ","780":" ","781":" ","782":" ","783":" ","784":" ","785":"<","786":"l","787":"i","788":">","789":"<","790":"a","791":" ","792":"h","793":"r","794":"e","795":"f","796":"=","797":"\\","798":"\"","799":"h","800":"t","801":"t","802":"p","803":"s","804":":","805":"/","806":"/","807":"g","808":"i","809":"t","810":"h","811":"u","812":"b","813":".","814":"c","815":"o","816":"m","817":"/","818":"v","819":"u","820":"e","821":"j","822":"s","823":"/","824":"v","825":"u","826":"e","827":"-","828":"c","829":"l","830":"i","831":"/","832":"t","833":"r","834":"e","835":"e","836":"/","837":"d","838":"e","839":"v","840":"/","841":"p","842":"a","843":"c","844":"k","845":"a","846":"g","847":"e","848":"s","849":"/","850":"%","851":"4","852":"0","853":"v","854":"u","855":"e","856":"/","857":"c","858":"l","859":"i","860":"-","861":"p","862":"l","863":"u","864":"g","865":"i","866":"n","867":"-","868":"b","869":"a","870":"b","871":"e","872":"l","873":"\\","874":"\"","875":" ","876":"t","877":"a","878":"r","879":"g","880":"e","881":"t","882":"=","883":"\\","884":"\"","885":"_","886":"b","887":"l","888":"a","889":"n","890":"k","891":"\\","892":"\"","893":" ","894":"r","895":"e","896":"l","897":"=","898":"\\","899":"\"","900":"n","901":"o","902":"o","903":"p","904":"e","905":"n","906":"e","907":"r","908":"\\","909":"\"","910":">","911":"b","912":"a","913":"b","914":"e","915":"l","916":"<","917":"/","918":"a","919":">","920":"<","921":"/","922":"l","923":"i","924":">","925":"\\","926":"r","927":"\\","928":"n","929":" ","930":" ","931":" ","932":" ","933":" ","934":" ","935":"<","936":"l","937":"i","938":">","939":"<","940":"a","941":" ","942":"h","943":"r","944":"e","945":"f","946":"=","947":"\\","948":"\"","949":"h","950":"t","951":"t","952":"p","953":"s","954":":","955":"/","956":"/","957":"g","958":"i","959":"t","960":"h","961":"u","962":"b","963":".","964":"c","965":"o","966":"m","967":"/","968":"v","969":"u","970":"e","971":"j","972":"s","973":"/","974":"v","975":"u","976":"e","977":"-","978":"c","979":"l","980":"i","981":"/","982":"t","983":"r","984":"e","985":"e","986":"/","987":"d","988":"e","989":"v","990":"/","991":"p","992":"a","993":"c","994":"k","995":"a","996":"g","997":"e","998":"s","999":"/","1000":"%","1001":"4","1002":"0","1003":"v","1004":"u","1005":"e","1006":"/","1007":"c","1008":"l","1009":"i","1010":"-","1011":"p","1012":"l","1013":"u","1014":"g","1015":"i","1016":"n","1017":"-","1018":"r","1019":"o","1020":"u","1021":"t","1022":"e","1023":"r","1024":"\\","1025":"\"","1026":" ","1027":"t","1028":"a","1029":"r","1030":"g","1031":"e","1032":"t","1033":"=","1034":"\\","1035":"\"","1036":"_","1037":"b","1038":"l","1039":"a","1040":"n","1041":"k","1042":"\\","1043":"\"","1044":" ","1045":"r","1046":"e","1047":"l","1048":"=","1049":"\\","1050":"\"","1051":"n","1052":"o","1053":"o","1054":"p","1055":"e","1056":"n","1057":"e","1058":"r","1059":"\\","1060":"\"","1061":">","1062":"r","1063":"o","1064":"u","1065":"t","1066":"e","1067":"r","1068":"<","1069":"/","1070":"a","1071":">","1072":"<","1073":"/","1074":"l","1075":"i","1076":">","1077":"\\","1078":"r","1079":"\\","1080":"n","1081":" ","1082":" ","1083":" ","1084":" ","1085":" ","1086":" ","1087":"<","1088":"l","1089":"i","1090":">","1091":"<","1092":"a","1093":" ","1094":"h","1095":"r","1096":"e","1097":"f","1098":"=","1099":"\\","1100":"\"","1101":"h","1102":"t","1103":"t","1104":"p","1105":"s","1106":":","1107":"/","1108":"/","1109":"g","1110":"i","1111":"t","1112":"h","1113":"u","1114":"b","1115":".","1116":"c","1117":"o","1118":"m","1119":"/","1120":"v","1121":"u","1122":"e","1123":"j","1124":"s","1125":"/","1126":"v","1127":"u","1128":"e","1129":"-","1130":"c","1131":"l","1132":"i","1133":"/","1134":"t","1135":"r","1136":"e","1137":"e","1138":"/","1139":"d","1140":"e","1141":"v","1142":"/","1143":"p","1144":"a","1145":"c","1146":"k","1147":"a","1148":"g","1149":"e","1150":"s","1151":"/","1152":"%","1153":"4","1154":"0","1155":"v","1156":"u","1157":"e","1158":"/","1159":"c","1160":"l","1161":"i","1162":"-","1163":"p","1164":"l","1165":"u","1166":"g","1167":"i","1168":"n","1169":"-","1170":"e","1171":"s","1172":"l","1173":"i","1174":"n","1175":"t","1176":"\\","1177":"\"","1178":" ","1179":"t","1180":"a","1181":"r","1182":"g","1183":"e","1184":"t","1185":"=","1186":"\\","1187":"\"","1188":"_","1189":"b","1190":"l","1191":"a","1192":"n","1193":"k","1194":"\\","1195":"\"","1196":" ","1197":"r","1198":"e","1199":"l","1200":"=","1201":"\\","1202":"\"","1203":"n","1204":"o","1205":"o","1206":"p","1207":"e","1208":"n","1209":"e","1210":"r","1211":"\\","1212":"\"","1213":">","1214":"e","1215":"s","1216":"l","1217":"i","1218":"n","1219":"t","1220":"<","1221":"/","1222":"a","1223":">","1224":"<","1225":"/","1226":"l","1227":"i","1228":">","1229":"\\","1230":"r","1231":"\\","1232":"n","1233":" ","1234":" ","1235":" ","1236":" ","1237":" ","1238":" ","1239":"<","1240":"l","1241":"i","1242":">","1243":"<","1244":"a","1245":" ","1246":"h","1247":"r","1248":"e","1249":"f","1250":"=","1251":"\\","1252":"\"","1253":"h","1254":"t","1255":"t","1256":"p","1257":"s","1258":":","1259":"/","1260":"/","1261":"g","1262":"i","1263":"t","1264":"h","1265":"u","1266":"b","1267":".","1268":"c","1269":"o","1270":"m","1271":"/","1272":"v","1273":"u","1274":"e","1275":"j","1276":"s","1277":"/","1278":"v","1279":"u","1280":"e","1281":"-","1282":"c","1283":"l","1284":"i","1285":"/","1286":"t","1287":"r","1288":"e","1289":"e","1290":"/","1291":"d","1292":"e","1293":"v","1294":"/","1295":"p","1296":"a","1297":"c","1298":"k","1299":"a","1300":"g","1301":"e","1302":"s","1303":"/","1304":"%","1305":"4","1306":"0","1307":"v","1308":"u","1309":"e","1310":"/","1311":"c","1312":"l","1313":"i","1314":"-","1315":"p","1316":"l","1317":"u","1318":"g","1319":"i","1320":"n","1321":"-","1322":"u","1323":"n","1324":"i","1325":"t","1326":"-","1327":"j","1328":"e","1329":"s","1330":"t","1331":"\\","1332":"\"","1333":" ","1334":"t","1335":"a","1336":"r","1337":"g","1338":"e","1339":"t","1340":"=","1341":"\\","1342":"\"","1343":"_","1344":"b","1345":"l","1346":"a","1347":"n","1348":"k","1349":"\\","1350":"\"","1351":" ","1352":"r","1353":"e","1354":"l","1355":"=","1356":"\\","1357":"\"","1358":"n","1359":"o","1360":"o","1361":"p","1362":"e","1363":"n","1364":"e","1365":"r","1366":"\\","1367":"\"","1368":">","1369":"u","1370":"n","1371":"i","1372":"t","1373":"-","1374":"j","1375":"e","1376":"s","1377":"t","1378":"<","1379":"/","1380":"a","1381":">","1382":"<","1383":"/","1384":"l","1385":"i","1386":">","1387":"\\","1388":"r","1389":"\\","1390":"n","1391":" ","1392":" ","1393":" ","1394":" ","1395":"<","1396":"/","1397":"u","1398":"l","1399":">","1400":"\\","1401":"r","1402":"\\","1403":"n","1404":" ","1405":" ","1406":" ","1407":" ","1408":"<","1409":"h","1410":"3","1411":">","1412":"E","1413":"s","1414":"s","1415":"e","1416":"n","1417":"t","1418":"i","1419":"a","1420":"l","1421":" ","1422":"L","1423":"i","1424":"n","1425":"k","1426":"s","1427":"<","1428":"/","1429":"h","1430":"3","1431":">","1432":"\\","1433":"r","1434":"\\","1435":"n","1436":" ","1437":" ","1438":" ","1439":" ","1440":"<","1441":"u","1442":"l","1443":">","1444":"\\","1445":"r","1446":"\\","1447":"n","1448":" ","1449":" ","1450":" ","1451":" ","1452":" ","1453":" ","1454":"<","1455":"l","1456":"i","1457":">","1458":"<","1459":"a","1460":" ","1461":"h","1462":"r","1463":"e","1464":"f","1465":"=","1466":"\\","1467":"\"","1468":"h","1469":"t","1470":"t","1471":"p","1472":"s","1473":":","1474":"/","1475":"/","1476":"v","1477":"u","1478":"e","1479":"j","1480":"s","1481":".","1482":"o","1483":"r","1484":"g","1485":"\\","1486":"\"","1487":" ","1488":"t","1489":"a","1490":"r","1491":"g","1492":"e","1493":"t","1494":"=","1495":"\\","1496":"\"","1497":"_","1498":"b","1499":"l","1500":"a","1501":"n","1502":"k","1503":"\\","1504":"\"","1505":" ","1506":"r","1507":"e","1508":"l","1509":"=","1510":"\\","1511":"\"","1512":"n","1513":"o","1514":"o","1515":"p","1516":"e","1517":"n","1518":"e","1519":"r","1520":"\\","1521":"\"","1522":">","1523":"C","1524":"o","1525":"r","1526":"e","1527":" ","1528":"D","1529":"o","1530":"c","1531":"s","1532":"<","1533":"/","1534":"a","1535":">","1536":"<","1537":"/","1538":"l","1539":"i","1540":">","1541":"\\","1542":"r","1543":"\\","1544":"n","1545":" ","1546":" ","1547":" ","1548":" ","1549":" ","1550":" ","1551":"<","1552":"l","1553":"i","1554":">","1555":"<","1556":"a","1557":" ","1558":"h","1559":"r","1560":"e","1561":"f","1562":"=","1563":"\\","1564":"\"","1565":"h","1566":"t","1567":"t","1568":"p","1569":"s","1570":":","1571":"/","1572":"/","1573":"f","1574":"o","1575":"r","1576":"u","1577":"m","1578":".","1579":"v","1580":"u","1581":"e","1582":"j","1583":"s","1584":".","1585":"o","1586":"r","1587":"g","1588":"\\","1589":"\"","1590":" ","1591":"t","1592":"a","1593":"r","1594":"g","1595":"e","1596":"t","1597":"=","1598":"\\","1599":"\"","1600":"_","1601":"b","1602":"l","1603":"a","1604":"n","1605":"k","1606":"\\","1607":"\"","1608":" ","1609":"r","1610":"e","1611":"l","1612":"=","1613":"\\","1614":"\"","1615":"n","1616":"o","1617":"o","1618":"p","1619":"e","1620":"n","1621":"e","1622":"r","1623":"\\","1624":"\"","1625":">","1626":"F","1627":"o","1628":"r","1629":"u","1630":"m","1631":"<","1632":"/","1633":"a","1634":">","1635":"<","1636":"/","1637":"l","1638":"i","1639":">","1640":"\\","1641":"r","1642":"\\","1643":"n","1644":" ","1645":" ","1646":" ","1647":" ","1648":" ","1649":" ","1650":"<","1651":"l","1652":"i","1653":">","1654":"<","1655":"a","1656":" ","1657":"h","1658":"r","1659":"e","1660":"f","1661":"=","1662":"\\","1663":"\"","1664":"h","1665":"t","1666":"t","1667":"p","1668":"s","1669":":","1670":"/","1671":"/","1672":"c","1673":"h","1674":"a","1675":"t","1676":".","1677":"v","1678":"u","1679":"e","1680":"j","1681":"s","1682":".","1683":"o","1684":"r","1685":"g","1686":"\\","1687":"\"","1688":" ","1689":"t","1690":"a","1691":"r","1692":"g","1693":"e","1694":"t","1695":"=","1696":"\\","1697":"\"","1698":"_","1699":"b","1700":"l","1701":"a","1702":"n","1703":"k","1704":"\\","1705":"\"","1706":" ","1707":"r","1708":"e","1709":"l","1710":"=","1711":"\\","1712":"\"","1713":"n","1714":"o","1715":"o","1716":"p","1717":"e","1718":"n","1719":"e","1720":"r","1721":"\\","1722":"\"","1723":">","1724":"C","1725":"o","1726":"m","1727":"m","1728":"u","1729":"n","1730":"i","1731":"t","1732":"y","1733":" ","1734":"C","1735":"h","1736":"a","1737":"t","1738":"<","1739":"/","1740":"a","1741":">","1742":"<","1743":"/","1744":"l","1745":"i","1746":">","1747":"\\","1748":"r","1749":"\\","1750":"n","1751":" ","1752":" ","1753":" ","1754":" ","1755":" ","1756":" ","1757":"<","1758":"l","1759":"i","1760":">","1761":"<","1762":"a","1763":" ","1764":"h","1765":"r","1766":"e","1767":"f","1768":"=","1769":"\\","1770":"\"","1771":"h","1772":"t","1773":"t","1774":"p","1775":"s","1776":":","1777":"/","1778":"/","1779":"t","1780":"w","1781":"i","1782":"t","1783":"t","1784":"e","1785":"r","1786":".","1787":"c","1788":"o","1789":"m","1790":"/","1791":"v","1792":"u","1793":"e","1794":"j","1795":"s","1796":"\\","1797":"\"","1798":" ","1799":"t","1800":"a","1801":"r","1802":"g","1803":"e","1804":"t","1805":"=","1806":"\\","1807":"\"","1808":"_","1809":"b","1810":"l","1811":"a","1812":"n","1813":"k","1814":"\\","1815":"\"","1816":" ","1817":"r","1818":"e","1819":"l","1820":"=","1821":"\\","1822":"\"","1823":"n","1824":"o","1825":"o","1826":"p","1827":"e","1828":"n","1829":"e","1830":"r","1831":"\\","1832":"\"","1833":">","1834":"T","1835":"w","1836":"i","1837":"t","1838":"t","1839":"e","1840":"r","1841":"<","1842":"/","1843":"a","1844":">","1845":"<","1846":"/","1847":"l","1848":"i","1849":">","1850":"\\","1851":"r","1852":"\\","1853":"n","1854":" ","1855":" ","1856":" ","1857":" ","1858":" ","1859":" ","1860":"<","1861":"l","1862":"i","1863":">","1864":"<","1865":"a","1866":" ","1867":"h","1868":"r","1869":"e","1870":"f","1871":"=","1872":"\\","1873":"\"","1874":"h","1875":"t","1876":"t","1877":"p","1878":"s","1879":":","1880":"/","1881":"/","1882":"n","1883":"e","1884":"w","1885":"s","1886":".","1887":"v","1888":"u","1889":"e","1890":"j","1891":"s","1892":".","1893":"o","1894":"r","1895":"g","1896":"\\","1897":"\"","1898":" ","1899":"t","1900":"a","1901":"r","1902":"g","1903":"e","1904":"t","1905":"=","1906":"\\","1907":"\"","1908":"_","1909":"b","1910":"l","1911":"a","1912":"n","1913":"k","1914":"\\","1915":"\"","1916":" ","1917":"r","1918":"e","1919":"l","1920":"=","1921":"\\","1922":"\"","1923":"n","1924":"o","1925":"o","1926":"p","1927":"e","1928":"n","1929":"e","1930":"r","1931":"\\","1932":"\"","1933":">","1934":"N","1935":"e","1936":"w","1937":"s","1938":"<","1939":"/","1940":"a","1941":">","1942":"<","1943":"/","1944":"l","1945":"i","1946":">","1947":"\\","1948":"r","1949":"\\","1950":"n","1951":" ","1952":" ","1953":" ","1954":" ","1955":"<","1956":"/","1957":"u","1958":"l","1959":">","1960":"\\","1961":"r","1962":"\\","1963":"n","1964":" ","1965":" ","1966":" ","1967":" ","1968":"<","1969":"h","1970":"3","1971":">","1972":"E","1973":"c","1974":"o","1975":"s","1976":"y","1977":"s","1978":"t","1979":"e","1980":"m","1981":"<","1982":"/","1983":"h","1984":"3","1985":">","1986":"\\","1987":"r","1988":"\\","1989":"n","1990":" ","1991":" ","1992":" ","1993":" ","1994":"<","1995":"u","1996":"l","1997":">","1998":"\\","1999":"r","2000":"\\","2001":"n","2002":" ","2003":" ","2004":" ","2005":" ","2006":" ","2007":" ","2008":"<","2009":"l","2010":"i","2011":">","2012":"<","2013":"a","2014":" ","2015":"h","2016":"r","2017":"e","2018":"f","2019":"=","2020":"\\","2021":"\"","2022":"h","2023":"t","2024":"t","2025":"p","2026":"s","2027":":","2028":"/","2029":"/","2030":"r","2031":"o","2032":"u","2033":"t","2034":"e","2035":"r","2036":".","2037":"v","2038":"u","2039":"e","2040":"j","2041":"s","2042":".","2043":"o","2044":"r","2045":"g","2046":"\\","2047":"\"","2048":" ","2049":"t","2050":"a","2051":"r","2052":"g","2053":"e","2054":"t","2055":"=","2056":"\\","2057":"\"","2058":"_","2059":"b","2060":"l","2061":"a","2062":"n","2063":"k","2064":"\\","2065":"\"","2066":" ","2067":"r","2068":"e","2069":"l","2070":"=","2071":"\\","2072":"\"","2073":"n","2074":"o","2075":"o","2076":"p","2077":"e","2078":"n","2079":"e","2080":"r","2081":"\\","2082":"\"","2083":">","2084":"v","2085":"u","2086":"e","2087":"-","2088":"r","2089":"o","2090":"u","2091":"t","2092":"e","2093":"r","2094":"<","2095":"/","2096":"a","2097":">","2098":"<","2099":"/","2100":"l","2101":"i","2102":">","2103":"\\","2104":"r","2105":"\\","2106":"n","2107":" ","2108":" ","2109":" ","2110":" ","2111":" ","2112":" ","2113":"<","2114":"l","2115":"i","2116":">","2117":"<","2118":"a","2119":" ","2120":"h","2121":"r","2122":"e","2123":"f","2124":"=","2125":"\\","2126":"\"","2127":"h","2128":"t","2129":"t","2130":"p","2131":"s","2132":":","2133":"/","2134":"/","2135":"v","2136":"u","2137":"e","2138":"x","2139":".","2140":"v","2141":"u","2142":"e","2143":"j","2144":"s","2145":".","2146":"o","2147":"r","2148":"g","2149":"\\","2150":"\"","2151":" ","2152":"t","2153":"a","2154":"r","2155":"g","2156":"e","2157":"t","2158":"=","2159":"\\","2160":"\"","2161":"_","2162":"b","2163":"l","2164":"a","2165":"n","2166":"k","2167":"\\","2168":"\"","2169":" ","2170":"r","2171":"e","2172":"l","2173":"=","2174":"\\","2175":"\"","2176":"n","2177":"o","2178":"o","2179":"p","2180":"e","2181":"n","2182":"e","2183":"r","2184":"\\","2185":"\"","2186":">","2187":"v","2188":"u","2189":"e","2190":"x","2191":"<","2192":"/","2193":"a","2194":">","2195":"<","2196":"/","2197":"l","2198":"i","2199":">","2200":"\\","2201":"r","2202":"\\","2203":"n","2204":" ","2205":" ","2206":" ","2207":" ","2208":" ","2209":" ","2210":"<","2211":"l","2212":"i","2213":">","2214":"<","2215":"a","2216":" ","2217":"h","2218":"r","2219":"e","2220":"f","2221":"=","2222":"\\","2223":"\"","2224":"h","2225":"t","2226":"t","2227":"p","2228":"s","2229":":","2230":"/","2231":"/","2232":"g","2233":"i","2234":"t","2235":"h","2236":"u","2237":"b","2238":".","2239":"c","2240":"o","2241":"m","2242":"/","2243":"v","2244":"u","2245":"e","2246":"j","2247":"s","2248":"/","2249":"v","2250":"u","2251":"e","2252":"-","2253":"d","2254":"e","2255":"v","2256":"t","2257":"o","2258":"o","2259":"l","2260":"s","2261":"#","2262":"v","2263":"u","2264":"e","2265":"-","2266":"d","2267":"e","2268":"v","2269":"t","2270":"o","2271":"o","2272":"l","2273":"s","2274":"\\","2275":"\"","2276":" ","2277":"t","2278":"a","2279":"r","2280":"g","2281":"e","2282":"t","2283":"=","2284":"\\","2285":"\"","2286":"_","2287":"b","2288":"l","2289":"a","2290":"n","2291":"k","2292":"\\","2293":"\"","2294":" ","2295":"r","2296":"e","2297":"l","2298":"=","2299":"\\","2300":"\"","2301":"n","2302":"o","2303":"o","2304":"p","2305":"e","2306":"n","2307":"e","2308":"r","2309":"\\","2310":"\"","2311":">","2312":"v","2313":"u","2314":"e","2315":"-","2316":"d","2317":"e","2318":"v","2319":"t","2320":"o","2321":"o","2322":"l","2323":"s","2324":"<","2325":"/","2326":"a","2327":">","2328":"<","2329":"/","2330":"l","2331":"i","2332":">","2333":"\\","2334":"r","2335":"\\","2336":"n","2337":" ","2338":" ","2339":" ","2340":" ","2341":" ","2342":" ","2343":"<","2344":"l","2345":"i","2346":">","2347":"<","2348":"a","2349":" ","2350":"h","2351":"r","2352":"e","2353":"f","2354":"=","2355":"\\","2356":"\"","2357":"h","2358":"t","2359":"t","2360":"p","2361":"s","2362":":","2363":"/","2364":"/","2365":"v","2366":"u","2367":"e","2368":"-","2369":"l","2370":"o","2371":"a","2372":"d","2373":"e","2374":"r","2375":".","2376":"v","2377":"u","2378":"e","2379":"j","2380":"s","2381":".","2382":"o","2383":"r","2384":"g","2385":"\\","2386":"\"","2387":" ","2388":"t","2389":"a","2390":"r","2391":"g","2392":"e","2393":"t","2394":"=","2395":"\\","2396":"\"","2397":"_","2398":"b","2399":"l","2400":"a","2401":"n","2402":"k","2403":"\\","2404":"\"","2405":" ","2406":"r","2407":"e","2408":"l","2409":"=","2410":"\\","2411":"\"","2412":"n","2413":"o","2414":"o","2415":"p","2416":"e","2417":"n","2418":"e","2419":"r","2420":"\\","2421":"\"","2422":">","2423":"v","2424":"u","2425":"e","2426":"-","2427":"l","2428":"o","2429":"a","2430":"d","2431":"e","2432":"r","2433":"<","2434":"/","2435":"a","2436":">","2437":"<","2438":"/","2439":"l","2440":"i","2441":">","2442":"\\","2443":"r","2444":"\\","2445":"n","2446":" ","2447":" ","2448":" ","2449":" ","2450":" ","2451":" ","2452":"<","2453":"l","2454":"i","2455":">","2456":"<","2457":"a","2458":" ","2459":"h","2460":"r","2461":"e","2462":"f","2463":"=","2464":"\\","2465":"\"","2466":"h","2467":"t","2468":"t","2469":"p","2470":"s","2471":":","2472":"/","2473":"/","2474":"g","2475":"i","2476":"t","2477":"h","2478":"u","2479":"b","2480":".","2481":"c","2482":"o","2483":"m","2484":"/","2485":"v","2486":"u","2487":"e","2488":"j","2489":"s","2490":"/","2491":"a","2492":"w","2493":"e","2494":"s","2495":"o","2496":"m","2497":"e","2498":"-","2499":"v","2500":"u","2501":"e","2502":"\\","2503":"\"","2504":" ","2505":"t","2506":"a","2507":"r","2508":"g","2509":"e","2510":"t","2511":"=","2512":"\\","2513":"\"","2514":"_","2515":"b","2516":"l","2517":"a","2518":"n","2519":"k","2520":"\\","2521":"\"","2522":" ","2523":"r","2524":"e","2525":"l","2526":"=","2527":"\\","2528":"\"","2529":"n","2530":"o","2531":"o","2532":"p","2533":"e","2534":"n","2535":"e","2536":"r","2537":"\\","2538":"\"","2539":">","2540":"a","2541":"w","2542":"e","2543":"s","2544":"o","2545":"m","2546":"e","2547":"-","2548":"v","2549":"u","2550":"e","2551":"<","2552":"/","2553":"a","2554":">","2555":"<","2556":"/","2557":"l","2558":"i","2559":">","2560":"\\","2561":"r","2562":"\\","2563":"n","2564":" ","2565":" ","2566":" ","2567":" ","2568":"<","2569":"/","2570":"u","2571":"l","2572":">","2573":"\\","2574":"r","2575":"\\","2576":"n","2577":" ","2578":" ","2579":"<","2580":"/","2581":"d","2582":"i","2583":"v","2584":">","2585":"\\","2586":"r","2587":"\\","2588":"n","2589":"<","2590":"/","2591":"t","2592":"e","2593":"m","2594":"p","2595":"l","2596":"a","2597":"t","2598":"e","2599":">","2600":"\\","2601":"r","2602":"\\","2603":"n","2604":"\\","2605":"r","2606":"\\","2607":"n","2608":"<","2609":"s","2610":"c","2611":"r","2612":"i","2613":"p","2614":"t","2615":">","2616":"\\","2617":"r","2618":"\\","2619":"n","2620":"e","2621":"x","2622":"p","2623":"o","2624":"r","2625":"t","2626":" ","2627":"d","2628":"e","2629":"f","2630":"a","2631":"u","2632":"l","2633":"t","2634":" ","2635":"{","2636":"\\","2637":"r","2638":"\\","2639":"n","2640":" ","2641":" ","2642":"n","2643":"a","2644":"m","2645":"e","2646":":","2647":" ","2648":"'","2649":"H","2650":"e","2651":"l","2652":"l","2653":"o","2654":"W","2655":"o","2656":"r","2657":"l","2658":"d","2659":"'","2660":",","2661":"\\","2662":"r","2663":"\\","2664":"n","2665":" ","2666":" ","2667":"p","2668":"r","2669":"o","2670":"p","2671":"s","2672":":","2673":" ","2674":"{","2675":"\\","2676":"r","2677":"\\","2678":"n","2679":" ","2680":" ","2681":" ","2682":" ","2683":"m","2684":"s","2685":"g","2686":":","2687":" ","2688":"S","2689":"t","2690":"r","2691":"i","2692":"n","2693":"g","2694":"\\","2695":"r","2696":"\\","2697":"n","2698":" ","2699":" ","2700":"}","2701":"\\","2702":"r","2703":"\\","2704":"n","2705":"}","2706":"\\","2707":"r","2708":"\\","2709":"n","2710":"<","2711":"/","2712":"s","2713":"c","2714":"r","2715":"i","2716":"p","2717":"t","2718":">","2719":"\\","2720":"r","2721":"\\","2722":"n","2723":"\\","2724":"r","2725":"\\","2726":"n","2727":"<","2728":"!","2729":"-","2730":"-","2731":" ","2732":"A","2733":"d","2734":"d","2735":" ","2736":"\\","2737":"\"","2738":"s","2739":"c","2740":"o","2741":"p","2742":"e","2743":"d","2744":"\\","2745":"\"","2746":" ","2747":"a","2748":"t","2749":"t","2750":"r","2751":"i","2752":"b","2753":"u","2754":"t","2755":"e","2756":" ","2757":"t","2758":"o","2759":" ","2760":"l","2761":"i","2762":"m","2763":"i","2764":"t","2765":" ","2766":"C","2767":"S","2768":"S","2769":" ","2770":"t","2771":"o","2772":" ","2773":"t","2774":"h","2775":"i","2776":"s","2777":" ","2778":"c","2779":"o","2780":"m","2781":"p","2782":"o","2783":"n","2784":"e","2785":"n","2786":"t","2787":" ","2788":"o","2789":"n","2790":"l","2791":"y","2792":" ","2793":"-","2794":"-","2795":">","2796":"\\","2797":"r","2798":"\\","2799":"n","2800":"<","2801":"s","2802":"t","2803":"y","2804":"l","2805":"e","2806":" ","2807":"s","2808":"c","2809":"o","2810":"p","2811":"e","2812":"d","2813":" ","2814":"l","2815":"a","2816":"n","2817":"g","2818":"=","2819":"\\","2820":"\"","2821":"s","2822":"c","2823":"s","2824":"s","2825":"\\","2826":"\"","2827":">","2828":"\\","2829":"r","2830":"\\","2831":"n","2832":"h","2833":"3","2834":" ","2835":"{","2836":"\\","2837":"r","2838":"\\","2839":"n","2840":" ","2841":" ","2842":"m","2843":"a","2844":"r","2845":"g","2846":"i","2847":"n","2848":":","2849":" ","2850":"4","2851":"0","2852":"p","2853":"x","2854":" ","2855":"0","2856":" ","2857":"0","2858":";","2859":"\\","2860":"r","2861":"\\","2862":"n","2863":" ","2864":" ","2865":"b","2866":"a","2867":"c","2868":"k","2869":"g","2870":"r","2871":"o","2872":"u","2873":"n","2874":"d","2875":"-","2876":"c","2877":"o","2878":"l","2879":"o","2880":"r","2881":":","2882":" ","2883":"$","2884":"n","2885":"e","2886":"o","2887":"n","2888":"-","2889":"p","2890":"i","2891":"n","2892":"k","2893":";","2894":"\\","2895":"r","2896":"\\","2897":"n","2898":"}","2899":"\\","2900":"r","2901":"\\","2902":"n","2903":"u","2904":"l","2905":" ","2906":"{","2907":"\\","2908":"r","2909":"\\","2910":"n","2911":" ","2912":" ","2913":"l","2914":"i","2915":"s","2916":"t","2917":"-","2918":"s","2919":"t","2920":"y","2921":"l","2922":"e","2923":"-","2924":"t","2925":"y","2926":"p","2927":"e","2928":":","2929":" ","2930":"n","2931":"o","2932":"n","2933":"e","2934":";","2935":"\\","2936":"r","2937":"\\","2938":"n","2939":" ","2940":" ","2941":"p","2942":"a","2943":"d","2944":"d","2945":"i","2946":"n","2947":"g","2948":":","2949":" ","2950":"0","2951":";","2952":"\\","2953":"r","2954":"\\","2955":"n","2956":"}","2957":"\\","2958":"r","2959":"\\","2960":"n","2961":"l","2962":"i","2963":" ","2964":"{","2965":"\\","2966":"r","2967":"\\","2968":"n","2969":" ","2970":" ","2971":"d","2972":"i","2973":"s","2974":"p","2975":"l","2976":"a","2977":"y","2978":":","2979":" ","2980":"i","2981":"n","2982":"l","2983":"i","2984":"n","2985":"e","2986":"-","2987":"b","2988":"l","2989":"o","2990":"c","2991":"k","2992":";","2993":"\\","2994":"r","2995":"\\","2996":"n","2997":" ","2998":" ","2999":"m","3000":"a","3001":"r","3002":"g","3003":"i","3004":"n","3005":":","3006":" ","3007":"0","3008":" ","3009":"1","3010":"0","3011":"p","3012":"x","3013":";","3014":"\\","3015":"r","3016":"\\","3017":"n","3018":"}","3019":"\\","3020":"r","3021":"\\","3022":"n","3023":"a","3024":" ","3025":"{","3026":"\\","3027":"r","3028":"\\","3029":"n","3030":" ","3031":" ","3032":"c","3033":"o","3034":"l","3035":"o","3036":"r","3037":":","3038":" ","3039":"#","3040":"4","3041":"2","3042":"b","3043":"9","3044":"8","3045":"3","3046":";","3047":"\\","3048":"r","3049":"\\","3050":"n","3051":"}","3052":"\\","3053":"r","3054":"\\","3055":"n","3056":"\\","3057":"r","3058":"\\","3059":"n","3060":"/","3061":"/","3062":" ","3063":"E","3064":"g","3065":"e","3066":"n","3067":" ","3068":"c","3069":"s","3070":"s","3071":" ","3072":"t","3073":"i","3074":"l","3075":"f","3076":"ø","3077":"j","3078":"e","3079":"l","3080":"s","3081":"e","3082":" ","3083":"h","3084":"e","3085":"r","3086":":","3087":"\\","3088":"r","3089":"\\","3090":"n","3091":"\\","3092":"r","3093":"\\","3094":"n","3095":"<","3096":"/","3097":"s","3098":"t","3099":"y","3100":"l","3101":"e","3102":">","3103":"\\","3104":"r","3105":"\\","3106":"n","3107":"\"","3108":"]","3109":"}"},"_coverageSchema":"1a1c01bbd47fc00a2c39e90264f33305004495a9","hash":"438eab508219a82c15879cfdae0d6dfddf9673ef"}
,"C:\\Users\\MrKra\\Documents\\GitHub\\IbaAssignments\\Projects\\KoldFestival\\KoldFestivalGruppe1\\src\\components\\SectionHeader.vue": {"path":"C:\\Users\\MrKra\\Documents\\GitHub\\IbaAssignments\\Projects\\KoldFestival\\KoldFestivalGruppe1\\src\\components\\SectionHeader.vue","statementMap":{"0":{"start":{"line":4,"column":0},"end":{"line":6,"column":3}},"1":{"start":{"line":7,"column":0},"end":{"line":7,"column":25}},"2":{"start":{"line":8,"column":15},"end":{"line":39,"column":1}},"3":{"start":{"line":17,"column":6},"end":{"line":17,"column":61}},"4":{"start":{"line":20,"column":6},"end":{"line":20,"column":58}},"5":{"start":{"line":25,"column":6},"end":{"line":36,"column":7}},"6":{"start":{"line":27,"column":10},"end":{"line":27,"column":27}},"7":{"start":{"line":29,"column":10},"end":{"line":29,"column":27}},"8":{"start":{"line":31,"column":10},"end":{"line":31,"column":27}},"9":{"start":{"line":33,"column":10},"end":{"line":33,"column":27}},"10":{"start":{"line":35,"column":10},"end":{"line":35,"column":27}},"11":{"start":{"line":42,"column":0},"end":{"line":42,"column":13}},"12":{"start":{"line":44,"column":0},"end":{"line":46,"column":3}},"13":{"start":{"line":47,"column":0},"end":{"line":47,"column":24}},"14":{"start":{"line":48,"column":11},"end":{"line":48,"column":25}},"15":{"start":{"line":49,"column":17},"end":{"line":49,"column":24}},"16":{"start":{"line":50,"column":17},"end":{"line":50,"column":24}},"17":{"start":{"line":51,"column":17},"end":{"line":53,"column":1}},"18":{"start":{"line":55,"column":2},"end":{"line":71,"column":77}},"19":{"start":{"line":72,"column":2},"end":{"line":72,"column":49}}},"fnMap":{"0":{"name":"(anonymous_0)","decl":{"start":{"line":16,"column":4},"end":{"line":16,"column":5}},"loc":{"start":{"line":16,"column":22},"end":{"line":18,"column":5}},"line":16},"1":{"name":"(anonymous_1)","decl":{"start":{"line":19,"column":4},"end":{"line":19,"column":5}},"loc":{"start":{"line":19,"column":28},"end":{"line":21,"column":5}},"line":19},"2":{"name":"(anonymous_2)","decl":{"start":{"line":24,"column":4},"end":{"line":24,"column":5}},"loc":{"start":{"line":24,"column":19},"end":{"line":37,"column":5}},"line":24},"3":{"name":"render","decl":{"start":{"line":54,"column":9},"end":{"line":54,"column":15}},"loc":{"start":{"line":54,"column":30},"end":{"line":72,"column":1}},"line":54}},"branchMap":{"0":{"loc":{"start":{"line":25,"column":6},"end":{"line":36,"column":7}},"type":"switch","locations":[{"start":{"line":26,"column":8},"end":{"line":27,"column":27}},{"start":{"line":28,"column":8},"end":{"line":29,"column":27}},{"start":{"line":30,"column":8},"end":{"line":31,"column":27}},{"start":{"line":32,"column":8},"end":{"line":33,"column":27}},{"start":{"line":34,"column":8},"end":{"line":35,"column":27}}],"line":25}},"s":{"0":1,"1":1,"2":1,"3":1,"4":1,"5":1,"6":0,"7":0,"8":1,"9":0,"10":0,"11":1,"12":1,"13":1,"14":1,"15":1,"16":1,"17":1,"18":1,"19":1},"f":{"0":1,"1":1,"2":1,"3":1},"b":{"0":[0,0,1,0,0]},"inputSourceMap":{"0":"{","1":"\"","2":"v","3":"e","4":"r","5":"s","6":"i","7":"o","8":"n","9":"\"","10":":","11":"3","12":",","13":"\"","14":"s","15":"o","16":"u","17":"r","18":"c","19":"e","20":"s","21":"\"","22":":","23":"[","24":"\"","25":"C","26":":","27":"\\","28":"\\","29":"U","30":"s","31":"e","
[...]
":" ","18093":" ","18094":" ","18095":" ","18096":" ","18097":" ","18098":" ","18099":" ","18100":" ","18101":" ","18102":" ","18103":" ","18104":" ","18105":" ","18106":" ","18107":" ","18108":" ","18109":" ","18110":" ","18111":"\\","18112":"r","18113":"\\","18114":"n","18115":" ","18116":" ","18117":" ","18118":" ","18119":" ","18120":" ","18121":" ","18122":" ","18123":" ","18124":" ","18125":" ","18126":" ","18127":" ","18128":" ","18129":" ","18130":" ","18131":" ","18132":" ","18133":" ","18134":" ","18135":" ","18136":" ","18137":" ","18138":" ","18139":"\\","18140":"r","18141":"\\","18142":"n","18143":" ","18144":" ","18145":" ","18146":" ","18147":" ","18148":" ","18149":" ","18150":" ","18151":" ","18152":" ","18153":" ","18154":" ","18155":" ","18156":" ","18157":" ","18158":" ","18159":" ","18160":" ","18161":" ","18162":" ","18163":"}","18164":"\\","18165":"r","18166":"\\","18167":"n","18168":" ","18169":" ","18170":" ","18171":" ","18172":" ","18173":" ","18174":" ","18175":" ","18176":" ","18177":" ","18178":" ","18179":" ","18180":" ","18181":" ","18182":" ","18183":" ","18184":"}","18185":"\\","18186":"r","18187":"\\","18188":"n","18189":" ","18190":" ","18191":" ","18192":" ","18193":" ","18194":" ","18195":" ","18196":" ","18197":" ","18198":" ","18199":" ","18200":" ","18201":" ","18202":" ","18203":" ","18204":" ","18205":".","18206":"r","18207":"o","18208":"w","18209":":","18210":"l","18211":"a","18212":"s","18213":"t","18214":"-","18215":"c","18216":"h","18217":"i","18218":"l","18219":"d","18220":" ","18221":"{","18222":"\\","18223":"r","18224":"\\","18225":"n","18226":" ","18227":" ","18228":" ","18229":" ","18230":" ","18231":" ","18232":" ","18233":" ","18234":" ","18235":" ","18236":" ","18237":" ","18238":" ","18239":" ","18240":" ","18241":" ","18242":" ","18243":" ","18244":" ","18245":" ","18246":"d","18247":"i","18248":"v","18249":" ","18250":"{","18251":"\\","18252":"r","18253":"\\","18254":"n","18255":" ","18256":" ","18257":" ","18258":" ","18259":" ","18260":" ","18261":" ","18262":" ","18263":" ","18264":" ","18265":" ","18266":" ","18267":" ","18268":" ","18269":" ","18270":" ","18271":" ","18272":" ","18273":" ","18274":" ","18275":" ","18276":" ","18277":" ","18278":" ","18279":"b","18280":"o","18281":"r","18282":"d","18283":"e","18284":"r","18285":"-","18286":"b","18287":"o","18288":"t","18289":"t","18290":"o","18291":"m","18292":":","18293":" ","18294":"0","18295":"p","18296":"x","18297":";","18298":"\\","18299":"r","18300":"\\","18301":"n","18302":" ","18303":" ","18304":" ","18305":" ","18306":" ","18307":" ","18308":" ","18309":" ","18310":" ","18311":" ","18312":" ","18313":" ","18314":" ","18315":" ","18316":" ","18317":" ","18318":" ","18319":" ","18320":" ","18321":" ","18322":"}","18323":"\\","18324":"r","18325":"\\","18326":"n","18327":" ","18328":" ","18329":" ","18330":" ","18331":" ","18332":" ","18333":" ","18334":" ","18335":" ","18336":" ","18337":" ","18338":" ","18339":" ","18340":" ","18341":" ","18342":" ","18343":"}","18344":"\\","18345":"r","18346":"\\","18347":"n","18348":" ","18349":" ","18350":" ","18351":" ","18352":" ","18353":" ","18354":" ","18355":" ","18356":" ","18357":" ","18358":" ","18359":" ","18360":" ","18361":" ","18362":" ","18363":" ","18364":"}","18365":"\\","18366":"r","18367":"\\","18368":"n","18369":" ","18370":" ","18371":" ","18372":" ","18373":" ","18374":" ","18375":" ","18376":" ","18377":" ","18378":" ","18379":" ","18380":" ","18381":"}","18382":"\\","18383":"r","18384":"\\","18385":"n","18386":" ","18387":" ","18388":" ","18389":" ","18390":" ","18391":" ","18392":" ","18393":" ","18394":" ","18395":" ","18396":" ","18397":" ","18398":"\\","18399":"r","18400":"\\","18401":"n","18402":" ","18403":" ","18404":" ","18405":" ","18406":" ","18407":" ","18408":" ","18409":" ","18410":"}","18411":"\\","18412":"r","18413":"\\","18414":"n","18415":" ","18416":" ","18417":" ","18418":" ","18419":"}","18420":"\\","18421":"r","18422":"\\","18423":"n","18424":"}","18425":"\\","18426":"r","18427":"\\","18428":"n","18429":"/","18430":"/","18431":"I","18432":"p","18433":"a","18434":"d","18435":" ","18436":"H","18437":"o","18438":"r","18439":"i","18440":"z","18441":"o","18442":"n","18443":"t","18444":"a","18445":"l","18446":",","18447":" ","18448":"B","18449":"u","18450":"t","18451":" ","18452":"c","18453":"o","18454":"n","18455":"t","18456":"e","18457":"n","18458":"t","18459":" ","18460":"s","18461":"t","18462":"a","18463":"y","18464":"s","18465":" ","18466":"t","18467":"h","18468":"e","18469":" ","18470":"s","18471":"a","18472":"m","18473":"e","18474":" ","18475":"a","18476":"s","18477":" ","18478":"I","18479":"p","18480":"a","18481":"d","18482":" ","18483":"V","18484":"e","18485":"r","18486":"t","18487":"i","18488":"c","18489":"a","18490":"l","18491":"\\","18492":"r","18493":"\\","18494":"n","18495":"@","18496":"m","18497":"e","18498":"d","18499":"i","18500":"a","18501":" ","18502":"s","18503":"c","18504":"r","18505":"e","18506":"e","18507":"n","18508":" ","18509":"a","18510":"n","18511":"d","18512":" ","18513":"(","18514":"m","18515":"i","18516":"n","18517":"-","18518":"w","18519":"i","18520":"d","18521":"t","18522":"h","18523":":","18524":" ","18525":"1","18526":"1","18527":"9","18528":"4","18529":"p","18530":"x","18531":" ","18532":")","18533":"{","18534":"\\","18535":"r","18536":"\\","18537":"n","18538":" ","18539":" ","18540":" ","18541":" ","18542":"\\","18543":"r","18544":"\\","18545":"n","18546":"}","18547":"\\","18548":"r","18549":"\\","18550":"n","18551":"\\","18552":"r","18553":"\\","18554":"n","18555":"/","18556":"/","18557":"D","18558":"e","18559":"s","18560":"k","18561":"t","18562":"o","18563":"p","18564":"\\","18565":"r","18566":"\\","18567":"n","18568":"@","18569":"m","18570":"e","18571":"d","18572":"i","18573":"a","18574":" ","18575":"s","18576":"c","18577":"r","18578":"e","18579":"e","18580":"n","18581":" ","18582":"a","18583":"n","18584":"d","18585":" ","18586":"(","18587":"m","18588":"i","18589":"n","18590":"-","18591":"w","18592":"i","18593":"d","18594":"t","18595":"h","18596":":","18597":" ","18598":"1","18599":"5","18600":"1","18601":"2","18602":"p","18603":"x","18604":" ","18605":")","18606":"{","18607":"\\","18608":"r","18609":"\\","18610":"n","18611":" ","18612":" ","18613":" ","18614":" ","18615":".","18616":"f","18617":"e","18618":"s","18619":"t","18620":"i","18621":"v","18622":"a","18623":"l","18624":"P","18625":"r","18626":"o","18627":"g","18628":"r","18629":"a","18630":"m","18631":"{","18632":"\\","18633":"r","18634":"\\","18635":"n","18636":" ","18637":" ","18638":" ","18639":" ","18640":" ","18641":" ","18642":" ","18643":" ","18644":"f","18645":"l","18646":"e","18647":"x","18648":"-","18649":"d","18650":"i","18651":"r","18652":"e","18653":"c","18654":"t","18655":"i","18656":"o","18657":"n","18658":":","18659":" ","18660":"r","18661":"o","18662":"w","18663":";","18664":"\\","18665":"r","18666":"\\","18667":"n","18668":"\\","18669":"r","18670":"\\","18671":"n","18672":" ","18673":" ","18674":" ","18675":" ","18676":" ","18677":" ","18678":" ","18679":" ","18680":".","18681":"s","18682":"e","18683":"c","18684":"t","18685":"i","18686":"o","18687":"n","18688":"C","18689":"o","18690":"n","18691":"t","18692":"a","18693":"i","18694":"n","18695":"e","18696":"r","18697":" ","18698":"{","18699":"\\","18700":"r","18701":"\\","18702":"n","18703":" ","18704":" ","18705":" ","18706":" ","18707":" ","18708":" ","18709":" ","18710":" ","18711":"d","18712":"i","18713":"s","18714":"p","18715":"l","18716":"a","18717":"y","18718":":","18719":" ","18720":"f","18721":"l","18722":"e","18723":"x","18724":";","18725":"\\","18726":"r","18727":"\\","18728":"n","18729":" ","18730":" ","18731":" ","18732":" ","18733":" ","18734":" ","18735":" ","18736":" ","18737":"f","18738":"l","18739":"e","18740":"x","18741":"-","18742":"d","18743":"i","18744":"r","18745":"e","18746":"c","18747":"t","18748":"i","18749":"o","18750":"n","18751":":","18752":" ","18753":"r","18754":"o","18755":"w","18756":";","18757":"\\","18758":"r","18759":"\\","18760":"n","18761":" ","18762":" ","18763":" ","18764":" ","18765":" ","18766":" ","18767":" ","18768":" ","18769":"w","18770":"i","18771":"d","18772":"t","18773":"h","18774":":","18775":" ","18776":"1","18777":"0","18778":"0","18779":"%","18780":";","18781":"\\","18782":"r","18783":"\\","18784":"n","18785":" ","18786":" ","18787":" ","18788":" ","18789":" ","18790":" ","18791":" ","18792":" ","18793":"m","18794":"a","18795":"r","18796":"g","18797":"i","18798":"n","18799":"-","18800":"r","18801":"i","18802":"g","18803":"h","18804":"t","18805":":","18806":" ","18807":"5","18808":"%","18809":";","18810":"\\","18811":"r","18812":"\\","18813":"n","18814":" ","18815":" ","18816":" ","18817":" ","18818":" ","18819":" ","18820":" ","18821":" ","18822":"m","18823":"a","18824":"r","18825":"g","18826":"i","18827":"n","18828":"-","18829":"l","18830":"e","18831":"f","18832":"t","18833":":","18834":" ","18835":"5","18836":"%","18837":";","18838":"\\","18839":"r","18840":"\\","18841":"n","18842":" ","18843":" ","18844":" ","18845":" ","18846":" ","18847":" ","18848":" ","18849":" ","18850":"\\","18851":"r","18852":"\\","18853":"n","18854":" ","18855":" ","18856":" ","18857":" ","18858":" ","18859":" ","18860":" ","18861":" ","18862":"\\","18863":"r","18864":"\\","18865":"n","18866":" ","18867":" ","18868":" ","18869":" ","18870":" ","18871":" ","18872":" ","18873":" ","18874":".","18875":"p","18876":"r","18877":"o","18878":"g","18879":"r","18880":"a","18881":"m","18882":"_","18883":"o","18884":"v","18885":"e","18886":"r","18887":"s","18888":"i","18889":"g","18890":"t","18891":"{","18892":"\\","18893":"r","18894":"\\","18895":"n","18896":" ","18897":" ","18898":" ","18899":" ","18900":" ","18901":" ","18902":" ","18903":" ","18904":" ","18905":" ","18906":" ","18907":" ","18908":"w","18909":"i","18910":"d","18911":"t","18912":"h","18913":":","18914":" ","18915":"1","18916":"0","18917":"0","18918":"%","18919":";","18920":"\\","18921":"r","18922":"\\","18923":"n","18924":"\\","18925":"r","18926":"\\","18927":"n","18928":" ","18929":" ","18930":" ","18931":" ","18932":" ","18933":" ","18934":" ","18935":" ","18936":" ","18937":" ","18938":" ","18939":" ","18940":".","18941":"p","18942":"r","18943":"o","18944":"g","18945":"r","18946":"a","18947":"m","18948":"_","18949":"o","18950":"v","18951":"e","18952":"r","18953":"s","18954":"i","18955":"g","18956":"t","18957":"-","18958":"c","18959":"o","18960":"n","18961":"t","18962":"e","18963":"n","18964":"t","18965":" ","18966":"{","18967":"\\","18968":"r","18969":"\\","18970":"n","18971":" ","18972":" ","18973":" ","18974":" ","18975":" ","18976":" ","18977":" ","18978":" ","18979":" ","18980":" ","18981":" ","18982":" ","18983":" ","18984":" ","18985":" ","18986":" ","18987":"\\","18988":"r","18989":"\\","18990":"n","18991":" ","18992":" ","18993":" ","18994":" ","18995":" ","18996":" ","18997":" ","18998":" ","18999":" ","19000":" ","19001":" ","19002":" ","19003":" ","19004":" ","19005":" ","19006":" ","19007":"h","19008":"e","19009":"a","19010":"d","19011":"e","19012":"r","19013":" ","19014":"{","19015":"\\","19016":"r","19017":"\\","19018":"n","19019":" ","19020":" ","19021":" ","19022":" ","19023":" ","19024":" ","19025":" ","19026":" ","19027":" ","19028":" ","19029":" ","19030":" ","19031":" ","19032":" ","19033":" ","19034":" ","19035":" ","19036":" ","19037":" ","19038":" ","19039":"\\","19040":"r","19041":"\\","19042":"n","19043":" ","19044":" ","19045":" ","19046":" ","19047":" ","19048":" ","19049":" ","19050":" ","19051":" ","19052":" ","19053":" ","19054":" ","19055":" ","19056":" ","19057":" ","19058":" ","19059":" ","19060":" ","19061":" ","19062":" ","19063":"d","19064":"i","19065":"v","19066":" ","19067":"{","19068":"\\","19069":"r","19070":"\\","19071":"n","19072":" ","19073":" ","19074":" ","19075":" ","19076":" ","19077":" ","19078":" ","19079":" ","19080":" ","19081":" ","19082":" ","19083":" ","19084":" ","19085":" ","19086":" ","19087":" ","19088":" ","19089":" ","19090":" ","19091":" ","19092":" ","19093":" ","19094":" ","19095":" ","19096":"\\","19097":"r","19098":"\\","19099":"n","19100":" ","19101":" ","19102":" ","19103":" ","19104":" ","19105":" ","19106":" ","19107":" ","19108":" ","19109":" ","19110":" ","19111":" ","19112":" ","19113":" ","19114":" ","19115":" ","19116":" ","19117":" ","19118":" ","19119":" ","19120":" ","19121":" ","19122":" ","19123":" ","19124":"p","19125":"{","19126":"\\","19127":"r","19128":"\\","19129":"n","19130":" ","19131":" ","19132":" ","19133":" ","19134":" ","19135":" ","19136":" ","19137":" ","19138":" ","19139":" ","19140":" ","19141":" ","19142":" ","19143":" ","19144":" ","19145":" ","19146":" ","19147":" ","19148":" ","19149":" ","19150":" ","19151":" ","19152":" ","19153":" ","19154":" ","19155":" ","19156":" ","19157":" ","19158":"t","19159":"r","19160":"a","19161":"n","19162":"s","19163":"f","19164":"o","19165":"r","19166":"m","19167":":","19168":" ","19169":"t","19170":"r","19171":"a","19172":"n","19173":"s","19174":"l","19175":"a","19176":"t","19177":"e","19178":"X","19179":"(","19180":"4","19181":"0","19182":"%","19183":")","19184":";","19185":"\\","19186":"r","19187":"\\","19188":"n","19189":" ","19190":" ","19191":" ","19192":" ","19193":" ","19194":" ","19195":" ","19196":" ","19197":" ","19198":" ","19199":" ","19200":" ","19201":" ","19202":" ","19203":" ","19204":" ","19205":" ","19206":" ","19207":" ","19208":" ","19209":" ","19210":" ","19211":" ","19212":" ","19213":"}","19214":"\\","19215":"r","19216":"\\","19217":"n","19218":" ","19219":" ","19220":" ","19221":" ","19222":" ","19223":" ","19224":" ","19225":" ","19226":" ","19227":" ","19228":" ","19229":" ","19230":" ","19231":" ","19232":" ","19233":" ","19234":" ","19235":" ","19236":" ","19237":" ","19238":" ","19239":" ","19240":" ","19241":" ","19242":"\\","19243":"r","19244":"\\","19245":"n","19246":" ","19247":" ","19248":" ","19249":" ","19250":" ","19251":" ","19252":" ","19253":" ","19254":" ","19255":" ","19256":" ","19257":" ","19258":" ","19259":" ","19260":" ","19261":" ","19262":" ","19263":" ","19264":" ","19265":" ","19266":"}","19267":"\\","19268":"r","19269":"\\","19270":"n","19271":" ","19272":" ","19273":" ","19274":" ","19275":" ","19276":" ","19277":" ","19278":" ","19279":" ","19280":" ","19281":" ","19282":" ","19283":" ","19284":" ","19285":" ","19286":" ","19287":" ","19288":" ","19289":" ","19290":" ","19291":"\\","19292":"r","19293":"\\","19294":"n","19295":" ","19296":" ","19297":" ","19298":" ","19299":" ","19300":" ","19301":" ","19302":" ","19303":" ","19304":" ","19305":" ","19306":" ","19307":" ","19308":" ","19309":" ","19310":" ","19311":"}","19312":"\\","19313":"r","19314":"\\","19315":"n","19316":" ","19317":" ","19318":" ","19319":" ","19320":" ","19321":" ","19322":" ","19323":" ","19324":" ","19325":" ","19326":" ","19327":" ","19328":" ","19329":" ","19330":" ","19331":" ","19332":".","19333":"r","19334":"o","19335":"w","19336":" ","19337":"{","19338":"\\","19339":"r","19340":"\\","19341":"n","19342":" ","19343":" ","19344":" ","19345":" ","19346":" ","19347":" ","19348":" ","19349":" ","19350":" ","19351":" ","19352":" ","19353":" ","19354":" ","19355":" ","19356":" ","19357":" ","19358":" ","19359":" ","19360":" ","19361":" ","19362":"d","19363":"i","19364":"s","19365":"p","19366":"l","19367":"a","19368":"y","19369":":","19370":" ","19371":"t","19372":"a","19373":"b","19374":"l","19375":"e","19376":"-","19377":"r","19378":"o","19379":"w","19380":";","19381":"\\","19382":"r","19383":"\\","19384":"n","19385":" ","19386":" ","19387":" ","19388":" ","19389":" ","19390":" ","19391":" ","19392":" ","19393":" ","19394":" ","19395":" ","19396":" ","19397":" ","19398":" ","19399":" ","19400":" ","19401":" ","19402":" ","19403":" ","19404":" ","19405":"t","19406":"e","19407":"x","19408":"t","19409":"-","19410":"a","19411":"l","19412":"i","19413":"g","19414":"n","19415":":","19416":" ","19417":"l","19418":"e","19419":"f","19420":"t","19421":";","19422":"\\","19423":"r","19424":"\\","19425":"n","19426":" ","19427":" ","19428":" ","19429":" ","19430":" ","19431":" ","19432":" ","19433":" ","19434":" ","19435":" ","19436":" ","19437":" ","19438":" ","19439":" ","19440":" ","19441":" ","19442":" ","19443":" ","19444":" ","19445":" ","19446":"\\","19447":"r","19448":"\\","19449":"n","19450":" ","19451":" ","19452":" ","19453":" ","19454":" ","19455":" ","19456":" ","19457":" ","19458":" ","19459":" ","19460":" ","19461":" ","19462":" ","19463":" ","19464":" ","19465":" ","19466":"}","19467":"\\","19468":"r","19469":"\\","19470":"n","19471":" ","19472":" ","19473":" ","19474":" ","19475":" ","19476":" ","19477":" ","19478":" ","19479":" ","19480":" ","19481":" ","19482":" ","19483":" ","19484":" ","19485":" ","19486":" ","19487":".","19488":"r","19489":"o","19490":"w","19491":":","19492":"l","19493":"a","19494":"s","19495":"t","19496":"-","19497":"c","19498":"h","19499":"i","19500":"l","19501":"d","19502":" ","19503":"{","19504":"\\","19505":"r","19506":"\\","19507":"n","19508":" ","19509":" ","19510":" ","19511":" ","19512":" ","19513":" ","19514":" ","19515":" ","19516":" ","19517":" ","19518":" ","19519":" ","19520":" ","19521":" ","19522":" ","19523":" ","19524":" ","19525":" ","19526":" ","19527":" ","19528":"d","19529":"i","19530":"v","19531":" ","19532":"{","19533":"\\","19534":"r","19535":"\\","19536":"n","19537":" ","19538":" ","19539":" ","19540":" ","19541":" ","19542":" ","19543":" ","19544":" ","19545":" ","19546":" ","19547":" ","19548":" ","19549":" ","19550":" ","19551":" ","19552":" ","19553":" ","19554":" ","19555":" ","19556":" ","19557":" ","19558":" ","19559":" ","19560":" ","19561":"b","19562":"o","19563":"r","19564":"d","19565":"e","19566":"r","19567":"-","19568":"b","19569":"o","19570":"t","19571":"t","19572":"o","19573":"m","19574":":","19575":" ","19576":"0","19577":"p","19578":"x","19579":";","19580":"\\","19581":"r","19582":"\\","19583":"n","19584":" ","19585":" ","19586":" ","19587":" ","19588":" ","19589":" ","19590":" ","19591":" ","19592":" ","19593":" ","19594":" ","19595":" ","19596":" ","19597":" ","19598":" ","19599":" ","19600":" ","19601":" ","19602":" ","19603":" ","19604":"}","19605":"\\","19606":"r","19607":"\\","19608":"n","19609":" ","19610":" ","19611":" ","19612":" ","19613":" ","19614":" ","19615":" ","19616":" ","19617":" ","19618":" ","19619":" ","19620":" ","19621":" ","19622":" ","19623":" ","19624":" ","19625":"}","19626":"\\","19627":"r","19628":"\\","19629":"n","19630":" ","19631":" ","19632":" ","19633":" ","19634":" ","19635":" ","19636":" ","19637":" ","19638":" ","19639":" ","19640":" ","19641":" ","19642":" ","19643":" ","19644":" ","19645":" ","19646":"}","19647":"\\","19648":"r","19649":"\\","19650":"n","19651":" ","19652":" ","19653":" ","19654":" ","19655":" ","19656":" ","19657":" ","19658":" ","19659":" ","19660":" ","19661":" ","19662":" ","19663":"}","19664":"\\","19665":"r","19666":"\\","19667":"n","19668":" ","19669":" ","19670":" ","19671":" ","19672":" ","19673":" ","19674":" ","19675":" ","19676":" ","19677":" ","19678":" ","19679":" ","19680":"\\","19681":"r","19682":"\\","19683":"n","19684":" ","19685":" ","19686":" ","19687":" ","19688":" ","19689":" ","19690":" ","19691":" ","19692":"}","19693":"\\","19694":"r","19695":"\\","19696":"n","19697":" ","19698":" ","19699":" ","19700":" ","19701":"}","19702":"\\","19703":"r","19704":"\\","19705":"n","19706":"\\","19707":"r","19708":"\\","19709":"n","19710":"\\","19711":"r","19712":"\\","19713":"n","19714":"}","19715":"\\","19716":"r","19717":"\\","19718":"n","19719":"\\","19720":"r","19721":"\\","19722":"n","19723":"<","19724":"/","19725":"s","19726":"t","19727":"y","19728":"l","19729":"e","19730":">","19731":"\\","19732":"r","19733":"\\","19734":"n","19735":"\"","19736":"]","19737":"}"},"_coverageSchema":"1a1c01bbd47fc00a2c39e90264f33305004495a9","hash":"f07c1c18a0a6c7e724100e256d85506fb097eb09"}
}
