{"C:\\Users\\MrKra\\Documents\\GitHub\\IbaAssignments\\Projects\\KoldFestival\\KoldFestivalGruppe1\\src\\client.js": {"path":"C:\\Users\\MrKra\\Documents\\GitHub\\IbaAssignments\\Projects\\KoldFestival\\KoldFestivalGruppe1\\src\\client.js","statementMap":{},"fnMap":{},"branchMap":{},"s":{},"f":{},"b":{},"_coverageSchema":"1a1c01bbd47fc00a2c39e90264f33305004495a9","hash":"f17230790c5022896ef96a9ea769f0cbf5ad8dc8"}
,"C:\\Users\\MrKra\\Documents\\GitHub\\IbaAssignments\\Projects\\KoldFestival\\KoldFestivalGruppe1\\src\\assets\\images\\affaldsikoner\\glas.png": {"path":"C:\\Users\\MrKra\\Documents\\GitHub\\IbaAssignments\\Projects\\KoldFestival\\KoldFestivalGruppe1\\src\\assets\\images\\affaldsikoner\\glas.png","statementMap":{"0":{"start":{"line":1,"column":0},"end":{"line":1,"column":19}}},"fnMap":{},"branchMap":{},"s":{"0":1},"f":{},"b":{},"_coverageSchema":"1a1c01bbd47fc00a2c39e90264f33305004495a9","hash":"ba17feb576f4b434f611a5328365f0d261579b49"}
,"C:\\Users\\MrKra\\Documents\\GitHub\\IbaAssignments\\Projects\\KoldFestival\\KoldFestivalGruppe1\\src\\assets\\images\\affaldsikoner\\madaffald.png": {"path":"C:\\Users\\MrKra\\Documents\\GitHub\\IbaAssignments\\Projects\\KoldFestival\\KoldFestivalGruppe1\\src\\assets\\images\\affaldsikoner\\madaffald.png","statementMap":{"0":{"start":{"line":1,"column":0},"end":{"line":1,"column":19}}},"fnMap":{},"branchMap":{},"s":{"0":1},"f":{},"b":{},"_coverageSchema":"1a1c01bbd47fc00a2c39e90264f33305004495a9","hash":"890498f619bef4ccee70dcec0e02b3568ca9b440"}
,"C:\\Users\\MrKra\\Documents\\GitHub\\IbaAssignments\\Projects\\KoldFestival\\KoldFestivalGruppe1\\src\\assets\\images\\affaldsikoner\\metal.png": {"path":"C:\\Users\\MrKra\\Documents\\GitHub\\IbaAssignments\\Projects\\KoldFestival\\KoldFestivalGruppe1\\src\\assets\\images\\affaldsikoner\\metal.png","statementMap":{"0":{"start":{"line":1,"column":0},"end":{"line":1,"column":19}}},"fnMap":{},"branchMap":{},"s":{"0":1},"f":{},"b":{},"_coverageSchema":"1a1c01bbd47fc00a2c39e90264f33305004495a9","hash":"f670e98c665d1aa3a879a39da0b318d67893f334"}
,"C:\\Users\\MrKra\\Documents\\GitHub\\IbaAssignments\\Projects\\KoldFestival\\KoldFestivalGruppe1\\src\\assets\\images\\affaldsikoner\\plast.png": {"path":"C:\\Users\\MrKra\\Documents\\GitHub\\IbaAssignments\\Projects\\KoldFestival\\KoldFestivalGruppe1\\src\\assets\\images\\affaldsikoner\\plast.png","statementMap":{"0":{"start":{"line":1,"column":0},"end":{"line":1,"column":19}}},"fnMap":{},"branchMap":{},"s":{"0":1},"f":{},"b":{},"_coverageSchema":"1a1c01bbd47fc00a2c39e90264f33305004495a9","hash":"dc50ac2148263f16742c78f629caba503bfab7d6"}
,"C:\\Users\\MrKra\\Documents\\GitHub\\IbaAssignments\\Projects\\KoldFestival\\KoldFestivalGruppe1\\src\\assets\\images\\affaldsikoner\\restaffald.png": {"path":"C:\\Users\\MrKra\\Documents\\GitHub\\IbaAssignments\\Projects\\KoldFestival\\KoldFestivalGruppe1\\src\\assets\\images\\affaldsikoner\\restaffald.png","statementMap":{"0":{"start":{"line":1,"column":0},"end":{"line":1,"column":19}}},"fnMap":{},"branchMap":{},"s":{"0":1},"f":{},"b":{},"_coverageSchema":"1a1c01bbd47fc00a2c39e90264f33305004495a9","hash":"ce6b3e53d58f3f7cffc24f8067740cc3b9a2326c"}
,"C:\\Users\\MrKra\\Documents\\GitHub\\IbaAssignments\\Projects\\KoldFestival\\KoldFestivalGruppe1\\src\\assets\\images\\hands\\orangehands.png": {"path":"C:\\Users\\MrKra\\Documents\\GitHub\\IbaAssignments\\Projects\\KoldFestival\\KoldFestivalGruppe1\\src\\assets\\images\\hands\\orangehands.png","statementMap":{"0":{"start":{"line":1,"column":0},"end":{"line":1,"column":19}}},"fnMap":{},"branchMap":{},"s":{"0":1},"f":{},"b":{},"_coverageSchema":"1a1c01bbd47fc00a2c39e90264f33305004495a9","hash":"2a4366078b31da125e05fa84529ca3818dce692a"}
,"C:\\Users\\MrKra\\Documents\\GitHub\\IbaAssignments\\Projects\\KoldFestival\\KoldFestivalGruppe1\\src\\assets\\images\\hands\\orangehandsweb.png": {"path":"C:\\Users\\MrKra\\Documents\\GitHub\\IbaAssignments\\Projects\\KoldFestival\\KoldFestivalGruppe1\\src\\assets\\images\\hands\\orangehandsweb.png","statementMap":{"0":{"start":{"line":1,"column":0},"end":{"line":1,"column":19}}},"fnMap":{},"branchMap":{},"s":{"0":1},"f":{},"b":{},"_coverageSchema":"1a1c01bbd47fc00a2c39e90264f33305004495a9","hash":"4d25e8ced614059b22dec3cae4d728e3ebfc8ea5"}
,"C:\\Users\\MrKra\\Documents\\GitHub\\IbaAssignments\\Projects\\KoldFestival\\KoldFestivalGruppe1\\src\\components\\Info\\FaqItem.vue": {"path":"C:\\Users\\MrKra\\Documents\\GitHub\\IbaAssignments\\Projects\\KoldFestival\\KoldFestivalGruppe1\\src\\components\\Info\\FaqItem.vue","statementMap":{"0":{"start":{"line":4,"column":0},"end":{"line":6,"column":3}},"1":{"start":{"line":7,"column":0},"end":{"line":7,"column":25}},"2":{"start":{"line":8,"column":15},"end":{"line":30,"column":1}},"3":{"start":{"line":14,"column":4},"end":{"line":16,"column":6}},"4":{"start":{"line":20,"column":6},"end":{"line":20,"column":33}},"5":{"start":{"line":25,"column":6},"end":{"line":27,"column":8}},"6":{"start":{"line":33,"column":0},"end":{"line":33,"column":13}},"7":{"start":{"line":35,"column":0},"end":{"line":37,"column":3}},"8":{"start":{"line":38,"column":0},"end":{"line":38,"column":24}},"9":{"start":{"line":39,"column":11},"end":{"line":39,"column":25}},"10":{"start":{"line":40,"column":17},"end":{"line":42,"column":1}},"11":{"start":{"line":43,"column":17},"end":{"line":46,"column":1}},"12":{"start":{"line":47,"column":30},"end":{"line":49,"column":26}},"13":{"start":{"line":52,"column":2},"end":{"line":65,"column":195}},"14":{"start":{"line":56,"column":6},"end":{"line":56,"column":81}},"15":{"start":{"line":61,"column":6},"end":{"line":61,"column":81}},"16":{"start":{"line":66,"column":2},"end":{"line":66,"column":49}}},"fnMap":{"0":{"name":"(anonymous_0)","decl":{"start":{"line":13,"column":2},"end":{"line":13,"column":3}},"loc":{"start":{"line":13,"column":9},"end":{"line":17,"column":3}},"line":13},"1":{"name":"(anonymous_1)","decl":{"start":{"line":19,"column":21},"end":{"line":19,"column":22}},"loc":{"start":{"line":19,"column":33},"end":{"line":21,"column":5}},"line":19},"2":{"name":"(anonymous_2)","decl":{"start":{"line":24,"column":22},"end":{"line":24,"column":23}},"loc":{"start":{"line":24,"column":34},"end":{"line":28,"column":5}},"line":24},"3":{"name":"render","decl":{"start":{"line":51,"column":9},"end":{"line":51,"column":15}},"loc":{"start":{"line":51,"column":30},"end":{"line":66,"column":1}},"line":51},"4":{"name":"(anonymous_4)","decl":{"start":{"line":55,"column":39},"end":{"line":55,"column":40}},"loc":{"start":{"line":55,"column":51},"end":{"line":57,"column":5}},"line":55},"5":{"name":"(anonymous_5)","decl":{"start":{"line":60,"column":39},"end":{"line":60,"column":40}},"loc":{"start":{"line":60,"column":51},"end":{"line":62,"column":5}},"line":60}},"branchMap":{"0":{"loc":{"start":{"line":55,"column":13},"end":{"line":57,"column":6}},"type":"binary-expr","locations":[{"start":{"line":55,"column":13},"end":{"line":55,"column":22}},{"start":{"line":55,"column":27},"end":{"line":57,"column":5}}],"line":55},"1":{"loc":{"start":{"line":56,"column":13},"end":{"line":56,"column":80}},"type":"binary-expr","locations":[{"start":{"line":56,"column":13},"end":{"line":56,"column":33}},{"start":{"line":56,"column":37},"end":{"line":56,"column":80}}],"line":56},"2":{"loc":{"start":{"line":60,"column":13},"end":{"line":62,"column":6}},"type":"binary-expr","locations":[{"start":{"line":60,"column":13},"end":{"line":60,"column":22}},{"start":{"line":60,"column":27},"end":{"line":62,"column":5}}],"line":60},"3":{"loc":{"start":{"line":61,"column":13},"end":{"line":61,"column":80}},"type":"binary-expr","locations":[{"start":{"line":61,"column":13},"end":{"line":61,"column":33}},{"start":{"line":61,"column":37},"end":{"line":61,"column":80}}],"line":61}},"s":{"0":1,"1":1,"2":1,"3":2,"4":0,"5":2,"6":1,"7":1,"8":1,"9":1,"10":1,"11":1,"12":1,"13":2,"14":0,"15":0,"16":1},"f":{"0":2,"1":0,"2":2,"3":2,"4":0,"5":0},"b":{"0":[2,2],"1":[0,0],"2":[2,2],"3":[0,0]},"inputSourceMap":{"0":"{","1":"\"","2":"v","3":"e","4":"r","5":"s","6":"i","7":"o","8":"n","9":"\"","10":":","11":"3","12":",","13":"\"","14":"s","15":"o","16":"u","17":"r","18":"c","19":"e","20":"s","21":"\"","22":":","23":"[","24":"\"","25":"C","26":":","27":"\\","28":"\\","29":"U","30":"s","31":"e","32":"r","33":"s","34":"\\","35":"\\","36":"M","37":"r","38":"K","39":"r","40":"a","41":"\\","42":"\\","43":"D","44":"o","45":"c","46":"u","47":"m","48":"e","49":"n","50":"t","51":"s","52":"\\","53":"\\","54":"G","55":"i","56":"t","57":"H","58":"u","59":"b","60":"\\","61":"\\","62":"I","63":"b","64":"a","65":"A","66":"s","67":"s","68":"i","69":"g","70":"n","71":"m","72":"e","73":"n","74":"t","75":"s","76":"\\","77":"\\","78":"P","79":"r","80":"o","81":"j","82":"e","83":"c","84":"t","85":"s","86":"\\","87":"\\","88":"K","89":"o","90":"l","91":"d","92":"F","93":"e","94":"s","95":"t","96":"i","97":"v","98":"a","99":"l","100":"\\","101":"\\","102":"K","103":"o","104":"l","105":"d","106":"F","107":"e","108":"s","109":"t","110":"i","111":"v","112":"a","113":"l","114":"G","115":"r","116":"u","117":"p","118":"p","119":"e","120":"1","121":"\\","122":"\\","123":"s","124":"r","125":"c","126":"\\","127":"\\","128":"c","129":"o","130":"m","131":"p","132":"o","133":"n","134":"e","135":"n","136":"t","137":"s","138":"\\","139":"\\","140":"I","141":"n","142":"f","143":"o","144":"\\","145":"\\","146":"F","147":"a","148":"q","149":"I","150":"t","151":"e","152":"m","153":".","154":"v","155":"u","156":"e","157":"\"","158":"]","159":",","160":"\"","161":"n","162":"a","163":"m","164":"e","165":"s","166":"\"","167":":","168":"[","169":"]","170":",","171":"\"","172":"m","173":"a","174":"p","175":"p","176":"i","177":"n","178":"g","179":"s","180":"\"","181":":","182":"\"","183":";","184":";","185":";","186":";","187":";","188":";","189":";","190":"e","191":"A","192":"k","193":"B","194":"m","195":"B","196":";","197":"E","198":"A","199":"C","200":"X","201":",","202":"K","203":"A","204":"A","205":"K","206":",","207":"E","208":"A","209":"A","210":"E","211":";","212":"I","213":"A","214":"C","215":"H","216":",","217":"K","218":"A","219":"A","220":"K","221":",","222":"E","223":"A","224":"A","225":"E","226":",","227":"M","228":"A","229":"A","230":"M","231":";","232":"I","233":"A","234":"C","235":"b","236":",","237":"W","238":"A","239":"A","240":"W","241":",","242":"E","243":"A","244":"A","245":"E","246":";","247":"E","248":"A","249":"C","250":"j","251":"B","252":",","253":"C","254":"A","255":"A","256":"C","257":";","258":"E","259":"A","260":"C","261":"D","262":",","263":"I","264":"A","265":"A","266":"I","267":",","268":"G","269":"A","270":"A","271":"G","272":";","273":"I","274":"A","275":"C","276":"H","277":",","278":"O","279":"A","280":"A","281":"O","282":";","283":"M","284":"A","285":"C","286":"P","287":",","288":"M","289":"A","290":"A","291":"M","292":",","293":"E","294":"A","295":"A","296":"E","297":";","298":"I","299":"A","300":"E","301":"R","302":",","303":"C","304":"A","305":"A","306":"C","307":";","308":"E","309":"A","310":"C","311":"L","312":",","313":"C","314":"A","315":"A","316":"C","317":";","318":"E","319":"A","320":"C","321":"D","322":",","323":"O","324":"A","325":"A","326":"O","327":",","328":"E","329":"A","330":"A","331":"E","332":";","333":"I","334":"A","335":"C","336":"L","337":",","338":"e","339":"A","340":"A","341":"e","342":",","343":"E","344":"A","345":"A","346":"E","347":",","348":"Y","349":"A","350":"A","351":"W","352":";","353":"M","354":"A","355":"C","356":"x","357":"B","358":",","359":"I","360":"A","361":"A","362":"I","363":",","364":"C","365":"A","366":"A","367":"C","368":",","369":"M","370":"A","371":"A","372":"M","373":",","374":"G","375":"A","376":"A","377":"G","378":",","379":"C","380":"A","381":"A","382":"C","383":",","384":"I","385":"A","386":"A","387":"I","388":",","389":"C","390":"A","391":"A","392":"C","393":",","394":"M","395":"A","396":"A","397":"M","398":";","399":"I","400":"A","401":"C","402":"9","403":"B","404":";","405":"E","406":"A","407":"C","408":"J","409":",","410":"C","411":"A","412":"A","413":"C","414":";","415":"E","416":"A","417":"C","418":"D","419":",","420":"Q","421":"A","422":"A","423":"Q","424":",","425":"E","426":"A","427":"A","428":"E","429":";","430":"I","431":"A","432":"C","433":"N","434":",","435":"g","436":"B","437":"A","438":"A","439":"g","440":"B","441":",","442":"E","443":"A","444":"A","445":"E","446":",","447":"Y","448":"A","449":"A","450":"W","451":";","452":"M","453":"A","454":"C","455":"1","456":"B","457":",","458":"O","459":"A","460":"A","461":"O","462":";","463":"Q","464":"A","465":"A","466":"E","467":",","468":"W","469":"A","470":"A","471":"W","472":",","473":"E","474":"A","475":"A","476":"E","477":",","478":"I","479":"A","480":"A","481":"I","482":",","483":"C","484":"A","485":"A","486":"C","487":";","488":"M","489":"A","490":"C","491":"9","492":"B","493":",","494":"C","495":"A","496":"A","497":"C","498":";","499":"I","500":"A","501":"C","502":"L","503":";","504":"E","505":"A","506":"C","507":"J","508":";","509":"A","510":"A","511":"G","512":"A","513":",","514":"C","515":"A","516":"A","517":"C","518":";","519":"A","520":"A","521":"A","522":"A","523":";","524":"A","525":"A","526":"A","527":"A","528":"\"","529":",","530":"\"","531":"f","532":"i","533":"l","534":"e","535":"\"","536":":","537":"\"","538":"C","539":":","540":"\\","541":"\\","542":"U","543":"s","544":"e","545":"r","546":"s","547":"\\","548":"\\","549":"M","550":"r","551":"K","552":"r","553":"a","554":"\\","555":"\\","556":"D","557":"o","558":"c","559":"u","560":"m","561":"e","562":"n","563":"t","564":"s","565":"\\","566":"\\","567":"G","568":"i","569":"t","570":"H","571":"u","572":"b","573":"\\","574":"\\","575":"I","576":"b","577":"a","578":"A","579":"s","580":"s","581":"i","582":"g","583":"n","584":"m","585":"e","586":"n","587":"t","588":"s","589":"\\","590":"\\","591":"P","592":"r","593":"o","594":"j","595":"e","596":"c","597":"t","598":"s","599":"\\","600":"\\","601":"K","602":"o","603":"l","604":"d","605":"F","606":"e","607":"s","608":"t","609":"i","610":"v","611":"a","612":"l","613":"\\","614":"\\","615":"K","616":"o","617":"l","618":"d","619":"F","620":"e","621":"s","622":"t","623":"i","624":"v","625":"a","626":"l","627":"G","628":"r","629":"u","630":"p","631":"p","632":"e","633":"1","634":"\\","635":"\\","636":"s","637":"r","638":"c","639":"\\","640":"\\","641":"c","642":"o","643":"m","644":"p","645":"o","646":"n","647":"e","648":"n","649":"t","650":"s","651":"\\","652":"\\","653":"I","654":"n","655":"f","656":"o","657":"\\","658":"\\","659":"F","660":"a","661":"q","662":"I","663":"t","664":"e","665":"m","666":".","667":"v","668":"u","669":"e","670":"\"","671":",","672":"\"","673":"s","674":"o","675":"u","676":"r","677":"c","678":"e","679":"s","680":"C","681":"o","682":"n","683":"t","684":"e","685":"n","686":"t","687":"\"","688":":","689":"[","690":"\"","691":"<","692":"t","693":"e","694":"m","695":"p","696":"l","697":"a","698":"t","699":"e","700":">","701":"\\","702":"r","703":"\\","704":"n","705":" ","706":" ","707":" ","708":" ","709":"<","710":"s","711":"e","712":"c","713":"t","714":"i","715":"o","716":"n","717":" ","718":"c","719":"l","720":"a","721":"s","722":"s","723":"=","724":"\\","725":"\"","726":"i","727":"n","728":"f","729":"o","730":"S","731":"e","732":"c","733":"t","734":"i","735":"o","736":"n","737":"\\","738":"\"","739":" ","740":":","741":"c","742":"l","743":"a","744":"s","745":"s","746":"=","747":"\\","748":"\"","749":"a","750":"c","751":"c","752":"o","753":"r","754":"d","755":"i","756":"a","757":"n","758":"C","759":"l","760":"a","761":"s","762":"s","763":"e","764":"s","765":"\\","766":"\"","767":">","768":"\\","769":"r","770":"\\","771":"n","772":" ","773":" ","774":" ","775":" ","776":" ","777":" ","778":" ","779":" ","780":"\\","781":"r","782":"\\","783":"n","784":" ","785":" ","786":" ","787":" ","788":" ","789":" ","790":" ","791":" ","792":" ","793":" ","794":" ","795":" ","796":"<","797":"d","798":"i","799":"v","800":" ","801":"c","802":"l","803":"a","804":"s","805":"s","806":"=","807":"\\","808":"\"","809":"i","810":"c","811":"o","812":"n","813":"-","814":"t","815":"e","816":"x","817":"t","818":"\\","819":"\"","820":">","821":"\\","822":"r","823":"\\","824":"n","825":" ","826":" ","827":" ","828":" ","829":" ","830":" ","831":" ","832":" ","833":" ","834":" ","835":" ","836":" ","837":"<","838":"i","839":" ","840":"@","841":"c","842":"l","843":"i","844":"c","845":"k","846":"=","847":"\\","848":"\"","849":"t","850":"o","851":"g","852":"g","853":"l","854":"e","855":"A","856":"c","857":"c","858":"o","859":"r","860":"d","861":"i","862":"a","863":"n","864":"\\","865":"\"","866":" ","867":"c","868":"l","869":"a","870":"s","871":"s","872":"=","873":"\\","874":"\"","875":"f","876":"i","877":" ","878":"f","879":"i","880":"-","881":"r","882":"s","883":"-","884":"a","885":"n","886":"g","887":"l","888":"e","889":"-","890":"s","891":"m","892":"a","893":"l","894":"l","895":"-","896":"r","897":"i","898":"g","899":"h","900":"t","901":"\\","902":"\"","903":">","904":"<","905":"/","906":"i","907":">","908":"\\","909":"r","910":"\\","911":"n","912":" ","913":" ","914":" ","915":" ","916":" ","917":" ","918":" ","919":" ","920":" ","921":" ","922":" ","923":" ","924":"<","925":"p","926":" ","927":"@","928":"c","929":"l","930":"i","931":"c","932":"k","933":"=","934":"\\","935":"\"","936":"t","937":"o","938":"g","939":"g","940":"l","941":"e","942":"A","943":"c","944":"c","945":"o","946":"r","947":"d","948":"i","949":"a","950":"n","951":"\\","952":"\"","953":" ","954":"c","955":"l","956":"a","957":"s","958":"s","959":"=","960":"\\","961":"\"","962":"t","963":"i","964":"t","965":"l","966":"e","967":"\\","968":"\"","969":" ","970":"d","971":"a","972":"t","973":"a","974":"-","975":"t","976":"e","977":"s","978":"t","979":"i","980":"d","981":"=","982":"\\","983":"\"","984":"f","985":"a","986":"q","987":"I","988":"t","989":"e","990":"m","991":"T","992":"i","993":"t","994":"l","995":"e","996":"\\","997":"\"","998":">","999":"{","1000":"{","1001":"t","1002":"i","1003":"t","1004":"l","1005":"e","1006":"}","1007":"}","1008":"<","1009":"/","1010":"p","1011":">","1012":"\\","1013":"r","1014":"\\","1015":"n","1016":" ","1017":" ","1018":" ","1019":" ","1020":" ","1021":" ","1022":" ","1023":" ","1024":" ","1025":" ","1026":" ","1027":" ","1028":"<","1029":"/","1030":"d","1031":"i","1032":"v","1033":">","1034":"\\","1035":"r","1036":"\\","1037":"n","1038":" ","1039":" ","1040":" ","1041":" ","1042":" ","1043":" ","1044":" ","1045":" ","1046":" ","1047":" ","1048":" ","1049":" ","1050":"<","1051":"p","1052":" ","1053":"c","1054":"l","1055":"a","1056":"s","1057":"s","1058":"=","1059":"\\","1060":"\"","1061":"b","1062":"e","1063":"s","1064":"k","1065":"r","1066":"i","1067":"v","1068":"e","1069":"l","1070":"s","1071":"e","1072":"\\","1073":"\"","1074":" ","1075":"d","1076":"a","1077":"t","1078":"a","1079":"-","1080":"t","1081":"e","1082":"s","1083":"t","1084":"i","1085":"d","1086":"=","1087":"\\","1088":"\"","1089":"f","1090":"a","1091":"q","1092":"I","1093":"t","1094":"e","1095":"m","1096":"B","1097":"e","1098":"s","1099":"k","1100":"r","1101":"i","1102":"v","1103":"e","1104":"l","1105":"s","1106":"e","1107":"\\","1108":"\"","1109":">","1110":"{","1111":"{","1112":"b","1113":"e","1114":"s","1115":"k","1116":"r","1117":"i","1118":"v","1119":"e","1120":"l","1121":"s","1122":"e","1123":"}","1124":"}","1125":"<","1126":"/","1127":"p","1128":">","1129":"\\","1130":"r","1131":"\\","1132":"n","1133":" ","1134":" ","1135":" ","1136":" ","1137":" ","1138":" ","1139":" ","1140":" ","1141":" ","1142":" ","1143":" ","1144":" ","1145":"<","1146":"d","1147":"i","1148":"v","1149":" ","1150":"c","1151":"l","1152":"a","1153":"s","1154":"s","1155":"=","1156":"\\","1157":"\"","1158":"l","1159":"i","1160":"n","1161":"e","1162":"\\","1163":"\"","1164":">","1165":"<","1166":"/","1167":"d","1168":"i","1169":"v","1170":">","1171":"\\","1172":"r","1173":"\\","1174":"n","1175":" ","1176":" ","1177":" ","1178":" ","1179":" ","1180":" ","1181":"\\","1182":"r","1183":"\\","1184":"n","1185":" ","1186":" ","1187":" ","1188":" ","1189":"<","1190":"/","1191":"s","1192":"e","1193":"c","1194":"t","1195":"i","1196":"o","1197":"n","1198":">","1199":"\\","1200":"r","1201":"\\","1202":"n","1203":" ","1204":" ","1205":" ","1206":" ","1207":"\\","1208":"r","1209":"\\","1210":"n","1211":"<","1212":"/","1213":"t","1214":"e","1215":"m","1216":"p","1217":"l","1218":"a","1219":"t","1220":"e","1221":">","1222":"\\","1223":"r","1224":"\\","1225":"n","1226":"\\","1227":"r","1228":"\\","1229":"n","1230":"\\","1231":"r","1232":"\\","1233":"n","1234":"\\","1235":"r","1236":"\\","1237":"n","1238":"<","1239":"s","1240":"c","1241":"r","1242":"i","1243":"p","1244":"t","1245":">","1246":"\\","1247":"r","1248":"\\","1249":"n","1250":"\\","1251":"r","1252":"\\","1253":"n","1254":" ","1255":" ","1256":" ","1257":" ","1258":"e","1259":"x","1260":"p","1261":"o","1262":"r","1263":"t","1264":" ","1265":"d","1266":"e","1267":"f","1268":"a","1269":"u","1270":"l","1271":"t","1272":" ","1273":"{","1274":"\\","1275":"r","1276":"\\","1277":"n","1278":" ","1279":" ","1280":" ","1281":" ","1282":" ","1283":" ","1284":" ","1285":" ","1286":"p","1287":"r","1288":"o","1289":"p","1290":"s","1291":":","1292":" ","1293":"{","1294":"\\","1295":"r","1296":"\\","1297":"n","1298":" ","1299":" ","1300":" ","1301":" ","1302":" ","1303":" ","1304":" ","1305":" ","1306":" ","1307":" ","1308":" ","1309":" ","1310":"t","1311":"i","1312":"t","1313":"l","1314":"e","1315":":","1316":" ","1317":"S","1318":"t","1319":"r","1320":"i","1321":"n","1322":"g","1323":",","1324":"\\","1325":"r","1326":"\\","1327":"n","1328":" ","1329":" ","1330":" ","1331":" ","1332":" ","1333":" ","1334":" ","1335":" ","1336":" ","1337":" ","1338":" ","1339":" ","1340":"b","1341":"e","1342":"s","1343":"k","1344":"r","1345":"i","1346":"v","1347":"e","1348":"l","1349":"s","1350":"e","1351":":","1352":" ","1353":"S","1354":"t","1355":"r","1356":"i","1357":"n","1358":"g","1359":"\\","1360":"r","1361":"\\","1362":"n","1363":" ","1364":" ","1365":" ","1366":" ","1367":" ","1368":" ","1369":" ","1370":" ","1371":"}","1372":",","1373":"\\","1374":"r","1375":"\\","1376":"n","1377":" ","1378":" ","1379":" ","1380":" ","1381":" ","1382":" ","1383":" ","1384":" ","1385":"d","1386":"a","1387":"t","1388":"a","1389":"(","1390":")","1391":" ","1392":"{","1393":"\\","1394":"r","1395":"\\","1396":"n","1397":" ","1398":" ","1399":" ","1400":" ","1401":" ","1402":" ","1403":" ","1404":" ","1405":" ","1406":" ","1407":" ","1408":" ","1409":"r","1410":"e","1411":"t","1412":"u","1413":"r","1414":"n","1415":" ","1416":"{","1417":"\\","1418":"r","1419":"\\","1420":"n","1421":" ","1422":" ","1423":" ","1424":" ","1425":" ","1426":" ","1427":" ","1428":" ","1429":" ","1430":" ","1431":" ","1432":" ","1433":"i","1434":"s","1435":"O","1436":"p","1437":"e","1438":"n","1439":":","1440":" ","1441":"t","1442":"r","1443":"u","1444":"e","1445":",","1446":"\\","1447":"r","1448":"\\","1449":"n","1450":" ","1451":" ","1452":" ","1453":" ","1454":" ","1455":" ","1456":" ","1457":" ","1458":" ","1459":" ","1460":" ","1461":" ","1462":"\\","1463":"r","1464":"\\","1465":"n","1466":" ","1467":" ","1468":" ","1469":" ","1470":" ","1471":" ","1472":" ","1473":" ","1474":" ","1475":" ","1476":" ","1477":" ","1478":"}","1479":"\\","1480":"r","1481":"\\","1482":"n","1483":" ","1484":" ","1485":" ","1486":" ","1487":" ","1488":" ","1489":" ","1490":" ","1491":"}","1492":",","1493":"\\","1494":"r","1495":"\\","1496":"n","1497":" ","1498":" ","1499":" ","1500":" ","1501":" ","1502":" ","1503":" ","1504":" ","1505":"m","1506":"e","1507":"t","1508":"h","1509":"o","1510":"d","1511":"s","1512":":","1513":" ","1514":"{","1515":"\\","1516":"r","1517":"\\","1518":"n","1519":" ","1520":" ","1521":" ","1522":" ","1523":" ","1524":" ","1525":" ","1526":" ","1527":" ","1528":" ","1529":" ","1530":" ","1531":"t","1532":"o","1533":"g","1534":"g","1535":"l","1536":"e","1537":"A","1538":"c","1539":"c","1540":"o","1541":"r","1542":"d","1543":"i","1544":"a","1545":"n","1546":":","1547":" ","1548":"f","1549":"u","1550":"n","1551":"c","1552":"t","1553":"i","1554":"o","1555":"n","1556":"(","1557":")","1558":" ","1559":"{","1560":"\\","1561":"r","1562":"\\","1563":"n","1564":" ","1565":" ","1566":" ","1567":" ","1568":" ","1569":" ","1570":" ","1571":" ","1572":" ","1573":" ","1574":" ","1575":" ","1576":" ","1577":" ","1578":" ","1579":" ","1580":"t","1581":"h","1582":"i","1583":"s","1584":".","1585":"i","1586":"s","1587":"O","1588":"p","1589":"e","1590":"n","1591":" ","1592":"=","1593":" ","1594":"!","1595":"t","1596":"h","1597":"i","1598":"s","1599":".","1600":"i","1601":"s","1602":"O","1603":"p","1604":"e","1605":"n","1606":";","1607":"\\","1608":"r","1609":"\\","1610":"n","1611":" ","1612":" ","1613":" ","1614":" ","1615":" ","1616":" ","1617":" ","1618":" ","1619":" ","1620":" ","1621":" ","1622":" ","1623":"}","1624":",","1625":"\\","1626":"r","1627":"\\","1628":"n","1629":" ","1630":" ","1631":" ","1632":" ","1633":" ","1634":" ","1635":" ","1636":" ","1637":"}","1638":",","1639":"\\","1640":"r","1641":"\\","1642":"n","1643":" ","1644":" ","1645":" ","1646":" ","1647":" ","1648":" ","1649":" ","1650":" ","1651":"c","1652":"o","1653":"m","1654":"p","1655":"u","1656":"t","1657":"e","1658":"d","1659":":","1660":" ","1661":"{","1662":"\\","1663":"r","1664":"\\","1665":"n","1666":" ","1667":" ","1668":" ","1669":" ","1670":" ","1671":" ","1672":" ","1673":" ","1674":" ","1675":" ","1676":" ","1677":" ","1678":"a","1679":"c","1680":"c","1681":"o","1682":"r","1683":"d","1684":"i","1685":"a","1686":"n","1687":"C","1688":"l","1689":"a","1690":"s","1691":"s","1692":"e","1693":"s","1694":":","1695":" ","1696":"f","1697":"u","1698":"n","1699":"c","1700":"t","1701":"i","1702":"o","1703":"n","1704":"(","1705":")","1706":" ","1707":"{","1708":"\\","1709":"r","1710":"\\","1711":"n","1712":" ","1713":" ","1714":" ","1715":" ","1716":" ","1717":" ","1718":" ","1719":" ","1720":" ","1721":" ","1722":" ","1723":" ","1724":" ","1725":" ","1726":" ","1727":"r","1728":"e","1729":"t","1730":"u","1731":"r","1732":"n","1733":" ","1734":"{","1735":" ","1736":"'","1737":"i","1738":"s","1739":"-","1740":"c","1741":"l","1742":"o","1743":"s","1744":"e","1745":"d","1746":"'","1747":":","1748":" ","1749":"t","1750":"h","1751":"i","1752":"s","1753":".","1754":"i","1755":"s","1756":"O","1757":"p","1758":"e","1759":"n","1760":"\\","1761":"r","1762":"\\","1763":"n","1764":" ","1765":" ","1766":" ","1767":" ","1768":" ","1769":" ","1770":" ","1771":" ","1772":" ","1773":" ","1774":" ","1775":" ","1776":"}","1777":";","1778":"\\","1779":"r","1780":"\\","1781":"n","1782":" ","1783":" ","1784":" ","1785":" ","1786":" ","1787":" ","1788":" ","1789":" ","1790":"}","1791":"\\","1792":"r","1793":"\\","1794":"n","1795":" ","1796":" ","1797":" ","1798":" ","1799":"}","1800":"\\","1801":"r","1802":"\\","1803":"n","1804":"\\","1805":"r","1806":"\\","1807":"n","1808":" ","1809":" ","1810":" ","1811":" ","1812":" ","1813":" ","1814":" ","1815":" ","1816":"\\","1817":"r","1818":"\\","1819":"n","1820":" ","1821":" ","1822":" ","1823":" ","1824":"}","1825":"\\","1826":"r","1827":"\\","1828":"n","1829":"<","1830":"/","1831":"s","1832":"c","1833":"r","1834":"i","1835":"p","1836":"t","1837":">","1838":"\\","1839":"r","1840":"\\","1841":"n","1842":"\\","1843":"r","1844":"\\","1845":"n","1846":"<","1847":"s","1848":"t","1849":"y","1850":"l","1851":"e","1852":" ","1853":"l","1854":"a","1855":"n","1856":"g","1857":"=","1858":"\\","1859":"\"","1860":"s","1861":"c","1862":"s","1863":"s","1864":"\\","1865":"\"","1866":" ","1867":"s","1868":"c","1869":"o","1870":"p","1871":"e","1872":"d","1873":">","1874":"\\","1875":"r","1876":"\\","1877":"n","1878":" ","1879":" ","1880":" ","1881":" ","1882":"@","1883":"i","1884":"m","1885":"p","1886":"o","1887":"r","1888":"t","1889":" ","1890":"u","1891":"r","1892":"l","1893":"(","1894":"'","1895":"h","1896":"t","1897":"t","1898":"p","1899":"s","1900":":","1901":"/","1902":"/","1903":"c","1904":"d","1905":"n","1906":"-","1907":"u","1908":"i","1909":"c","1910":"o","1911":"n","1912":"s","1913":".","1914":"f","1915":"l","1916":"a","1917":"t","1918":"i","1919":"c","1920":"o","1921":"n","1922":".","1923":"c","1924":"o","1925":"m","1926":"/","1927":"u","1928":"i","1929":"c","1930":"o","1931":"n","1932":"s","1933":"-","1934":"r","1935":"e","1936":"g","1937":"u","1938":"l","1939":"a","1940":"r","1941":"-","1942":"s","1943":"t","1944":"r","1945":"a","1946":"i","1947":"g","1948":"h","1949":"t","1950":"/","1951":"c","1952":"s","1953":"s","1954":"/","1955":"u","1956":"i","1957":"c","1958":"o","1959":"n","1960":"s","1961":"-","1962":"r","1963":"e","1964":"g","1965":"u","1966":"l","1967":"a","1968":"r","1969":"-","1970":"s","1971":"t","1972":"r","1973":"a","1974":"i","1975":"g","1976":"h","1977":"t","1978":".","1979":"c","1980":"s","1981":"s","1982":"'","1983":")","1984":";","1985":"\\","1986":"r","1987":"\\","1988":"n","1989":" ","1990":" ","1991":" ","1992":" ","1993":" ","1994":" ","1995":" ","1996":" ","1997":"\\","1998":"r","1999":"\\","2000":"n","2001":" ","2002":" ","2003":" ","2004":" ","2005":" ","2006":" ","2007":" ","2008":" ","2009":".","2010":"i","2011":"c","2012":"o","2013":"n","2014":"-","2015":"t","2016":"e","2017":"x","2018":"t","2019":" ","2020":"{","2021":"\\","2022":"r","2023":"\\","2024":"n","2025":" ","2026":" ","2027":" ","2028":" ","2029":" ","2030":" ","2031":" ","2032":" ","2033":" ","2034":" ","2035":" ","2036":" ","2037":"d","2038":"i","2039":"s","2040":"p","2041":"l","2042":"a","2043":"y","2044":":","2045":" ","2046":"i","2047":"n","2048":"l","2049":"i","2050":"n","2051":"e","2052":"-","2053":"f","2054":"l","2055":"e","2056":"x","2057":";","2058":"\\","2059":"r","2060":"\\","2061":"n","2062":" ","2063":" ","2064":" ","2065":" ","2066":" ","2067":" ","2068":" ","2069":" ","2070":" ","2071":" ","2072":" ","2073":" ","2074":"c","2075":"u","2076":"r","2077":"s","2078":"o","2079":"r","2080":":","2081":" ","2082":"p","2083":"o","2084":"i","2085":"n","2086":"t","2087":"e","2088":"r","2089":";","2090":"\\","2091":"r","2092":"\\","2093":"n","2094":" ","2095":" ","2096":" ","2097":" ","2098":" ","2099":" ","2100":" ","2101":" ","2102":" ","2103":" ","2104":" ","2105":"\\","2106":"r","2107":"\\","2108":"n","2109":" ","2110":" ","2111":" ","2112":" ","2113":" ","2114":" ","2115":" ","2116":" ","2117":"}","2118":"\\","2119":"r","2120":"\\","2121":"n","2122":" ","2123":" ","2124":" ","2125":" ","2126":" ","2127":" ","2128":" ","2129":" ","2130":".","2131":"t","2132":"i","2133":"t","2134":"l","2135":"e","2136":" ","2137":"{","2138":"\\","2139":"r","2140":"\\","2141":"n","2142":" ","2143":" ","2144":" ","2145":" ","2146":" ","2147":" ","2148":" ","2149":" ","2150":" ","2151":" ","2152":" ","2153":" ","2154":"m","2155":"a","2156":"r","2157":"g","2158":"i","2159":"n","2160":":","2161":" ","2162":"0","2163":";","2164":"\\","2165":"r","2166":"\\","2167":"n","2168":" ","2169":" ","2170":" ","2171":" ","2172":" ","2173":" ","2174":" ","2175":" ","2176":" ","2177":" ","2178":" ","2179":" ","2180":"c","2181":"u","2182":"r","2183":"s","2184":"o","2185":"r","2186":":","2187":" ","2188":"p","2189":"o","2190":"i","2191":"n","2192":"t","2193":"e","2194":"r","2195":";","2196":"\\","2197":"r","2198":"\\","2199":"n","2200":" ","2201":" ","2202":" ","2203":" ","2204":" ","2205":" ","2206":" ","2207":" ","2208":" ","2209":" ","2210":" ","2211":" ","2212":"t","2213":"e","2214":"x","2215":"t","2216":"-","2217":"a","2218":"l","2219":"i","2220":"g","2221":"n","2222":":","2223":" ","2224":"t","2225":"o","2226":"p","2227":";","2228":"\\","2229":"r","2230":"\\","2231":"n","2232":" ","2233":" ","2234":" ","2235":" ","2236":" ","2237":" ","2238":" ","2239":" ","2240":"}","2241":"\\","2242":"r","2243":"\\","2244":"n","2245":"\\","2246":"r","2247":"\\","2248":"n","2249":" ","2250":" ","2251":" ","2252":" ","2253":" ","2254":" ","2255":" ","2256":" ","2257":".","2258":"b","2259":"e","2260":"s","2261":"k","2262":"r","2263":"i","2264":"v","2265":"e","2266":"l","2267":"s","2268":"e","2269":" ","2270":"{","2271":"\\","2272":"r","2273":"\\","2274":"n","2275":" ","2276":" ","2277":" ","2278":" ","2279":" ","2280":" ","2281":" ","2282":" ","2283":" ","2284":" ","2285":" ","2286":"f","2287":"o","2288":"n","2289":"t","2290":"-","2291":"s","2292":"i","2293":"z","2294":"e","2295":":","2296":" ","2297":"$","2298":"t","2299":"e","2300":"x","2301":"t","2302":"-","2303":"s","2304":"m","2305":"a","2306":"l","2307":"l","2308":";","2309":"\\","2310":"r","2311":"\\","2312":"n","2313":" ","2314":" ","2315":" ","2316":" ","2317":" ","2318":" ","2319":" ","2320":" ","2321":" ","2322":" ","2323":" ","2324":"\\","2325":"r","2326":"\\","2327":"n","2328":" ","2329":" ","2330":" ","2331":" ","2332":" ","2333":" ","2334":" ","2335":" ","2336":"}","2337":"\\","2338":"r","2339":"\\","2340":"n","2341":"\\","2342":"r","2343":"\\","2344":"n","2345":" ","2346":" ","2347":" ","2348":" ","2349":" ","2350":" ","2351":" ","2352":" ","2353":".","2354":"f","2355":"i","2356":" ","2357":"{","2358":"\\","2359":"r","2360":"\\","2361":"n","2362":" ","2363":" ","2364":" ","2365":" ","2366":" ","2367":" ","2368":" ","2369":" ","2370":" ","2371":" ","2372":" ","2373":" ","2374":"f","2375":"o","2376":"n","2377":"t","2378":"-","2379":"s","2380":"i","2381":"z","2382":"e","2383":":","2384":" ","2385":"3","2386":"0","2387":"p","2388":"x","2389":";","2390":"\\","2391":"r","2392":"\\","2393":"n","2394":" ","2395":" ","2396":" ","2397":" ","2398":" ","2399":" ","2400":" ","2401":" ","2402":" ","2403":" ","2404":" ","2405":" ","2406":"m","2407":"a","2408":"r","2409":"g","2410":"i","2411":"n","2412":":","2413":" ","2414":"-","2415":"5","2416":"p","2417":"x","2418":" ","2419":"0","2420":";","2421":"\\","2422":"r","2423":"\\","2424":"n","2425":" ","2426":" ","2427":" ","2428":" ","2429":" ","2430":" ","2431":" ","2432":" ","2433":" ","2434":" ","2435":" ","2436":" ","2437":"c","2438":"o","2439":"l","2440":"o","2441":"r","2442":":","2443":" ","2444":"$","2445":"n","2446":"e","2447":"o","2448":"n","2449":"-","2450":"t","2451":"u","2452":"r","2453":"q","2454":"u","2455":"o","2456":"i","2457":"s","2458":"e","2459":";","2460":"\\","2461":"r","2462":"\\","2463":"n","2464":" ","2465":" ","2466":" ","2467":" ","2468":" ","2469":" ","2470":" ","2471":" ","2472":"}","2473":"\\","2474":"r","2475":"\\","2476":"n","2477":"\\","2478":"r","2479":"\\","2480":"n","2481":" ","2482":" ","2483":" ","2484":" ","2485":" ","2486":" ","2487":" ","2488":" ","2489":".","2490":"i","2491":"s","2492":"-","2493":"c","2494":"l","2495":"o","2496":"s","2497":"e","2498":"d","2499":" ","2500":".","2501":"b","2502":"e","2503":"s","2504":"k","2505":"r","2506":"i","2507":"v","2508":"e","2509":"l","2510":"s","2511":"e","2512":" ","2513":"{","2514":"\\","2515":"r","2516":"\\","2517":"n","2518":" ","2519":" ","2520":" ","2521":" ","2522":" ","2523":" ","2524":" ","2525":" ","2526":" ","2527":" ","2528":" ","2529":" ","2530":"d","2531":"i","2532":"s","2533":"p","2534":"l","2535":"a","2536":"y","2537":":","2538":" ","2539":"n","2540":"o","2541":"n","2542":"e","2543":";","2544":"\\","2545":"r","2546":"\\","2547":"n","2548":" ","2549":" ","2550":" ","2551":" ","2552":" ","2553":" ","2554":" ","2555":" ","2556":"}","2557":"\\","2558":"r","2559":"\\","2560":"n","2561":"\\","2562":"r","2563":"\\","2564":"n","2565":" ","2566":" ","2567":" ","2568":" ","2569":" ","2570":" ","2571":" ","2572":" ","2573":".","2574":"l","2575":"i","2576":"n","2577":"e","2578":" ","2579":"{","2580":"\\","2581":"r","2582":"\\","2583":"n","2584":" ","2585":" ","2586":" ","2587":" ","2588":" ","2589":" ","2590":" ","2591":" ","2592":" ","2593":" ","2594":" ","2595":" ","2596":"h","2597":"e","2598":"i","2599":"g","2600":"h","2601":"t","2602":":","2603":" ","2604":"1","2605":"p","2606":"x","2607":";","2608":"\\","2609":"r","2610":"\\","2611":"n","2612":" ","2613":" ","2614":" ","2615":" ","2616":" ","2617":" ","2618":" ","2619":" ","2620":" ","2621":" ","2622":" ","2623":" ","2624":"w","2625":"i","2626":"d","2627":"t","2628":"h","2629":":","2630":" ","2631":"1","2632":"0","2633":"0","2634":"%","2635":";","2636":"\\","2637":"r","2638":"\\","2639":"n","2640":" ","2641":" ","2642":" ","2643":" ","2644":" ","2645":" ","2646":" ","2647":" ","2648":" ","2649":" ","2650":" ","2651":" ","2652":"b","2653":"a","2654":"c","2655":"k","2656":"g","2657":"r","2658":"o","2659":"u","2660":"n","2661":"d","2662":"-","2663":"c","2664":"o","2665":"l","2666":"o","2667":"r","2668":":","2669":" ","2670":"a","2671":"q","2672":"u","2673":"a","2674":";","2675":"\\","2676":"r","2677":"\\","2678":"n","2679":" ","2680":" ","2681":" ","2682":" ","2683":" ","2684":" ","2685":" ","2686":" ","2687":" ","2688":" ","2689":" ","2690":" ","2691":"m","2692":"a","2693":"r","2694":"g","2695":"i","2696":"n","2697":"-","2698":"l","2699":"e","2700":"f","2701":"t","2702":":","2703":" ","2704":"a","2705":"u","2706":"t","2707":"o","2708":";","2709":"\\","2710":"r","2711":"\\","2712":"n","2713":" ","2714":" ","2715":" ","2716":" ","2717":" ","2718":" ","2719":" ","2720":" ","2721":" ","2722":" ","2723":" ","2724":" ","2725":"m","2726":"a","2727":"r","2728":"g","2729":"i","2730":"n","2731":"-","2732":"r","2733":"i","2734":"g","2735":"h","2736":"t","2737":":","2738":" ","2739":"a","2740":"u","2741":"t","2742":"o","2743":";","2744":"\\","2745":"r","2746":"\\","2747":"n","2748":" ","2749":" ","2750":" ","2751":" ","2752":" ","2753":" ","2754":" ","2755":" ","2756":" ","2757":" ","2758":" ","2759":" ","2760":"m","2761":"a","2762":"r","2763":"g","2764":"i","2765":"n","2766":"-","2767":"t","2768":"o","2769":"p","2770":":","2771":" ","2772":"2","2773":"0","2774":"p","2775":"x","2776":";","2777":"\\","2778":"r","2779":"\\","2780":"n","2781":" ","2782":" ","2783":" ","2784":" ","2785":" ","2786":" ","2787":" ","2788":" ","2789":" ","2790":" ","2791":" ","2792":" ","2793":"m","2794":"a","2795":"r","2796":"g","2797":"i","2798":"n","2799":"-","2800":"b","2801":"o","2802":"t","2803":"t","2804":"o","2805":"m","2806":":","2807":" ","2808":"2","2809":"0","2810":"p","2811":"x","2812":";","2813":"\\","2814":"r","2815":"\\","2816":"n","2817":" ","2818":" ","2819":" ","2820":" ","2821":" ","2822":" ","2823":" ","2824":" ","2825":"}","2826":"\\","2827":"r","2828":"\\","2829":"n","2830":"\\","2831":"r","2832":"\\","2833":"n","2834":" ","2835":" ","2836":" ","2837":" ","2838":" ","2839":" ","2840":" ","2841":" ","2842":"@","2843":"m","2844":"e","2845":"d","2846":"i","2847":"a","2848":" ","2849":"s","2850":"c","2851":"r","2852":"e","2853":"e","2854":"n","2855":" ","2856":"a","2857":"n","2858":"d","2859":" ","2860":"(","2861":"m","2862":"i","2863":"n","2864":"-","2865":"w","2866":"i","2867":"d","2868":"t","2869":"h","2870":":","2871":" ","2872":"6","2873":"2","2874":"0","2875":"p","2876":"x","2877":")","2878":" ","2879":"{","2880":"\\","2881":"r","2882":"\\","2883":"n","2884":" ","2885":" ","2886":" ","2887":" ","2888":" ","2889":" ","2890":" ","2891":" ","2892":" ","2893":" ","2894":" ","2895":" ","2896":"/","2897":"/","2898":" ","2899":"æ","2900":"n","2901":"d","2902":"r","2903":"i","2904":"n","2905":"g","2906":" ","2907":"a","2908":"f","2909":" ","2910":"l","2911":"i","2912":"n","2913":"j","2914":"e","2915":" ","2916":"o","2917":"g","2918":" ","2919":"t","2920":"e","2921":"k","2922":"s","2923":"t","2924":"e","2925":"n","2926":" ","2927":"s","2928":"å","2929":" ","2930":"d","2931":"e","2932":"t","2933":" ","2934":"s","2935":"t","2936":"å","2937":"r","2938":" ","2939":"i","2940":" ","2941":"m","2942":"i","2943":"d","2944":"t","2945":"e","2946":"n","2947":".","2948":"\\","2949":"r","2950":"\\","2951":"n","2952":" ","2953":" ","2954":" ","2955":" ","2956":" ","2957":" ","2958":" ","2959":" ","2960":" ","2961":" ","2962":" ","2963":" ","2964":".","2965":"i","2966":"n","2967":"f","2968":"o","2969":"S","2970":"e","2971":"c","2972":"t","2973":"i","2974":"o","2975":"n","2976":" ","2977":"{","2978":"\\","2979":"r","2980":"\\","2981":"n","2982":" ","2983":" ","2984":" ","2985":" ","2986":" ","2987":" ","2988":" ","2989":" ","2990":" ","2991":" ","2992":" ","2993":" ","2994":" ","2995":" ","2996":" ","2997":" ","2998":"m","2999":"a","3000":"r","3001":"g","3002":"i","3003":"n","3004":"-","3005":"l","3006":"e","3007":"f","3008":"t","3009":":","3010":" ","3011":"a","3012":"u","3013":"t","3014":"o","3015":";","3016":"\\","3017":"r","3018":"\\","3019":"n","3020":" ","3021":" ","3022":" ","3023":" ","3024":" ","3025":" ","3026":" ","3027":" ","3028":" ","3029":" ","3030":" ","3031":" ","3032":" ","3033":" ","3034":" ","3035":" ","3036":"m","3037":"a","3038":"r","3039":"g","3040":"i","3041":"n","3042":"-","3043":"r","3044":"i","3045":"g","3046":"h","3047":"t","3048":":","3049":" ","3050":"a","3051":"u","3052":"t","3053":"o","3054":";","3055":"\\","3056":"r","3057":"\\","3058":"n","3059":" ","3060":" ","3061":" ","3062":" ","3063":" ","3064":" ","3065":" ","3066":" ","3067":" ","3068":" ","3069":" ","3070":" ","3071":" ","3072":" ","3073":" ","3074":" ","3075":"w","3076":"i","3077":"d","3078":"t","3079":"h","3080":":","3081":" ","3082":"4","3083":"8","3084":"7","3085":"p","3086":"x","3087":";","3088":"\\","3089":"r","3090":"\\","3091":"n","3092":" ","3093":" ","3094":" ","3095":" ","3096":" ","3097":" ","3098":" ","3099":" ","3100":" ","3101":" ","3102":" ","3103":" ","3104":" ","3105":" ","3106":" ","3107":" ","3108":"\\","3109":"r","3110":"\\","3111":"n","3112":" ","3113":" ","3114":" ","3115":" ","3116":" ","3117":" ","3118":" ","3119":" ","3120":" ","3121":" ","3122":" ","3123":" ","3124":"}","3125":"\\","3126":"r","3127":"\\","3128":"n","3129":" ","3130":" ","3131":" ","3132":" ","3133":" ","3134":" ","3135":" ","3136":" ","3137":"}","3138":" ","3139":" ","3140":" ","3141":" ","3142":"\\","3143":"r","3144":"\\","3145":"n","3146":"<","3147":"/","3148":"s","3149":"t","3150":"y","3151":"l","3152":"e","3153":">","3154":"\"","3155":"]","3156":"}"},"_coverageSchema":"1a1c01bbd47fc00a2c39e90264f33305004495a9","hash":"5cde16bc84023c51edab4074d60021d4977be147"}
,"C:\\Users\\MrKra\\Documents\\GitHub\\IbaAssignments\\Projects\\KoldFestival\\KoldFestivalGruppe1\\src\\components\\Info\\infoItem.vue": {"path":"C:\\Users\\MrKra\\Documents\\GitHub\\IbaAssignments\\Projects\\KoldFestival\\KoldFestivalGruppe1\\src\\components\\Info\\infoItem.vue","statementMap":{"0":{"start":{"line":4,"column":0},"end":{"line":6,"column":3}},"1":{"start":{"line":7,"column":0},"end":{"line":7,"column":25}},"2":{"start":{"line":8,"column":15},"end":{"line":13,"column":1}},"3":{"start":{"line":16,"column":0},"end":{"line":16,"column":13}},"4":{"start":{"line":18,"column":0},"end":{"line":20,"column":3}},"5":{"start":{"line":21,"column":0},"end":{"line":21,"column":24}},"6":{"start":{"line":22,"column":11},"end":{"line":22,"column":25}},"7":{"start":{"line":23,"column":17},"end":{"line":25,"column":1}},"8":{"start":{"line":27,"column":2},"end":{"line":27,"column":179}},"9":{"start":{"line":28,"column":2},"end":{"line":28,"column":49}}},"fnMap":{"0":{"name":"render","decl":{"start":{"line":26,"column":9},"end":{"line":26,"column":15}},"loc":{"start":{"line":26,"column":30},"end":{"line":28,"column":1}},"line":26}},"branchMap":{},"s":{"0":1,"1":1,"2":1,"3":1,"4":1,"5":1,"6":1,"7":1,"8":1,"9":1},"f":{"0":1},"b":{},"inputSourceMap":{"0":"{","1":"\"","2":"v","3":"e","4":"r","5":"s","6":"i","7":"o","8":"n","9":"\"","10":":","11":"3","12":",","13":"\"","14":"s","15":"o","16":"u","17":"r","18":"c","19":"e","20":"s","21":"\"","22":":","23":"[","24":"\"","25":"C","26":":","27":"\\","28":"\\","29":"U","30":"s","31":"e","32":"r","33":"s","34":"\\","35":"\\","36":"M","37":"r","38":"K","39":"r","40":"a","41":"\\","42":"\\","43":"D","44":"o","45":"c","46":"u","47":"m","48":"e","49":"n","50":"t","51":"s","52":"\\","53":"\\","54":"G","55":"i","56":"t","57":"H","58":"u","59":"b","60":"\\","61":"\\","62":"I","63":"b","64":"a","65":"A","66":"s","67":"s","68":"i","69":"g","70":"n","71":"m","72":"e","73":"n","74":"t","75":"s","76":"\\","77":"\\","78":"P","79":"r","80":"o","81":"j","82":"e","83":"c","84":"t","85":"s","86":"\\","87":"\\","88":"K","89":"o","90":"l","91":"d","92":"F","93":"e","94":"s","95":"t","96":"i","97":"v","98":"a","99":"l","100":"\\","101":"\\","102":"K","103":"o","104":"l","105":"d","106":"F","107":"e","108":"s","109":"t","110":"i","111":"v","112":"a","113":"l","114":"G","115":"r","116":"u","117":"p","118":"p","119":"e","120":"1","121":"\\","122":"\\","123":"s","124":"r","125":"c","126":"\\","127":"\\","128":"c","129":"o","130":"m","131":"p","132":"o","133":"n","134":"e","135":"n","136":"t","137":"s","138":"\\","139":"\\","140":"I","141":"n","142":"f","143":"o","144":"\\","145":"\\","146":"i","147":"n","148":"f","149":"o","150":"I","151":"t","152":"e","153":"m","154":".","155":"v","156":"u","157":"e","158":"\"","159":"]","160":",","161":"\"","162":"n","163":"a","164":"m","165":"e","166":"s","167":"\"","168":":","169":"[","170":"]","171":",","172":"\"","173":"m","174":"a","175":"p","176":"p","177":"i","178":"n","179":"g","180":"s","181":"\"","182":":","183":"\"","184":";","185":";","186":";","187":";","188":";","189":";","190":";","191":"e","192":"A","193":"O","194":"m","195":"B","196":";","197":"E","198":"A","199":"C","200":"X","201":",","202":"K","203":"A","204":"A","205":"K","206":",","207":"E","208":"A","209":"A","210":"E","211":";","212":"I","213":"A","214":"C","215":"H","216":",","217":"S","218":"A","219":"A","220":"S","221":",","222":"E","223":"A","224":"A","225":"E","226":",","227":"M","228":"A","229":"A","230":"M","231":";","232":"I","233":"A","234":"C","235":"j","236":"B","237":",","238":"Q","239":"A","240":"A","241":"Q","242":",","243":"E","244":"A","245":"A","246":"E","247":";","248":"E","249":"A","250":"C","251":"d","252":";","253":"A","254":"A","255":"C","256":"J","257":",","258":"C","259":"A","260":"A","261":"C","262":";","263":"A","264":"A","265":"A","266":"A","267":";","268":"A","269":"A","270":"A","271":"A","272":"\"","273":",","274":"\"","275":"f","276":"i","277":"l","278":"e","279":"\"","280":":","281":"\"","282":"C","283":":","284":"\\","285":"\\","286":"U","287":"s","288":"e","289":"r","290":"s","291":"\\","292":"\\","293":"M","294":"r","295":"K","296":"r","297":"a","298":"\\","299":"\\","300":"D","301":"o","302":"c","303":"u","304":"m","305":"e","306":"n","307":"t","308":"s","309":"\\","310":"\\","311":"G","312":"i","313":"t","314":"H","315":"u","316":"b","317":"\\","318":"\\","319":"I","320":"b","321":"a","322":"A","323":"s","324":"s","325":"i","326":"g","327":"n","328":"m","329":"e","330":"n","331":"t","332":"s","333":"\\","334":"\\","335":"P","336":"r","337":"o","338":"j","339":"e","340":"c","341":"t","342":"s","343":"\\","344":"\\","345":"K","346":"o","347":"l","348":"d","349":"F","350":"e","351":"s","352":"t","353":"i","354":"v","355":"a","356":"l","357":"\\","358":"\\","359":"K","360":"o","361":"l","362":"d","363":"F","364":"e","365":"s","366":"t","367":"i","368":"v","369":"a","370":"l","371":"G","372":"r","373":"u","374":"p","375":"p","376":"e","377":"1","378":"\\","379":"\\","380":"s","381":"r","382":"c","383":"\\","384":"\\","385":"c","386":"o","387":"m","388":"p","389":"o","390":"n","391":"e","392":"n","393":"t","394":"s","395":"\\","396":"\\","397":"I","398":"n","399":"f","400":"o","401":"\\","402":"\\","403":"i","404":"n","405":"f","406":"o","407":"I","408":"t","409":"e","410":"m","411":".","412":"v","413":"u","414":"e","415":"\"","416":",","417":"\"","418":"s","419":"o","420":"u","421":"r","422":"c","423":"e","424":"s","425":"C","426":"o","427":"n","428":"t","429":"e","430":"n","431":"t","432":"\"","433":":","434":"[","435":"\"","436":"<","437":"t","438":"e","439":"m","440":"p","441":"l","442":"a","443":"t","444":"e","445":">","446":"\\","447":"r","448":"\\","449":"n","450":" ","451":" ","452":" ","453":" ","454":"<","455":"d","456":"i","457":"v","458":">","459":"\\","460":"r","461":"\\","462":"n","463":" ","464":" ","465":" ","466":" ","467":" ","468":" ","469":" ","470":" ","471":"<","472":"p","473":" ","474":"d","475":"a","476":"t","477":"a","478":"-","479":"t","480":"e","481":"s","482":"t","483":"i","484":"d","485":"=","486":"\\","487":"\"","488":"t","489":"e","490":"s","491":"t","492":"I","493":"n","494":"f","495":"o","496":"T","497":"e","498":"x","499":"t","500":"\\","501":"\"","502":">","503":"{","504":"{","505":"i","506":"n","507":"f","508":"o","509":"T","510":"e","511":"x","512":"t","513":"}","514":"}","515":"<","516":"/","517":"p","518":">","519":"\\","520":"r","521":"\\","522":"n","523":" ","524":" ","525":" ","526":" ","527":"<","528":"/","529":"d","530":"i","531":"v","532":">","533":"\\","534":"r","535":"\\","536":"n","537":"<","538":"/","539":"t","540":"e","541":"m","542":"p","543":"l","544":"a","545":"t","546":"e","547":">","548":"\\","549":"r","550":"\\","551":"n","552":"\\","553":"r","554":"\\","555":"n","556":"<","557":"s","558":"c","559":"r","560":"i","561":"p","562":"t","563":">","564":"\\","565":"r","566":"\\","567":"n","568":" ","569":" ","570":" ","571":" ","572":"e","573":"x","574":"p","575":"o","576":"r","577":"t","578":" ","579":"d","580":"e","581":"f","582":"a","583":"u","584":"l","585":"t","586":" ","587":"{","588":"\\","589":"r","590":"\\","591":"n","592":" ","593":" ","594":" ","595":" ","596":" ","597":" ","598":" ","599":" ","600":"p","601":"r","602":"o","603":"p","604":"s","605":":","606":" ","607":"{","608":"\\","609":"r","610":"\\","611":"n","612":" ","613":" ","614":" ","615":" ","616":" ","617":" ","618":" ","619":" ","620":" ","621":" ","622":" ","623":" ","624":"i","625":"n","626":"f","627":"o","628":"T","629":"i","630":"t","631":"l","632":"e","633":":","634":" ","635":"S","636":"t","637":"r","638":"i","639":"n","640":"g","641":",","642":"\\","643":"r","644":"\\","645":"n","646":" ","647":" ","648":" ","649":" ","650":" ","651":" ","652":" ","653":" ","654":" ","655":" ","656":" ","657":" ","658":"i","659":"n","660":"f","661":"o","662":"T","663":"e","664":"x","665":"t","666":":","667":" ","668":"S","669":"t","670":"r","671":"i","672":"n","673":"g","674":"\\","675":"r","676":"\\","677":"n","678":" ","679":" ","680":" ","681":" ","682":" ","683":" ","684":" ","685":" ","686":"}","687":"\\","688":"r","689":"\\","690":"n","691":" ","692":" ","693":" ","694":" ","695":"}","696":"\\","697":"r","698":"\\","699":"n","700":"<","701":"/","702":"s","703":"c","704":"r","705":"i","706":"p","707":"t","708":">","709":"\\","710":"r","711":"\\","712":"n","713":"\\","714":"r","715":"\\","716":"n","717":"<","718":"s","719":"t","720":"y","721":"l","722":"e","723":" ","724":"l","725":"a","726":"n","727":"g","728":"=","729":"\\","730":"\"","731":"s","732":"c","733":"s","734":"s","735":"\\","736":"\"","737":" ","738":"s","739":"c","740":"o","741":"p","742":"e","743":"d","744":">","745":"\\","746":"r","747":"\\","748":"n","749":"\\","750":"r","751":"\\","752":"n","753":"<","754":"/","755":"s","756":"t","757":"y","758":"l","759":"e","760":">","761":"\"","762":"]","763":"}"},"_coverageSchema":"1a1c01bbd47fc00a2c39e90264f33305004495a9","hash":"16279ab6ad69b7345c8a5c9599e36c8806748060"}
,"C:\\Users\\MrKra\\Documents\\GitHub\\IbaAssignments\\Projects\\KoldFestival\\KoldFestivalGruppe1\\src\\components\\Info\\sustainItem.vue": {"path":"C:\\Users\\MrKra\\Documents\\GitHub\\IbaAssignments\\Projects\\KoldFestival\\KoldFestivalGruppe1\\src\\components\\Info\\sustainItem.vue","statementMap":{"0":{"start":{"line":4,"column":0},"end":{"line":6,"column":3}},"1":{"start":{"line":7,"column":0},"end":{"line":7,"column":25}},"2":{"start":{"line":8,"column":15},"end":{"line":15,"column":1}},"3":{"start":{"line":18,"column":0},"end":{"line":18,"column":13}},"4":{"start":{"line":20,"column":29},"end":{"line":20,"column":197}},"5":{"start":{"line":21,"column":0},"end":{"line":23,"column":3}},"6":{"start":{"line":24,"column":0},"end":{"line":24,"column":24}},"7":{"start":{"line":25,"column":11},"end":{"line":25,"column":25}},"8":{"start":{"line":26,"column":12},"end":{"line":26,"column":89}},"9":{"start":{"line":27,"column":13},"end":{"line":27,"column":91}},"10":{"start":{"line":28,"column":13},"end":{"line":28,"column":91}},"11":{"start":{"line":29,"column":17},"end":{"line":29,"column":99}},"12":{"start":{"line":30,"column":18},"end":{"line":30,"column":101}},"13":{"start":{"line":31,"column":17},"end":{"line":34,"column":1}},"14":{"start":{"line":35,"column":30},"end":{"line":35,"column":680}},"15":{"start":{"line":36,"column":17},"end":{"line":38,"column":1}},"16":{"start":{"line":40,"column":2},"end":{"line":40,"column":772}},"17":{"start":{"line":41,"column":2},"end":{"line":41,"column":49}}},"fnMap":{"0":{"name":"render","decl":{"start":{"line":39,"column":9},"end":{"line":39,"column":15}},"loc":{"start":{"line":39,"column":30},"end":{"line":41,"column":1}},"line":39}},"branchMap":{"0":{"loc":{"start":{"line":40,"column":185},"end":{"line":40,"column":637}},"type":"cond-expr","locations":[{"start":{"line":40,"column":204},"end":{"line":40,"column":591}},{"start":{"line":40,"column":595},"end":{"line":40,"column":637}}],"line":40}},"s":{"0":1,"1":1,"2":1,"3":1,"4":1,"5":1,"6":1,"7":1,"8":1,"9":1,"10":1,"11":1,"12":1,"13":1,"14":1,"15":1,"16":1,"17":1},"f":{"0":1},"b":{"0":[0,1]},"inputSourceMap":{"0":"{","1":"\"","2":"v","3":"e","4":"r","5":"s","6":"i","7":"o","8":"n","9":"\"","10":":","11":"3","12":",","13":"\"","14":"s","15":"o","16":"u","17":"r","18":"c","19":"e","20":"s","21":"\"","22":":","23":"[","24":"\"","25":"C","26":":","27":"\\","28":"\\","29":"U","30":"s","31":"e","32":"r","33":"s","34":"\\","35":"\\","36":"M","37":"r","38":"K","39":"r","40":"a","41":"\\","42":"\\","43":"D","44":"o","45":"c","46":"u","47":"m","48":"e","49":"n","50":"t","51":"s","52":"\\","53":"\\","54":"G","55":"i","56":"t","57":"H","58":"u","59":"b","60":"\\","61":"\\","62":"I","63":"b","64":"a","65":"A","66":"s","67":"s","68":"i","69":"g","70":"n","71":"m","72":"e","73":"n","74":"t","75":"s","76":"\\","77":"\\","78":"P","79":"r","80":"o","81":"j","82":"e","83":"c","84":"t","85":"s","86":"\\","87":"\\","88":"K","89":"o","90":"l","91":"d","92":"F","93":"e","94":"s","95":"t","96":"i","97":"v","98":"a","99":"l","100":"\\","101":"\\","102":"K","103":"o","104":"l","105":"d","106":"F","107":"e","108":"s","109":"t","110":"i","111":"v","112":"a","113":"l","114":"G","115":"r","116":"u","117":"p","118":"p","119":"e","120":"1","121":"\\","122":"\\","123":"s","124":"r","125":"c","126":"\\","127":"\\","128":"c","129":"o","130":"m","131":"p","132":"o","133":"n","134":"e","135":"n","136":"t","137":"s","138":"\\","139":"\\","140":"I","141":"n","142":"f","143":"o","144":"\\","145":"\\","146":"s","147":"u","148":"s","149":"t","150":"a","151":"i","152":"n","153":"I","154":"t","155":"e","156":"m","157":".","158":"v","159":"u","160":"e","161":"\"","162":"]","163":",","164":"\"","165":"n","166":"a","167":"m","168":"e","169":"s","170":"\"","171":":","172":"[","173":"]","174":",","175":"\"","176":"m","177":"a","178":"p","179":"p","180":"i","181":"n","182":"g","183":"s","184":"\"","185":":","186":"\"","187":";","188":";","189":";","190":";","191":";","192":";","193":";","194":"e","195":"A","196":"q","197":"C","198":"m","199":"B","200":";","201":"E","202":"A","203":"C","204":"X","205":",","206":"K","207":"A","208":"A","209":"K","210":",","211":"E","212":"A","213":"A","214":"E","215":";","216":"I","217":"A","218":"C","219":"H","220":",","221":"Y","222":"A","223":"A","224":"Y","225":",","226":"E","227":"A","228":"A","229":"E","230":",","231":"M","232":"A","233":"A","234":"M","235":";","236":"I","237":"A","238":"C","239":"p","240":"B","241":",","242":"W","243":"A","244":"A","245":"W","246":",","247":"E","248":"A","249":"A","250":"E","251":",","252":"M","253":"A","254":"A","255":"M","256":";","257":"I","258":"A","259":"C","260":"n","261":"B","262":",","263":"U","264":"A","265":"A","266":"U","267":",","268":"E","269":"A","270":"A","271":"E","272":",","273":"O","274":"A","275":"A","276":"O","277":";","278":"I","279":"A","280":"C","281":"n","282":"B","283":",","284":"Q","285":"A","286":"A","287":"Q","288":",","289":"E","290":"A","291":"A","292":"E","293":";","294":"E","295":"A","296":"C","297":"d","298":";","299":"A","300":"A","301":"C","302":"J","303":",","304":"C","305":"A","306":"A","307":"C","308":";","309":"A","310":"A","311":"A","312":"A","313":";","314":"A","315":"A","316":"A","317":"A","318":"\"","319":",","320":"\"","321":"f","322":"i","323":"l","324":"e","325":"\"","326":":","327":"\"","328":"C","329":":","330":"\\","331":"\\","332":"U","333":"s","334":"e","335":"r","336":"s","337":"\\","338":"\\","339":"M","340":"r","341":"K","342":"r","343":"a","344":"\\","345":"\\","346":"D","347":"o","348":"c","349":"u","350":"m","351":"e","352":"n","353":"t","354":"s","355":"\\","356":"\\","357":"G","358":"i","359":"t","360":"H","361":"u","362":"b","363":"\\","364":"\\","365":"I","366":"b","367":"a","368":"A","369":"s","370":"s","371":"i","372":"g","373":"n","374":"m","375":"e","376":"n","377":"t","378":"s","379":"\\","380":"\\","381":"P","382":"r","383":"o","384":"j","385":"e","386":"c","387":"t","388":"s","389":"\\","390":"\\","391":"K","392":"o","393":"l","394":"d","395":"F","396":"e","397":"s","398":"t","399":"i","400":"v","401":"a","402":"l","403":"\\","404":"\\","405":"K","406":"o","407":"l","408":"d","409":"F","410":"e","411":"s","412":"t","413":"i","414":"v","415":"a","416":"l","417":"G","418":"r","419":"u","420":"p","421":"p","422":"e","423":"1","424":"\\","425":"\\","426":"s","427":"r","428":"c","429":"\\","430":"\\","431":"c","432":"o","433":"m","434":"p","435":"o","436":"n","437":"e","438":"n","439":"t","440":"s","441":"\\","442":"\\","443":"I","444":"n","445":"f","446":"o","447":"\\","448":"\\","449":"s","450":"u","451":"s","452":"t","453":"a","454":"i","455":"n","456":"I","457":"t","458":"e","459":"m","460":".","461":"v","462":"u","463":"e","464":"\"","465":",","466":"\"","467":"s","468":"o","469":"u","470":"r","471":"c","472":"e","473":"s","474":"C","475":"o","476":"n","477":"t","478":"e","479":"n","480":"t","481":"\"","482":":","483":"[","484":"\"","485":"<","486":"t","487":"e","488":"m","489":"p","490":"l","491":"a","492":"t","493":"e","494":">","495":"\\","496":"r","497":"\\","498":"n","499":"\\","500":"r","501":"\\","502":"n","503":" ","504":" ","505":" ","506":" ","507":" ","508":" ","509":" ","510":" ","511":"<","512":"h","513":"4","514":">","515":"{","516":"{","517":"s","518":"u","519":"s","520":"t","521":"a","522":"i","523":"n","524":"T","525":"i","526":"t","527":"l","528":"e","529":"}","530":"}","531":"<","532":"/","533":"h","534":"4","535":">","536":"\\","537":"r","538":"\\","539":"n","540":" ","541":" ","542":" ","543":" ","544":" ","545":" ","546":" ","547":" ","548":"<","549":"d","550":"i","551":"v","552":" ","553":"v","554":"-","555":"i","556":"f","557":"=","558":"\\","559":"\"","560":"h","561":"a","562":"v","563":"e","564":"I","565":"m","566":"a","567":"g","568":"e","569":"s","570":"\\","571":"\"","572":" ","573":"c","574":"l","575":"a","576":"s","577":"s","578":"=","579":"\\","580":"\"","581":"a","582":"f","583":"f","584":"a","585":"l","586":"d","587":"-","588":"i","589":"k","590":"o","591":"n","592":"\\","593":"\"","594":">","595":"\\","596":"r","597":"\\","598":"n","599":" ","600":" ","601":" ","602":" ","603":" ","604":" ","605":" ","606":" ","607":" ","608":" ","609":" ","610":" ","611":"<","612":"!","613":"-","614":"-","615":" ","616":"T","617":"i","618":"l","619":"f","620":"ø","621":"j","622":"e","623":"l","624":"s","625":"e","626":" ","627":"a","628":"f","629":" ","630":"a","631":"f","632":"f","633":"a","634":"l","635":"d","636":"s","637":"i","638":"k","639":"o","640":"n","641":"e","642":"r","643":" ","644":"-","645":"-","646":">","647":"\\","648":"r","649":"\\","650":"n","651":" ","652":" ","653":" ","654":" ","655":" ","656":" ","657":" ","658":" ","659":" ","660":" ","661":" ","662":" ","663":"<","664":"!","665":"-","666":"-","667":" ","668":"D","669":"i","670":"v","671":" ","672":"r","673":"u","674":"n","675":"d","676":" ","677":"o","678":"m","679":" ","680":"h","681":"v","682":"e","683":"r","684":"t","685":" ","686":"b","687":"i","688":"l","689":"l","690":"e","691":"d","692":"e","693":" ","694":"f","695":"o","696":"r","697":" ","698":"a","699":"t","700":" ","701":"l","702":"a","703":"v","704":"e","705":" ","706":"n","707":"e","708":"o","709":"n","710":" ","711":"k","712":"a","713":"s","714":"s","715":"e","716":"r","717":" ","718":"d","719":"e","720":"r","721":" ","722":"p","723":"a","724":"s","725":"s","726":"e","727":"r","728":" ","729":"m","730":"e","731":"d","732":" ","733":"h","734":"v","735":"e","736":"r","737":" ","738":"s","739":"t","740":"ø","741":"r","742":"r","743":"e","744":"l","745":"s","746":"e","747":" ","748":"+","749":" ","750":"t","751":"i","752":"l","753":"f","754":"ø","755":"j","756":"e","757":"l","758":"s","759":"e","760":" ","761":"a","762":"f","763":" ","764":"c","765":"s","766":"s","767":" ","768":"b","769":"l","770":"i","771":"v","772":"e","773":"r","774":" ","775":"l","776":"e","777":"t","778":"t","779":"e","780":"r","781":"e","782":".","783":"\\","784":"r","785":"\\","786":"n","787":" ","788":" ","789":" ","790":" ","791":" ","792":" ","793":" ","794":" ","795":" ","796":" ","797":" ","798":" ","799":"V","800":"e","801":"d","802":" ","803":"g","804":"o","805":"d","806":"t","807":" ","808":"a","809":"t","810":" ","811":"d","812":"e","813":"r","814":" ","815":"e","816":"r","817":" ","818":"m","819":"a","820":"n","821":"g","822":"e","823":" ","824":"d","825":"i","826":"v","827":",","828":" ","829":"m","830":"e","831":"n","832":" ","833":"k","834":"a","835":"n","836":" ","837":"i","838":"k","839":"k","840":"e","841":" ","842":"f","843":"i","844":"n","845":"d","846":"e","847":" ","848":"b","849":"e","850":"d","851":"r","852":"e","853":" ","854":"m","855":"e","856":"t","857":"o","858":"d","859":"e","860":"r","861":" ","862":"d","863":"e","864":"r","865":" ","866":"v","867":"i","868":"r","869":"k","870":"e","871":"r","872":" ","873":"-","874":"-","875":">","876":"\\","877":"r","878":"\\","879":"n","880":" ","881":" ","882":" ","883":" ","884":" ","885":" ","886":" ","887":" ","888":" ","889":" ","890":" ","891":" ","892":"<","893":"d","894":"i","895":"v","896":" ","897":"c","898":"l","899":"a","900":"s","901":"s","902":"=","903":"\\","904":"\"","905":"i","906":"m","907":"g","908":"-","909":"w","910":"r","911":"a","912":"p","913":"p","914":"e","915":"r","916":"1","917":"\\","918":"\"","919":">","920":"\\","921":"r","922":"\\","923":"n","924":" ","925":" ","926":" ","927":" ","928":" ","929":" ","930":" ","931":" ","932":" ","933":" ","934":" ","935":" ","936":" ","937":" ","938":" ","939":" ","940":"<","941":"d","942":"i","943":"v","944":" ","945":"c","946":"l","947":"a","948":"s","949":"s","950":"=","951":"\\","952":"\"","953":"i","954":"m","955":"g","956":"-","957":"c","958":"o","959":"n","960":"t","961":"a","962":"i","963":"n","964":"e","965":"r","966":"\\","967":"\"","968":">","969":"\\","970":"r","971":"\\","972":"n","973":" ","974":" ","975":" ","976":" ","977":" ","978":" ","979":" ","980":" ","981":" ","982":" ","983":" ","984":" ","985":" ","986":" ","987":" ","988":" ","989":"<","990":"i","991":"m","992":"g","993":" ","994":"s","995":"r","996":"c","997":"=","998":"\\","999":"\"","1000":".","1001":".","1002":"/","1003":".","1004":".","1005":"/","1006":"a","1007":"s","1008":"s","1009":"e","1010":"t","1011":"s","1012":"/","1013":"i","1014":"m","1015":"a","1016":"g","1017":"e","1018":"s","1019":"/","1020":"a","1021":"f","1022":"f","1023":"a","1024":"l","1025":"d","1026":"s","1027":"i","1028":"k","1029":"o","1030":"n","1031":"e","1032":"r","1033":"/","1034":"g","1035":"l","1036":"a","1037":"s","1038":".","1039":"p","1040":"n","1041":"g","1042":"\\","1043":"\"","1044":" ","1045":"a","1046":"l","1047":"t","1048":"=","1049":"\\","1050":"\"","1051":"g","1052":"l","1053":"a","1054":"s","1055":"-","1056":"b","1057":"i","1058":"l","1059":"l","1060":"e","1061":"d","1062":"e","1063":"\\","1064":"\"","1065":">","1066":"\\","1067":"r","1068":"\\","1069":"n","1070":" ","1071":" ","1072":" ","1073":" ","1074":" ","1075":" ","1076":" ","1077":" ","1078":" ","1079":" ","1080":" ","1081":" ","1082":" ","1083":" ","1084":" ","1085":" ","1086":"<","1087":"p","1088":">","1089":"G","1090":"l","1091":"a","1092":"s","1093":"<","1094":"/","1095":"p","1096":">","1097":"\\","1098":"r","1099":"\\","1100":"n","1101":" ","1102":" ","1103":" ","1104":" ","1105":" ","1106":" ","1107":" ","1108":" ","1109":" ","1110":" ","1111":" ","1112":" ","1113":" ","1114":" ","1115":" ","1116":" ","1117":"<","1118":"/","1119":"d","1120":"i","1121":"v","1122":">","1123":"\\","1124":"r","1125":"\\","1126":"n","1127":" ","1128":" ","1129":" ","1130":" ","1131":" ","1132":" ","1133":" ","1134":" ","1135":" ","1136":" ","1137":" ","1138":" ","1139":" ","1140":" ","1141":" ","1142":" ","1143":"<","1144":"d","1145":"i","1146":"v","1147":" ","1148":"c","1149":"l","1150":"a","1151":"s","1152":"s","1153":"=","1154":"\\","1155":"\"","1156":"i","1157":"m","1158":"g","1159":"-","1160":"c","1161":"o","1162":"n","1163":"t","1164":"a","1165":"i","1166":"n","1167":"e","1168":"r","1169":"\\","1170":"\"","1171":">","1172":"\\","1173":"r","1174":"\\","1175":"n","1176":" ","1177":" ","1178":" ","1179":" ","1180":" ","1181":" ","1182":" ","1183":" ","1184":" ","1185":" ","1186":" ","1187":" ","1188":" ","1189":" ","1190":" ","1191":" ","1192":"<","1193":"i","1194":"m","1195":"g","1196":" ","1197":"s","1198":"r","1199":"c","1200":"=","1201":"\\","1202":"\"","1203":".","1204":".","1205":"/","1206":".","1207":".","1208":"/","1209":"a","1210":"s","1211":"s","1212":"e","1213":"t","1214":"s","1215":"/","1216":"i","1217":"m","1218":"a","1219":"g","1220":"e","1221":"s","1222":"/","1223":"a","1224":"f","1225":"f","1226":"a","1227":"l","1228":"d","1229":"s","1230":"i","1231":"k","1232":"o","1233":"n","1234":"e","1235":"r","1236":"/","1237":"p","1238":"l","1239":"a","1240":"s","1241":"t","1242":".","1243":"p","1244":"n","1245":"g","1246":"\\","1247":"\"","1248":" ","1249":"a","1250":"l","1251":"t","1252":"=","1253":"\\","1254":"\"","1255":"p","1256":"l","1257":"a","1258":"t","1259":"-","1260":"b","1261":"i","1262":"l","1263":"l","1264":"e","1265":"d","1266":"e","1267":"\\","1268":"\"","1269":">","1270":"\\","1271":"r","1272":"\\","1273":"n","1274":" ","1275":" ","1276":" ","1277":" ","1278":" ","1279":" ","1280":" ","1281":" ","1282":" ","1283":" ","1284":" ","1285":" ","1286":" ","1287":" ","1288":" ","1289":" ","1290":"<","1291":"p","1292":">","1293":"P","1294":"l","1295":"a","1296":"s","1297":"t","1298":"<","1299":"/","1300":"p","1301":">","1302":"\\","1303":"r","1304":"\\","1305":"n","1306":" ","1307":" ","1308":" ","1309":" ","1310":" ","1311":" ","1312":" ","1313":" ","1314":" ","1315":" ","1316":" ","1317":" ","1318":" ","1319":" ","1320":" ","1321":" ","1322":"<","1323":"/","1324":"d","1325":"i","1326":"v","1327":">","1328":"\\","1329":"r","1330":"\\","1331":"n","1332":" ","1333":" ","1334":" ","1335":" ","1336":" ","1337":" ","1338":" ","1339":" ","1340":" ","1341":" ","1342":" ","1343":" ","1344":" ","1345":" ","1346":" ","1347":" ","1348":"<","1349":"d","1350":"i","1351":"v","1352":" ","1353":"c","1354":"l","1355":"a","1356":"s","1357":"s","1358":"=","1359":"\\","1360":"\"","1361":"i","1362":"m","1363":"g","1364":"-","1365":"c","1366":"o","1367":"n","1368":"t","1369":"a","1370":"i","1371":"n","1372":"e","1373":"r","1374":"\\","1375":"\"","1376":">","1377":"\\","1378":"r","1379":"\\","1380":"n","1381":" ","1382":" ","1383":" ","1384":" ","1385":" ","1386":" ","1387":" ","1388":" ","1389":" ","1390":" ","1391":" ","1392":" ","1393":" ","1394":" ","1395":" ","1396":" ","1397":"<","1398":"i","1399":"m","1400":"g","1401":" ","1402":"s","1403":"r","1404":"c","1405":"=","1406":"\\","1407":"\"","1408":".","1409":".","1410":"/","1411":".","1412":".","1413":"/","1414":"a","1415":"s","1416":"s","1417":"e","1418":"t","1419":"s","1420":"/","1421":"i","1422":"m","1423":"a","1424":"g","1425":"e","1426":"s","1427":"/","1428":"a","1429":"f","1430":"f","1431":"a","1432":"l","1433":"d","1434":"s","1435":"i","1436":"k","1437":"o","1438":"n","1439":"e","1440":"r","1441":"/","1442":"m","1443":"e","1444":"t","1445":"a","1446":"l","1447":".","1448":"p","1449":"n","1450":"g","1451":"\\","1452":"\"","1453":" ","1454":"a","1455":"l","1456":"t","1457":"=","1458":"\\","1459":"\"","1460":"m","1461":"e","1462":"t","1463":"a","1464":"l","1465":"-","1466":"b","1467":"i","1468":"l","1469":"l","1470":"e","1471":"d","1472":"e","1473":"\\","1474":"\"","1475":">","1476":"\\","1477":"r","1478":"\\","1479":"n","1480":" ","1481":" ","1482":" ","1483":" ","1484":" ","1485":" ","1486":" ","1487":" ","1488":" ","1489":" ","1490":" ","1491":" ","1492":" ","1493":" ","1494":" ","1495":" ","1496":"<","1497":"p","1498":">","1499":"M","1500":"e","1501":"t","1502":"a","1503":"l","1504":"<","1505":"/","1506":"p","1507":">","1508":"\\","1509":"r","1510":"\\","1511":"n","1512":" ","1513":" ","1514":" ","1515":" ","1516":" ","1517":" ","1518":" ","1519":" ","1520":" ","1521":" ","1522":" ","1523":" ","1524":" ","1525":" ","1526":" ","1527":" ","1528":"<","1529":"/","1530":"d","1531":"i","1532":"v","1533":">","1534":"\\","1535":"r","1536":"\\","1537":"n","1538":" ","1539":" ","1540":" ","1541":" ","1542":" ","1543":" ","1544":" ","1545":" ","1546":" ","1547":" ","1548":" ","1549":" ","1550":"<","1551":"/","1552":"d","1553":"i","1554":"v","1555":">","1556":"\\","1557":"r","1558":"\\","1559":"n","1560":" ","1561":" ","1562":" ","1563":" ","1564":" ","1565":" ","1566":" ","1567":" ","1568":" ","1569":" ","1570":" ","1571":" ","1572":"<","1573":"d","1574":"i","1575":"v","1576":" ","1577":"c","1578":"l","1579":"a","1580":"s","1581":"s","1582":"=","1583":"\\","1584":"\"","1585":"i","1586":"m","1587":"g","1588":"-","1589":"w","1590":"r","1591":"a","1592":"p","1593":"p","1594":"e","1595":"r","1596":"2","1597":"\\","1598":"\"","1599":">","1600":"\\","1601":"r","1602":"\\","1603":"n","1604":" ","1605":" ","1606":" ","1607":" ","1608":" ","1609":" ","1610":" ","1611":" ","1612":" ","1613":" ","1614":" ","1615":" ","1616":" ","1617":" ","1618":" ","1619":" ","1620":"<","1621":"d","1622":"i","1623":"v","1624":" ","1625":"c","1626":"l","1627":"a","1628":"s","1629":"s","1630":"=","1631":"\\","1632":"\"","1633":"i","1634":"m","1635":"g","1636":"-","1637":"c","1638":"o","1639":"n","1640":"t","1641":"a","1642":"i","1643":"n","1644":"e","1645":"r","1646":"\\","1647":"\"","1648":">","1649":"\\","1650":"r","1651":"\\","1652":"n","1653":" ","1654":" ","1655":" ","1656":" ","1657":" ","1658":" ","1659":" ","1660":" ","1661":" ","1662":" ","1663":" ","1664":" ","1665":" ","1666":" ","1667":" ","1668":" ","1669":"<","1670":"i","1671":"m","1672":"g","1673":" ","1674":"s","1675":"r","1676":"c","1677":"=","1678":"\\","1679":"\"","1680":".","1681":".","1682":"/","1683":".","1684":".","1685":"/","1686":"a","1687":"s","1688":"s","1689":"e","1690":"t","1691":"s","1692":"/","1693":"i","1694":"m","1695":"a","1696":"g","1697":"e","1698":"s","1699":"/","1700":"a","1701":"f","1702":"f","1703":"a","1704":"l","1705":"d","1706":"s","1707":"i","1708":"k","1709":"o","1710":"n","1711":"e","1712":"r","1713":"/","1714":"m","1715":"a","1716":"d","1717":"a","1718":"f","1719":"f","1720":"a","1721":"l","1722":"d","1723":".","1724":"p","1725":"n","1726":"g","1727":"\\","1728":"\"","1729":" ","1730":"a","1731":"l","1732":"t","1733":"=","1734":"\\","1735":"\"","1736":"m","1737":"a","1738":"d","1739":"a","1740":"f","1741":"f","1742":"a","1743":"l","1744":"d","1745":"-","1746":"b","1747":"i","1748":"l","1749":"l","1750":"e","1751":"d","1752":"e","1753":"\\","1754":"\"","1755":">","1756":"\\","1757":"r","1758":"\\","1759":"n","1760":" ","1761":" ","1762":" ","1763":" ","1764":" ","1765":" ","1766":" ","1767":" ","1768":" ","1769":" ","1770":" ","1771":" ","1772":" ","1773":" ","1774":" ","1775":" ","1776":"<","1777":"p","1778":">","1779":"M","1780":"a","1781":"d","1782":"a","1783":"f","1784":"f","1785":"a","1786":"l","1787":"d","1788":"<","1789":"/","1790":"p","1791":">","1792":"\\","1793":"r","1794":"\\","1795":"n","1796":" ","1797":" ","1798":" ","1799":" ","1800":" ","1801":" ","1802":" ","1803":" ","1804":" ","1805":" ","1806":" ","1807":" ","1808":" ","1809":" ","1810":" ","1811":" ","1812":"<","1813":"/","1814":"d","1815":"i","1816":"v","1817":">","1818":"\\","1819":"r","1820":"\\","1821":"n","1822":" ","1823":" ","1824":" ","1825":" ","1826":" ","1827":" ","1828":" ","1829":" ","1830":" ","1831":" ","1832":" ","1833":" ","1834":" ","1835":" ","1836":" ","1837":" ","1838":"<","1839":"d","1840":"i","1841":"v","1842":" ","1843":"c","1844":"l","1845":"a","1846":"s","1847":"s","1848":"=","1849":"\\","1850":"\"","1851":"i","1852":"m","1853":"g","1854":"-","1855":"c","1856":"o","1857":"n","1858":"t","1859":"a","1860":"i","1861":"n","1862":"e","1863":"r","1864":"\\","1865":"\"","1866":">","1867":"\\","1868":"r","1869":"\\","1870":"n","1871":" ","1872":" ","1873":" ","1874":" ","1875":" ","1876":" ","1877":" ","1878":" ","1879":" ","1880":" ","1881":" ","1882":" ","1883":" ","1884":" ","1885":" ","1886":" ","1887":"<","1888":"i","1889":"m","1890":"g","1891":" ","1892":"s","1893":"r","1894":"c","1895":"=","1896":"\\","1897":"\"","1898":".","1899":".","1900":"/","1901":".","1902":".","1903":"/","1904":"a","1905":"s","1906":"s","1907":"e","1908":"t","1909":"s","1910":"/","1911":"i","1912":"m","1913":"a","1914":"g","1915":"e","1916":"s","1917":"/","1918":"a","1919":"f","1920":"f","1921":"a","1922":"l","1923":"d","1924":"s","1925":"i","1926":"k","1927":"o","1928":"n","1929":"e","1930":"r","1931":"/","1932":"r","1933":"e","1934":"s","1935":"t","1936":"a","1937":"f","1938":"f","1939":"a","1940":"l","1941":"d","1942":".","1943":"p","1944":"n","1945":"g","1946":"\\","1947":"\"","1948":" ","1949":"a","1950":"l","1951":"t","1952":"=","1953":"\\","1954":"\"","1955":"r","1956":"e","1957":"s","1958":"t","1959":"a","1960":"f","1961":"f","1962":"a","1963":"l","1964":"d","1965":"-","1966":"b","1967":"i","1968":"l","1969":"l","1970":"e","1971":"d","1972":"e","1973":"\\","1974":"\"","1975":">","1976":"\\","1977":"r","1978":"\\","1979":"n","1980":" ","1981":" ","1982":" ","1983":" ","1984":" ","1985":" ","1986":" ","1987":" ","1988":" ","1989":" ","1990":" ","1991":" ","1992":" ","1993":" ","1994":" ","1995":" ","1996":"<","1997":"p","1998":">","1999":"R","2000":"e","2001":"s","2002":"t","2003":"a","2004":"f","2005":"f","2006":"a","2007":"l","2008":"d","2009":"<","2010":"/","2011":"p","2012":">","2013":"\\","2014":"r","2015":"\\","2016":"n","2017":" ","2018":" ","2019":" ","2020":" ","2021":" ","2022":" ","2023":" ","2024":" ","2025":" ","2026":" ","2027":" ","2028":" ","2029":" ","2030":" ","2031":" ","2032":" ","2033":"<","2034":"/","2035":"d","2036":"i","2037":"v","2038":">","2039":"\\","2040":"r","2041":"\\","2042":"n","2043":" ","2044":" ","2045":" ","2046":" ","2047":" ","2048":" ","2049":" ","2050":" ","2051":" ","2052":" ","2053":" ","2054":" ","2055":"<","2056":"/","2057":"d","2058":"i","2059":"v","2060":">","2061":"\\","2062":"r","2063":"\\","2064":"n","2065":" ","2066":" ","2067":" ","2068":" ","2069":" ","2070":" ","2071":" ","2072":" ","2073":"<","2074":"/","2075":"d","2076":"i","2077":"v","2078":">","2079":"\\","2080":"r","2081":"\\","2082":"n","2083":" ","2084":" ","2085":" ","2086":" ","2087":" ","2088":" ","2089":" ","2090":" ","2091":"<","2092":"p","2093":" ","2094":"d","2095":"a","2096":"t","2097":"a","2098":"-","2099":"t","2100":"e","2101":"s","2102":"t","2103":"i","2104":"d","2105":"=","2106":"\\","2107":"\"","2108":"t","2109":"e","2110":"s","2111":"t","2112":"S","2113":"u","2114":"s","2115":"t","2116":"a","2117":"i","2118":"n","2119":"T","2120":"e","2121":"x","2122":"t","2123":"\\","2124":"\"","2125":">","2126":"{","2127":"{","2128":"s","2129":"u","2130":"s","2131":"t","2132":"a","2133":"i","2134":"n","2135":"T","2136":"e","2137":"x","2138":"t","2139":"}","2140":"}","2141":"<","2142":"/","2143":"p","2144":">","2145":"\\","2146":"r","2147":"\\","2148":"n","2149":" ","2150":" ","2151":" ","2152":" ","2153":" ","2154":" ","2155":" ","2156":" ","2157":"\\","2158":"r","2159":"\\","2160":"n","2161":"<","2162":"/","2163":"t","2164":"e","2165":"m","2166":"p","2167":"l","2168":"a","2169":"t","2170":"e","2171":">","2172":"\\","2173":"r","2174":"\\","2175":"n","2176":"\\","2177":"r","2178":"\\","2179":"n","2180":"<","2181":"s","2182":"c","2183":"r","2184":"i","2185":"p","2186":"t","2187":">","2188":"\\","2189":"r","2190":"\\","2191":"n","2192":" ","2193":" ","2194":" ","2195":" ","2196":"e","2197":"x","2198":"p","2199":"o","2200":"r","2201":"t","2202":" ","2203":"d","2204":"e","2205":"f","2206":"a","2207":"u","2208":"l","2209":"t","2210":" ","2211":"{","2212":"\\","2213":"r","2214":"\\","2215":"n","2216":" ","2217":" ","2218":" ","2219":" ","2220":" ","2221":" ","2222":" ","2223":" ","2224":"p","2225":"r","2226":"o","2227":"p","2228":"s","2229":":","2230":" ","2231":"{","2232":"\\","2233":"r","2234":"\\","2235":"n","2236":" ","2237":" ","2238":" ","2239":" ","2240":" ","2241":" ","2242":" ","2243":" ","2244":" ","2245":" ","2246":" ","2247":" ","2248":"s","2249":"u","2250":"s","2251":"t","2252":"a","2253":"i","2254":"n","2255":"T","2256":"i","2257":"t","2258":"l","2259":"e","2260":":","2261":" ","2262":"S","2263":"t","2264":"r","2265":"i","2266":"n","2267":"g","2268":",","2269":"\\","2270":"r","2271":"\\","2272":"n","2273":" ","2274":" ","2275":" ","2276":" ","2277":" ","2278":" ","2279":" ","2280":" ","2281":" ","2282":" ","2283":" ","2284":" ","2285":"s","2286":"u","2287":"s","2288":"t","2289":"a","2290":"i","2291":"n","2292":"T","2293":"e","2294":"x","2295":"t","2296":":","2297":" ","2298":"S","2299":"t","2300":"r","2301":"i","2302":"n","2303":"g","2304":",","2305":"\\","2306":"r","2307":"\\","2308":"n","2309":" ","2310":" ","2311":" ","2312":" ","2313":" ","2314":" ","2315":" ","2316":" ","2317":" ","2318":" ","2319":" ","2320":" ","2321":"h","2322":"a","2323":"v","2324":"e","2325":"I","2326":"m","2327":"a","2328":"g","2329":"e","2330":"s","2331":":","2332":" ","2333":"B","2334":"o","2335":"o","2336":"l","2337":"e","2338":"a","2339":"n","2340":",","2341":"\\","2342":"r","2343":"\\","2344":"n","2345":" ","2346":" ","2347":" ","2348":" ","2349":" ","2350":" ","2351":" ","2352":" ","2353":" ","2354":" ","2355":" ","2356":" ","2357":"h","2358":"a","2359":"v","2360":"e","2361":"L","2362":"i","2363":"n","2364":"e","2365":":","2366":" ","2367":"B","2368":"o","2369":"o","2370":"l","2371":"e","2372":"a","2373":"n","2374":"\\","2375":"r","2376":"\\","2377":"n","2378":" ","2379":" ","2380":" ","2381":" ","2382":" ","2383":" ","2384":" ","2385":" ","2386":"}","2387":",","2388":"\\","2389":"r","2390":"\\","2391":"n","2392":" ","2393":" ","2394":" ","2395":" ","2396":"}","2397":"\\","2398":"r","2399":"\\","2400":"n","2401":"<","2402":"/","2403":"s","2404":"c","2405":"r","2406":"i","2407":"p","2408":"t","2409":">","2410":"\\","2411":"r","2412":"\\","2413":"n","2414":"\\","2415":"r","2416":"\\","2417":"n","2418":"<","2419":"s","2420":"t","2421":"y","2422":"l","2423":"e","2424":" ","2425":"l","2426":"a","2427":"n","2428":"g","2429":"=","2430":"\\","2431":"\"","2432":"s","2433":"c","2434":"s","2435":"s","2436":"\\","2437":"\"","2438":" ","2439":"s","2440":"c","2441":"o","2442":"p","2443":"e","2444":"d","2445":">","2446":"\\","2447":"r","2448":"\\","2449":"n","2450":".","2451":"l","2452":"i","2453":"n","2454":"e","2455":" ","2456":"{","2457":" ","2458":"/","2459":"/","2460":"b","2461":"r","2462":"u","2463":"g","2464":"e","2465":"s","2466":" ","2467":"s","2468":"e","2469":"n","2470":"e","2471":"r","2472":"e","2473":"\\","2474":"r","2475":"\\","2476":"n","2477":" ","2478":" ","2479":" ","2480":" ","2481":"b","2482":"a","2483":"c","2484":"k","2485":"g","2486":"r","2487":"o","2488":"u","2489":"n","2490":"d","2491":"-","2492":"c","2493":"o","2494":"l","2495":"o","2496":"r","2497":":","2498":" ","2499":"$","2500":"n","2501":"e","2502":"o","2503":"n","2504":"-","2505":"t","2506":"u","2507":"r","2508":"q","2509":"u","2510":"o","2511":"i","2512":"s","2513":"e","2514":";","251
[...]
":" ","18286":" ","18287":" ","18288":" ","18289":" ","18290":" ","18291":" ","18292":" ","18293":" ","18294":" ","18295":" ","18296":" ","18297":" ","18298":" ","18299":" ","18300":" ","18301":" ","18302":" ","18303":" ","18304":" ","18305":"}","18306":"\\","18307":"r","18308":"\\","18309":"n","18310":" ","18311":" ","18312":" ","18313":" ","18314":" ","18315":" ","18316":" ","18317":" ","18318":" ","18319":" ","18320":" ","18321":" ","18322":" ","18323":" ","18324":" ","18325":" ","18326":" ","18327":" ","18328":" ","18329":" ","18330":" ","18331":" ","18332":" ","18333":" ","18334":"\\","18335":"r","18336":"\\","18337":"n","18338":" ","18339":" ","18340":" ","18341":" ","18342":" ","18343":" ","18344":" ","18345":" ","18346":" ","18347":" ","18348":" ","18349":" ","18350":" ","18351":" ","18352":" ","18353":" ","18354":" ","18355":" ","18356":" ","18357":" ","18358":" ","18359":" ","18360":" ","18361":" ","18362":"\\","18363":"r","18364":"\\","18365":"n","18366":" ","18367":" ","18368":" ","18369":" ","18370":" ","18371":" ","18372":" ","18373":" ","18374":" ","18375":" ","18376":" ","18377":" ","18378":" ","18379":" ","18380":" ","18381":" ","18382":" ","18383":" ","18384":" ","18385":" ","18386":"}","18387":"\\","18388":"r","18389":"\\","18390":"n","18391":" ","18392":" ","18393":" ","18394":" ","18395":" ","18396":" ","18397":" ","18398":" ","18399":" ","18400":" ","18401":" ","18402":" ","18403":" ","18404":" ","18405":" ","18406":" ","18407":"}","18408":"\\","18409":"r","18410":"\\","18411":"n","18412":" ","18413":" ","18414":" ","18415":" ","18416":" ","18417":" ","18418":" ","18419":" ","18420":" ","18421":" ","18422":" ","18423":" ","18424":" ","18425":" ","18426":" ","18427":" ","18428":".","18429":"r","18430":"o","18431":"w","18432":":","18433":"l","18434":"a","18435":"s","18436":"t","18437":"-","18438":"c","18439":"h","18440":"i","18441":"l","18442":"d","18443":" ","18444":"{","18445":"\\","18446":"r","18447":"\\","18448":"n","18449":" ","18450":" ","18451":" ","18452":" ","18453":" ","18454":" ","18455":" ","18456":" ","18457":" ","18458":" ","18459":" ","18460":" ","18461":" ","18462":" ","18463":" ","18464":" ","18465":" ","18466":" ","18467":" ","18468":" ","18469":"d","18470":"i","18471":"v","18472":" ","18473":"{","18474":"\\","18475":"r","18476":"\\","18477":"n","18478":" ","18479":" ","18480":" ","18481":" ","18482":" ","18483":" ","18484":" ","18485":" ","18486":" ","18487":" ","18488":" ","18489":" ","18490":" ","18491":" ","18492":" ","18493":" ","18494":" ","18495":" ","18496":" ","18497":" ","18498":" ","18499":" ","18500":" ","18501":" ","18502":"b","18503":"o","18504":"r","18505":"d","18506":"e","18507":"r","18508":"-","18509":"b","18510":"o","18511":"t","18512":"t","18513":"o","18514":"m","18515":":","18516":" ","18517":"0","18518":"p","18519":"x","18520":";","18521":"\\","18522":"r","18523":"\\","18524":"n","18525":" ","18526":" ","18527":" ","18528":" ","18529":" ","18530":" ","18531":" ","18532":" ","18533":" ","18534":" ","18535":" ","18536":" ","18537":" ","18538":" ","18539":" ","18540":" ","18541":" ","18542":" ","18543":" ","18544":" ","18545":"}","18546":"\\","18547":"r","18548":"\\","18549":"n","18550":" ","18551":" ","18552":" ","18553":" ","18554":" ","18555":" ","18556":" ","18557":" ","18558":" ","18559":" ","18560":" ","18561":" ","18562":" ","18563":" ","18564":" ","18565":" ","18566":"}","18567":"\\","18568":"r","18569":"\\","18570":"n","18571":" ","18572":" ","18573":" ","18574":" ","18575":" ","18576":" ","18577":" ","18578":" ","18579":" ","18580":" ","18581":" ","18582":" ","18583":" ","18584":" ","18585":" ","18586":" ","18587":"}","18588":"\\","18589":"r","18590":"\\","18591":"n","18592":" ","18593":" ","18594":" ","18595":" ","18596":" ","18597":" ","18598":" ","18599":" ","18600":" ","18601":" ","18602":" ","18603":" ","18604":"}","18605":"\\","18606":"r","18607":"\\","18608":"n","18609":" ","18610":" ","18611":" ","18612":" ","18613":" ","18614":" ","18615":" ","18616":" ","18617":" ","18618":" ","18619":" ","18620":" ","18621":"\\","18622":"r","18623":"\\","18624":"n","18625":" ","18626":" ","18627":" ","18628":" ","18629":" ","18630":" ","18631":" ","18632":" ","18633":"}","18634":"\\","18635":"r","18636":"\\","18637":"n","18638":" ","18639":" ","18640":" ","18641":" ","18642":"}","18643":"\\","18644":"r","18645":"\\","18646":"n","18647":"}","18648":"\\","18649":"r","18650":"\\","18651":"n","18652":"/","18653":"/","18654":"I","18655":"p","18656":"a","18657":"d","18658":" ","18659":"H","18660":"o","18661":"r","18662":"i","18663":"z","18664":"o","18665":"n","18666":"t","18667":"a","18668":"l","18669":",","18670":" ","18671":"B","18672":"u","18673":"t","18674":" ","18675":"c","18676":"o","18677":"n","18678":"t","18679":"e","18680":"n","18681":"t","18682":" ","18683":"s","18684":"t","18685":"a","18686":"y","18687":"s","18688":" ","18689":"t","18690":"h","18691":"e","18692":" ","18693":"s","18694":"a","18695":"m","18696":"e","18697":" ","18698":"a","18699":"s","18700":" ","18701":"I","18702":"p","18703":"a","18704":"d","18705":" ","18706":"V","18707":"e","18708":"r","18709":"t","18710":"i","18711":"c","18712":"a","18713":"l","18714":"\\","18715":"r","18716":"\\","18717":"n","18718":"@","18719":"m","18720":"e","18721":"d","18722":"i","18723":"a","18724":" ","18725":"s","18726":"c","18727":"r","18728":"e","18729":"e","18730":"n","18731":" ","18732":"a","18733":"n","18734":"d","18735":" ","18736":"(","18737":"m","18738":"i","18739":"n","18740":"-","18741":"w","18742":"i","18743":"d","18744":"t","18745":"h","18746":":","18747":" ","18748":"1","18749":"1","18750":"9","18751":"4","18752":"p","18753":"x","18754":" ","18755":")","18756":"{","18757":"\\","18758":"r","18759":"\\","18760":"n","18761":" ","18762":" ","18763":" ","18764":" ","18765":"\\","18766":"r","18767":"\\","18768":"n","18769":"}","18770":"\\","18771":"r","18772":"\\","18773":"n","18774":"\\","18775":"r","18776":"\\","18777":"n","18778":"/","18779":"/","18780":"D","18781":"e","18782":"s","18783":"k","18784":"t","18785":"o","18786":"p","18787":"\\","18788":"r","18789":"\\","18790":"n","18791":"@","18792":"m","18793":"e","18794":"d","18795":"i","18796":"a","18797":" ","18798":"s","18799":"c","18800":"r","18801":"e","18802":"e","18803":"n","18804":" ","18805":"a","18806":"n","18807":"d","18808":" ","18809":"(","18810":"m","18811":"i","18812":"n","18813":"-","18814":"w","18815":"i","18816":"d","18817":"t","18818":"h","18819":":","18820":" ","18821":"1","18822":"5","18823":"1","18824":"2","18825":"p","18826":"x","18827":" ","18828":")","18829":"{","18830":"\\","18831":"r","18832":"\\","18833":"n","18834":" ","18835":" ","18836":" ","18837":" ","18838":".","18839":"f","18840":"e","18841":"s","18842":"t","18843":"i","18844":"v","18845":"a","18846":"l","18847":"P","18848":"r","18849":"o","18850":"g","18851":"r","18852":"a","18853":"m","18854":"{","18855":"\\","18856":"r","18857":"\\","18858":"n","18859":" ","18860":" ","18861":" ","18862":" ","18863":" ","18864":" ","18865":" ","18866":" ","18867":"f","18868":"l","18869":"e","18870":"x","18871":"-","18872":"d","18873":"i","18874":"r","18875":"e","18876":"c","18877":"t","18878":"i","18879":"o","18880":"n","18881":":","18882":" ","18883":"r","18884":"o","18885":"w","18886":";","18887":"\\","18888":"r","18889":"\\","18890":"n","18891":"\\","18892":"r","18893":"\\","18894":"n","18895":" ","18896":" ","18897":" ","18898":" ","18899":" ","18900":" ","18901":" ","18902":" ","18903":".","18904":"s","18905":"e","18906":"c","18907":"t","18908":"i","18909":"o","18910":"n","18911":"C","18912":"o","18913":"n","18914":"t","18915":"a","18916":"i","18917":"n","18918":"e","18919":"r","18920":" ","18921":"{","18922":"\\","18923":"r","18924":"\\","18925":"n","18926":" ","18927":" ","18928":" ","18929":" ","18930":" ","18931":" ","18932":" ","18933":" ","18934":"d","18935":"i","18936":"s","18937":"p","18938":"l","18939":"a","18940":"y","18941":":","18942":" ","18943":"f","18944":"l","18945":"e","18946":"x","18947":";","18948":"\\","18949":"r","18950":"\\","18951":"n","18952":" ","18953":" ","18954":" ","18955":" ","18956":" ","18957":" ","18958":" ","18959":" ","18960":"f","18961":"l","18962":"e","18963":"x","18964":"-","18965":"d","18966":"i","18967":"r","18968":"e","18969":"c","18970":"t","18971":"i","18972":"o","18973":"n","18974":":","18975":" ","18976":"r","18977":"o","18978":"w","18979":";","18980":"\\","18981":"r","18982":"\\","18983":"n","18984":" ","18985":" ","18986":" ","18987":" ","18988":" ","18989":" ","18990":" ","18991":" ","18992":"w","18993":"i","18994":"d","18995":"t","18996":"h","18997":":","18998":" ","18999":"1","19000":"0","19001":"0","19002":"%","19003":";","19004":"\\","19005":"r","19006":"\\","19007":"n","19008":" ","19009":" ","19010":" ","19011":" ","19012":" ","19013":" ","19014":" ","19015":" ","19016":"m","19017":"a","19018":"r","19019":"g","19020":"i","19021":"n","19022":":","19023":" ","19024":"1","19025":"%","19026":" ","19027":"1","19028":"0","19029":"%","19030":";","19031":"\\","19032":"r","19033":"\\","19034":"n","19035":" ","19036":" ","19037":" ","19038":" ","19039":" ","19040":" ","19041":" ","19042":" ","19043":"\\","19044":"r","19045":"\\","19046":"n","19047":" ","19048":" ","19049":" ","19050":" ","19051":" ","19052":" ","19053":" ","19054":" ","19055":"\\","19056":"r","19057":"\\","19058":"n","19059":" ","19060":" ","19061":" ","19062":" ","19063":" ","19064":" ","19065":" ","19066":" ","19067":".","19068":"p","19069":"r","19070":"o","19071":"g","19072":"r","19073":"a","19074":"m","19075":"_","19076":"o","19077":"v","19078":"e","19079":"r","19080":"s","19081":"i","19082":"g","19083":"t","19084":"{","19085":"\\","19086":"r","19087":"\\","19088":"n","19089":" ","19090":" ","19091":" ","19092":" ","19093":" ","19094":" ","19095":" ","19096":" ","19097":" ","19098":" ","19099":" ","19100":" ","19101":"w","19102":"i","19103":"d","19104":"t","19105":"h","19106":":","19107":" ","19108":"1","19109":"0","19110":"0","19111":"%","19112":";","19113":"\\","19114":"r","19115":"\\","19116":"n","19117":"\\","19118":"r","19119":"\\","19120":"n","19121":" ","19122":" ","19123":" ","19124":" ","19125":" ","19126":" ","19127":" ","19128":" ","19129":" ","19130":" ","19131":" ","19132":" ","19133":".","19134":"p","19135":"r","19136":"o","19137":"g","19138":"r","19139":"a","19140":"m","19141":"_","19142":"o","19143":"v","19144":"e","19145":"r","19146":"s","19147":"i","19148":"g","19149":"t","19150":"-","19151":"c","19152":"o","19153":"n","19154":"t","19155":"e","19156":"n","19157":"t","19158":" ","19159":"{","19160":"\\","19161":"r","19162":"\\","19163":"n","19164":" ","19165":" ","19166":" ","19167":" ","19168":" ","19169":" ","19170":" ","19171":" ","19172":" ","19173":" ","19174":" ","19175":" ","19176":" ","19177":" ","19178":" ","19179":" ","19180":"\\","19181":"r","19182":"\\","19183":"n","19184":" ","19185":" ","19186":" ","19187":" ","19188":" ","19189":" ","19190":" ","19191":" ","19192":" ","19193":" ","19194":" ","19195":" ","19196":" ","19197":" ","19198":" ","19199":" ","19200":"h","19201":"e","19202":"a","19203":"d","19204":"e","19205":"r","19206":" ","19207":"{","19208":"\\","19209":"r","19210":"\\","19211":"n","19212":" ","19213":" ","19214":" ","19215":" ","19216":" ","19217":" ","19218":" ","19219":" ","19220":" ","19221":" ","19222":" ","19223":" ","19224":" ","19225":" ","19226":" ","19227":" ","19228":" ","19229":" ","19230":" ","19231":" ","19232":"\\","19233":"r","19234":"\\","19235":"n","19236":" ","19237":" ","19238":" ","19239":" ","19240":" ","19241":" ","19242":" ","19243":" ","19244":" ","19245":" ","19246":" ","19247":" ","19248":" ","19249":" ","19250":" ","19251":" ","19252":" ","19253":" ","19254":" ","19255":" ","19256":"d","19257":"i","19258":"v","19259":" ","19260":"{","19261":"\\","19262":"r","19263":"\\","19264":"n","19265":" ","19266":" ","19267":" ","19268":" ","19269":" ","19270":" ","19271":" ","19272":" ","19273":" ","19274":" ","19275":" ","19276":" ","19277":" ","19278":" ","19279":" ","19280":" ","19281":" ","19282":" ","19283":" ","19284":" ","19285":" ","19286":" ","19287":" ","19288":" ","19289":"\\","19290":"r","19291":"\\","19292":"n","19293":" ","19294":" ","19295":" ","19296":" ","19297":" ","19298":" ","19299":" ","19300":" ","19301":" ","19302":" ","19303":" ","19304":" ","19305":" ","19306":" ","19307":" ","19308":" ","19309":" ","19310":" ","19311":" ","19312":" ","19313":" ","19314":" ","19315":" ","19316":" ","19317":"p","19318":"{","19319":"\\","19320":"r","19321":"\\","19322":"n","19323":" ","19324":" ","19325":" ","19326":" ","19327":" ","19328":" ","19329":" ","19330":" ","19331":" ","19332":" ","19333":" ","19334":" ","19335":" ","19336":" ","19337":" ","19338":" ","19339":" ","19340":" ","19341":" ","19342":" ","19343":" ","19344":" ","19345":" ","19346":" ","19347":" ","19348":" ","19349":" ","19350":" ","19351":"t","19352":"r","19353":"a","19354":"n","19355":"s","19356":"f","19357":"o","19358":"r","19359":"m","19360":":","19361":" ","19362":"t","19363":"r","19364":"a","19365":"n","19366":"s","19367":"l","19368":"a","19369":"t","19370":"e","19371":"X","19372":"(","19373":"4","19374":"0","19375":"%","19376":")","19377":";","19378":"\\","19379":"r","19380":"\\","19381":"n","19382":" ","19383":" ","19384":" ","19385":" ","19386":" ","19387":" ","19388":" ","19389":" ","19390":" ","19391":" ","19392":" ","19393":" ","19394":" ","19395":" ","19396":" ","19397":" ","19398":" ","19399":" ","19400":" ","19401":" ","19402":" ","19403":" ","19404":" ","19405":" ","19406":"}","19407":"\\","19408":"r","19409":"\\","19410":"n","19411":" ","19412":" ","19413":" ","19414":" ","19415":" ","19416":" ","19417":" ","19418":" ","19419":" ","19420":" ","19421":" ","19422":" ","19423":" ","19424":" ","19425":" ","19426":" ","19427":" ","19428":" ","19429":" ","19430":" ","19431":" ","19432":" ","19433":" ","19434":" ","19435":"\\","19436":"r","19437":"\\","19438":"n","19439":" ","19440":" ","19441":" ","19442":" ","19443":" ","19444":" ","19445":" ","19446":" ","19447":" ","19448":" ","19449":" ","19450":" ","19451":" ","19452":" ","19453":" ","19454":" ","19455":" ","19456":" ","19457":" ","19458":" ","19459":"}","19460":"\\","19461":"r","19462":"\\","19463":"n","19464":" ","19465":" ","19466":" ","19467":" ","19468":" ","19469":" ","19470":" ","19471":" ","19472":" ","19473":" ","19474":" ","19475":" ","19476":" ","19477":" ","19478":" ","19479":" ","19480":" ","19481":" ","19482":" ","19483":" ","19484":"\\","19485":"r","19486":"\\","19487":"n","19488":" ","19489":" ","19490":" ","19491":" ","19492":" ","19493":" ","19494":" ","19495":" ","19496":" ","19497":" ","19498":" ","19499":" ","19500":" ","19501":" ","19502":" ","19503":" ","19504":"}","19505":"\\","19506":"r","19507":"\\","19508":"n","19509":" ","19510":" ","19511":" ","19512":" ","19513":" ","19514":" ","19515":" ","19516":" ","19517":" ","19518":" ","19519":" ","19520":" ","19521":" ","19522":" ","19523":" ","19524":" ","19525":".","19526":"r","19527":"o","19528":"w","19529":" ","19530":"{","19531":"\\","19532":"r","19533":"\\","19534":"n","19535":" ","19536":" ","19537":" ","19538":" ","19539":" ","19540":" ","19541":" ","19542":" ","19543":" ","19544":" ","19545":" ","19546":" ","19547":" ","19548":" ","19549":" ","19550":" ","19551":" ","19552":" ","19553":" ","19554":" ","19555":"d","19556":"i","19557":"s","19558":"p","19559":"l","19560":"a","19561":"y","19562":":","19563":" ","19564":"t","19565":"a","19566":"b","19567":"l","19568":"e","19569":"-","19570":"r","19571":"o","19572":"w","19573":";","19574":"\\","19575":"r","19576":"\\","19577":"n","19578":" ","19579":" ","19580":" ","19581":" ","19582":" ","19583":" ","19584":" ","19585":" ","19586":" ","19587":" ","19588":" ","19589":" ","19590":" ","19591":" ","19592":" ","19593":" ","19594":" ","19595":" ","19596":" ","19597":" ","19598":"t","19599":"e","19600":"x","19601":"t","19602":"-","19603":"a","19604":"l","19605":"i","19606":"g","19607":"n","19608":":","19609":" ","19610":"l","19611":"e","19612":"f","19613":"t","19614":";","19615":"\\","19616":"r","19617":"\\","19618":"n","19619":" ","19620":" ","19621":" ","19622":" ","19623":" ","19624":" ","19625":" ","19626":" ","19627":" ","19628":" ","19629":" ","19630":" ","19631":" ","19632":" ","19633":" ","19634":" ","19635":" ","19636":" ","19637":" ","19638":" ","19639":"\\","19640":"r","19641":"\\","19642":"n","19643":" ","19644":" ","19645":" ","19646":" ","19647":" ","19648":" ","19649":" ","19650":" ","19651":" ","19652":" ","19653":" ","19654":" ","19655":" ","19656":" ","19657":" ","19658":" ","19659":"}","19660":"\\","19661":"r","19662":"\\","19663":"n","19664":" ","19665":" ","19666":" ","19667":" ","19668":" ","19669":" ","19670":" ","19671":" ","19672":" ","19673":" ","19674":" ","19675":" ","19676":" ","19677":" ","19678":" ","19679":" ","19680":".","19681":"r","19682":"o","19683":"w","19684":":","19685":"l","19686":"a","19687":"s","19688":"t","19689":"-","19690":"c","19691":"h","19692":"i","19693":"l","19694":"d","19695":" ","19696":"{","19697":"\\","19698":"r","19699":"\\","19700":"n","19701":" ","19702":" ","19703":" ","19704":" ","19705":" ","19706":" ","19707":" ","19708":" ","19709":" ","19710":" ","19711":" ","19712":" ","19713":" ","19714":" ","19715":" ","19716":" ","19717":" ","19718":" ","19719":" ","19720":" ","19721":"d","19722":"i","19723":"v","19724":" ","19725":"{","19726":"\\","19727":"r","19728":"\\","19729":"n","19730":" ","19731":" ","19732":" ","19733":" ","19734":" ","19735":" ","19736":" ","19737":" ","19738":" ","19739":" ","19740":" ","19741":" ","19742":" ","19743":" ","19744":" ","19745":" ","19746":" ","19747":" ","19748":" ","19749":" ","19750":" ","19751":" ","19752":" ","19753":" ","19754":"b","19755":"o","19756":"r","19757":"d","19758":"e","19759":"r","19760":"-","19761":"b","19762":"o","19763":"t","19764":"t","19765":"o","19766":"m","19767":":","19768":" ","19769":"0","19770":"p","19771":"x","19772":";","19773":"\\","19774":"r","19775":"\\","19776":"n","19777":" ","19778":" ","19779":" ","19780":" ","19781":" ","19782":" ","19783":" ","19784":" ","19785":" ","19786":" ","19787":" ","19788":" ","19789":" ","19790":" ","19791":" ","19792":" ","19793":" ","19794":" ","19795":" ","19796":" ","19797":"}","19798":"\\","19799":"r","19800":"\\","19801":"n","19802":" ","19803":" ","19804":" ","19805":" ","19806":" ","19807":" ","19808":" ","19809":" ","19810":" ","19811":" ","19812":" ","19813":" ","19814":" ","19815":" ","19816":" ","19817":" ","19818":"}","19819":"\\","19820":"r","19821":"\\","19822":"n","19823":" ","19824":" ","19825":" ","19826":" ","19827":" ","19828":" ","19829":" ","19830":" ","19831":" ","19832":" ","19833":" ","19834":" ","19835":" ","19836":" ","19837":" ","19838":" ","19839":"}","19840":"\\","19841":"r","19842":"\\","19843":"n","19844":" ","19845":" ","19846":" ","19847":" ","19848":" ","19849":" ","19850":" ","19851":" ","19852":" ","19853":" ","19854":" ","19855":" ","19856":"}","19857":"\\","19858":"r","19859":"\\","19860":"n","19861":" ","19862":" ","19863":" ","19864":" ","19865":" ","19866":" ","19867":" ","19868":" ","19869":" ","19870":" ","19871":" ","19872":" ","19873":"\\","19874":"r","19875":"\\","19876":"n","19877":" ","19878":" ","19879":" ","19880":" ","19881":" ","19882":" ","19883":" ","19884":" ","19885":"}","19886":"\\","19887":"r","19888":"\\","19889":"n","19890":" ","19891":" ","19892":" ","19893":" ","19894":"}","19895":"\\","19896":"r","19897":"\\","19898":"n","19899":"\\","19900":"r","19901":"\\","19902":"n","19903":"\\","19904":"r","19905":"\\","19906":"n","19907":"}","19908":"\\","19909":"r","19910":"\\","19911":"n","19912":"\\","19913":"r","19914":"\\","19915":"n","19916":"<","19917":"/","19918":"s","19919":"t","19920":"y","19921":"l","19922":"e","19923":">","19924":"\\","19925":"r","19926":"\\","19927":"n","19928":"\"","19929":"]","19930":"}"},"_coverageSchema":"1a1c01bbd47fc00a2c39e90264f33305004495a9","hash":"f231249c535c2bc4be15ffe049073af74250cccd"}
}
