TN:
SF:src\client.js
FNF:0
FNH:0
LF:0
LH:0
BRF:0
BRH:0
end_of_record
TN:
SF:src\assets\affaldsikoner\glas.png
FNF:0
FNH:0
DA:1,1
LF:1
LH:1
BRF:0
BRH:0
end_of_record
TN:
SF:src\assets\affaldsikoner\madaffald.png
FNF:0
FNH:0
DA:1,1
LF:1
LH:1
BRF:0
BRH:0
end_of_record
TN:
SF:src\assets\affaldsikoner\metal.png
FNF:0
FNH:0
DA:1,1
LF:1
LH:1
BRF:0
BRH:0
end_of_record
TN:
SF:src\assets\affaldsikoner\plast.png
FNF:0
FNH:0
DA:1,1
LF:1
LH:1
BRF:0
BRH:0
end_of_record
TN:
SF:src\assets\affaldsikoner\restaffald.png
FNF:0
FNH:0
DA:1,1
LF:1
LH:1
BRF:0
BRH:0
end_of_record
TN:
SF:src\assets\hands\orangehands.png
FNF:0
FNH:0
DA:1,1
LF:1
LH:1
BRF:0
BRH:0
end_of_record
TN:
SF:src\assets\hands\orangehandsweb.png
FNF:0
FNH:0
DA:1,1
LF:1
LH:1
BRF:0
BRH:0
end_of_record
TN:
SF:src\components\FaqItem.vue
FN:13,(anonymous_0)
FN:19,(anonymous_1)
FN:24,(anonymous_2)
FN:51,render
FN:55,(anonymous_4)
FN:60,(anonymous_5)
FNF:6
FNH:3
FNDA:2,(anonymous_0)
FNDA:0,(anonymous_1)
FNDA:2,(anonymous_2)
FNDA:2,render
FNDA:0,(anonymous_4)
FNDA:0,(anonymous_5)
DA:4,1
DA:7,1
DA:8,1
DA:14,2
DA:20,0
DA:25,2
DA:33,1
DA:35,1
DA:38,1
DA:39,1
DA:40,1
DA:43,1
DA:47,1
DA:52,2
DA:56,0
DA:61,0
DA:66,1
LF:17
LH:14
BRDA:55,0,0,2
BRDA:55,0,1,2
BRDA:56,1,0,0
BRDA:56,1,1,0
BRDA:60,2,0,2
BRDA:60,2,1,2
BRDA:61,3,0,0
BRDA:61,3,1,0
BRF:8
BRH:4
end_of_record
TN:
SF:src\components\HelloWorld.vue
FN:27,render
FNF:1
FNH:1
FNDA:1,render
DA:4,1
DA:7,1
DA:8,1
DA:16,1
DA:18,1
DA:21,1
DA:22,1
DA:23,1
DA:26,1
DA:28,1
DA:29,1
LF:11
LH:11
BRF:0
BRH:0
end_of_record
TN:
SF:src\components\SectionHeader.vue
FN:16,(anonymous_0)
FN:19,(anonymous_1)
FN:24,(anonymous_2)
FN:54,render
FNF:4
FNH:4
FNDA:1,(anonymous_0)
FNDA:1,(anonymous_1)
FNDA:1,(anonymous_2)
FNDA:1,render
DA:4,1
DA:7,1
DA:8,1
DA:17,1
DA:20,1
DA:25,1
DA:27,0
DA:29,0
DA:31,1
DA:33,0
DA:35,0
DA:42,1
DA:44,1
DA:47,1
DA:48,1
DA:49,1
DA:50,1
DA:51,1
DA:55,1
DA:72,1
LF:20
LH:16
BRDA:25,0,0,0
BRDA:25,0,1,0
BRDA:25,0,2,1
BRDA:25,0,3,0
BRDA:25,0,4,0
BRF:5
BRH:1
end_of_record
TN:
SF:src\components\infoItem.vue
FN:26,render
FNF:1
FNH:1
FNDA:1,render
DA:4,1
DA:7,1
DA:8,1
DA:16,1
DA:18,1
DA:21,1
DA:22,1
DA:23,1
DA:27,1
DA:28,1
LF:10
LH:10
BRF:0
BRH:0
end_of_record
TN:
SF:src\components\sustainItem.vue
FN:39,render
FNF:1
FNH:1
FNDA:1,render
DA:4,1
DA:7,1
DA:8,1
DA:18,1
DA:20,1
DA:21,1
DA:24,1
DA:25,1
DA:26,1
DA:27,1
DA:28,1
DA:29,1
DA:30,1
DA:31,1
DA:35,1
DA:36,1
DA:40,1
DA:41,1
LF:18
LH:18
BRDA:40,0,0,0
BRDA:40,0,1,1
BRF:2
BRH:1
end_of_record
TN:
SF:src\views\ProgramOversigt.vue
FN:225,render
FN:233,(anonymous_1)
FN:239,(anonymous_2)
FN:246,(anonymous_3)
FN:251,(anonymous_4)
FNF:5
FNH:2
FNDA:2,render
FNDA:1,(anonymous_1)
FNDA:0,(anonymous_2)
FNDA:0,(anonymous_3)
FNDA:0,(anonymous_4)
DA:4,1
DA:5,1
DA:8,1
DA:9,1
DA:16,1
DA:140,1
DA:142,1
DA:145,1
DA:146,1
DA:147,1
DA:150,1
DA:153,1
DA:157,1
DA:161,1
DA:164,1
DA:165,1
DA:166,1
DA:169,1
DA:172,1
DA:181,1
DA:184,1
DA:187,1
DA:190,1
DA:193,1
DA:196,1
DA:197,1
DA:198,1
DA:201,1
DA:204,1
DA:213,1
DA:216,1
DA:219,1
DA:222,1
DA:226,2
DA:227,2
DA:234,1
DA:240,0
DA:247,0
DA:252,0
DA:257,1
LF:40
LH:37
BRDA:231,0,0,2
BRDA:231,0,1,0
BRDA:231,1,0,0
BRDA:231,1,1,2
BRDA:233,2,0,2
BRDA:233,2,1,1
BRDA:234,3,0,1
BRDA:234,3,1,1
BRDA:246,4,0,2
BRDA:246,4,1,1
BRDA:247,5,0,0
BRDA:247,5,1,0
BRF:12
BRH:8
end_of_record
