TN:
SF:src\client.js
FNF:0
FNH:0
LF:0
LH:0
BRF:0
BRH:0
end_of_record
TN:
SF:src\assets\images\affaldsikoner\glas.png
FNF:0
FNH:0
DA:1,1
LF:1
LH:1
BRF:0
BRH:0
end_of_record
TN:
SF:src\assets\images\affaldsikoner\madaffald.png
FNF:0
FNH:0
DA:1,1
LF:1
LH:1
BRF:0
BRH:0
end_of_record
TN:
SF:src\assets\images\affaldsikoner\metal.png
FNF:0
FNH:0
DA:1,1
LF:1
LH:1
BRF:0
BRH:0
end_of_record
TN:
SF:src\assets\images\affaldsikoner\plast.png
FNF:0
FNH:0
DA:1,1
LF:1
LH:1
BRF:0
BRH:0
end_of_record
TN:
SF:src\assets\images\affaldsikoner\restaffald.png
FNF:0
FNH:0
DA:1,1
LF:1
LH:1
BRF:0
BRH:0
end_of_record
TN:
SF:src\assets\images\hands\orangehands.png
FNF:0
FNH:0
DA:1,1
LF:1
LH:1
BRF:0
BRH:0
end_of_record
TN:
SF:src\assets\images\hands\orangehandsweb.png
FNF:0
FNH:0
DA:1,1
LF:1
LH:1
BRF:0
BRH:0
end_of_record
TN:
SF:src\components\Info\FaqItem.vue
FN:13,(anonymous_0)
FN:19,(anonymous_1)
FN:24,(anonymous_2)
FN:51,render
FN:55,(anonymous_4)
FN:60,(anonymous_5)
FNF:6
FNH:3
FNDA:2,(anonymous_0)
FNDA:0,(anonymous_1)
FNDA:2,(anonymous_2)
FNDA:2,render
FNDA:0,(anonymous_4)
FNDA:0,(anonymous_5)
DA:4,1
DA:7,1
DA:8,1
DA:14,2
DA:20,0
DA:25,2
DA:33,1
DA:35,1
DA:38,1
DA:39,1
DA:40,1
DA:43,1
DA:47,1
DA:52,2
DA:56,0
DA:61,0
DA:66,1
LF:17
LH:14
BRDA:55,0,0,2
BRDA:55,0,1,2
BRDA:56,1,0,0
BRDA:56,1,1,0
BRDA:60,2,0,2
BRDA:60,2,1,2
BRDA:61,3,0,0
BRDA:61,3,1,0
BRF:8
BRH:4
end_of_record
TN:
SF:src\components\Info\infoItem.vue
FN:26,render
FNF:1
FNH:1
FNDA:1,render
DA:4,1
DA:7,1
DA:8,1
DA:16,1
DA:18,1
DA:21,1
DA:22,1
DA:23,1
DA:27,1
DA:28,1
LF:10
LH:10
BRF:0
BRH:0
end_of_record
TN:
SF:src\components\Info\sustainItem.vue
FN:39,render
FNF:1
FNH:1
FNDA:1,render
DA:4,1
DA:7,1
DA:8,1
DA:18,1
DA:20,1
DA:21,1
DA:24,1
DA:25,1
DA:26,1
DA:27,1
DA:28,1
DA:29,1
DA:30,1
DA:31,1
DA:35,1
DA:36,1
DA:40,1
DA:41,1
LF:18
LH:18
BRDA:40,0,0,0
BRDA:40,0,1,1
BRF:2
BRH:1
end_of_record
TN:
SF:src\components\Layout\SectionHeader.vue
FN:16,(anonymous_0)
FN:19,(anonymous_1)
FN:24,(anonymous_2)
FN:54,render
FNF:4
FNH:4
FNDA:1,(anonymous_0)
FNDA:1,(anonymous_1)
FNDA:1,(anonymous_2)
FNDA:1,render
DA:4,1
DA:7,1
DA:8,1
DA:17,1
DA:20,1
DA:25,1
DA:27,0
DA:29,0
DA:31,1
DA:33,0
DA:35,0
DA:42,1
DA:44,1
DA:47,1
DA:48,1
DA:49,1
DA:50,1
DA:51,1
DA:55,1
DA:72,1
LF:20
LH:16
BRDA:25,0,0,0
BRDA:25,0,1,0
BRDA:25,0,2,1
BRDA:25,0,3,0
BRDA:25,0,4,0
BRF:5
BRH:1
end_of_record
TN:
SF:src\views\ProgramOversigt.vue
FN:227,render
FN:235,(anonymous_1)
FN:241,(anonymous_2)
FN:248,(anonymous_3)
FN:253,(anonymous_4)
FNF:5
FNH:2
FNDA:2,render
FNDA:1,(anonymous_1)
FNDA:0,(anonymous_2)
FNDA:0,(anonymous_3)
FNDA:0,(anonymous_4)
DA:4,1
DA:5,1
DA:8,1
DA:9,1
DA:16,1
DA:142,1
DA:144,1
DA:147,1
DA:148,1
DA:149,1
DA:152,1
DA:155,1
DA:159,1
DA:163,1
DA:166,1
DA:167,1
DA:168,1
DA:171,1
DA:174,1
DA:183,1
DA:186,1
DA:189,1
DA:192,1
DA:195,1
DA:198,1
DA:199,1
DA:200,1
DA:203,1
DA:206,1
DA:215,1
DA:218,1
DA:221,1
DA:224,1
DA:228,2
DA:229,2
DA:236,1
DA:242,0
DA:249,0
DA:254,0
DA:259,1
LF:40
LH:37
BRDA:233,0,0,2
BRDA:233,0,1,0
BRDA:233,1,0,0
BRDA:233,1,1,2
BRDA:235,2,0,2
BRDA:235,2,1,1
BRDA:236,3,0,1
BRDA:236,3,1,1
BRDA:248,4,0,2
BRDA:248,4,1,1
BRDA:249,5,0,0
BRDA:249,5,1,0
BRF:12
BRH:8
end_of_record
